Reused Cristiano_Ronaldo -> cristiano-ronaldo-922d9da8.jpg
Reused Lionel_Messi -> lionel-messi-4579e864.jpg
Reused Kylian_Mbapp%C3%A9 -> kylian-mbappe-cc842006.jpg
Reused Erling_Haaland -> erling-haaland-bd686495.jpg
Reused Mohamed_Salah -> mohamed-salah-9905971b.jpg
Reused Kevin_De_Bruyne -> kevin-de-bruyne-2c60f5db.png
Reused Neymar -> neymar-e9cd910e.jpg
Reused Sadio_Man%C3%A9 -> sadio-mane-8d416f38.jpg
Reused Zinedine_Zidane -> zinedine-zidane-e50461b8.jpg
Reused Ronaldo_(Brazilian_footballer) -> ronaldo-brazilian-footballer-765da738.jpg
Reused Marco_van_Basten -> marco-van-basten-30a2aeef.jpg
Reused Manuel_Neuer -> manuel-neuer-7679a102.jpg
Reused Thierry_Henry -> thierry-henry-2c210a2a.jpg
Reused Gareth_Bale -> gareth-bale-8a2b2bb5.jpg
Reused George_Weah -> george-weah-a517f661.jpg
Reused Zlatan_Ibrahimovi%C4%87 -> zlatan-ibrahimovic-f6f9aa93.jpg
Reused Sergio_Ag%C3%BCero -> sergio-aguero-b4cdde03.jpg
Reused Bruno_Fernandes -> bruno-fernandes-81da8d90.jpg
Reused David_Beckham -> david-beckham-2f1d6af1.jpg
Reused Johan_Cruyff -> johan-cruyff-5413fde7.jpg
Reused Dani_Alves -> dani-alves-4e5615cf.jpg
Reused Francesco_Totti -> francesco-totti-a5d1ff22.jpg
Reused Gerd_M%C3%BCller -> gerd-muller-68efe120.jpg
Reused Iker_Casillas -> iker-casillas-0179b6fb.jpg
Reused Harry_Kane -> harry-kane-4bc8b241.jpg
Reused %C3%81ngel_Di_Mar%C3%ADa -> angel-di-maria-8edf18a9.jpg
Reused Rapha%C3%ABl_Varane -> raphael-varane-a26ebd83.jpg
Reused Ra%C3%BAl_(footballer) -> raul-footballer-66e067d9.jpg
Reused Luka_Modri%C4%87 -> luka-modric-dd78ede8.jpg
Reused Diego_Maradona -> diego-maradona-a63520f1.jpg
Reused Pel%C3%A9 -> pele-e4e5f4c0.jpg
Reused Ferenc_Pusk%C3%A1s -> ferenc-puskas-97a9eeba.jpg
Reused Virgil_van_Dijk -> virgil-van-dijk-9458ae18.jpg
Reused Didier_Drogba -> didier-drogba-8449c010.jpg
Reused Ali_Daei -> ali-daei-473ccc36.jpg
Reused Alfredo_Di_St%C3%A9fano -> alfredo-di-stefano-7032398c.jpg
Reused Xavi -> xavi-6a6241f6.jpg
Reused Walter_White_(Breaking_Bad) -> walter-white-breaking-bad-f9425159.png
Reused Michael_Scofield -> michael-scofield-cd88268f.jpeg
Reused Daenerys_Targaryen -> daenerys-targaryen-38a0ecf3.jpg
Reused Sheldon_Cooper -> sheldon-cooper-e10500a1.jpg
Reused Dexter_Morgan -> dexter-morgan-6bc67b63.webp
Reused Ragnar_Lothbrok -> ragnar-lothbrok-bbe3f500.jpg
Reused Barry_Allen_(Arrowverse) -> barry-allen-arrowverse-86ade936.jpg
Reused Rick_Grimes -> rick-grimes-87e8bed9.jpg
Reused Harvey_Specter -> harvey-specter-c7c60178.jpg
Reused Negan -> negan-21ee3547.png
Reused Eleven_(Stranger_Things) -> eleven-stranger-things-c843d7fa.png
Reused Jon_Snow_(character) -> jon-snow-character-b50803c7.png
Reused Michael_Scott_(The_Office) -> michael-scott-the-office-e7eb964a.png
Reused Dwight_Schrute -> dwight-schrute-81b8fcbe.jpg
Reused Saul_Goodman -> saul-goodman-04fd724c.png
Reused Fox_Mulder -> fox-mulder-478a37de.png
Reused Gregory_House -> gregory-house-5fae7d38.png
Reused Night_King -> night-king-6e95952f.jpg
Reused Rachel_Zane -> rachel-zane-79cf9424.jpg
Reused Alexander_Mahone -> alexander-mahone-6e53ec21.jpg
Reused Raj_Koothrappali -> raj-koothrappali-5daf5b78.jpg
Reused Vecna_(Stranger_Things) -> vecna-stranger-things-c66fb232.jpg
Reused Gus_Fring -> gus-fring-bd364b28.png
Reused Tyrion_Lannister -> tyrion-lannister-989ee81a.jpg
Reused Cersei_Lannister -> cersei-lannister-fb6e7372.jpg
Reused Sansa_Stark -> sansa-stark-382fb62b.jpg
Reused Billy_Butcher -> billy-butcher-88ef1818.jpg
Reused Steve_Harrington -> steve-harrington-fa0b4779.jpg
Reused Dustin_Henderson -> dustin-henderson-0ed03554.webp
Reused Jim_Halpert -> jim-halpert-eb06836e.jpg
Reused Jimmy_McGill -> jimmy-mcgill-08cc0126.png
Reused Norman_Bates -> norman-bates-a397801b.jpg
Reused Joffrey_Baratheon -> joffrey-baratheon-135c1867.jpg
Reused Jesse_Pinkman -> jesse-pinkman-edf11582.png
Reused Ron_Swanson -> ron-swanson-33de133c.jpg
Reused Thomas_Magnum -> thomas-magnum-37203d51.png
Reused Josh_Lyman -> josh-lyman-99313cff.jpg
Reused Nancy_Botwin -> nancy-botwin-9be31e3c.png
Reused James_T._Kirk -> james-t-kirk-2b634b98.jpg
Reused Robin_Scherbatsky -> robin-scherbatsky-b28c4a24.png
Reused Leslie_Knope -> leslie-knope-2ff7e77e.png
Reused Mike_Ehrmantraut -> mike-ehrmantraut-a697bc33.png
Reused Chandler_Bing -> chandler-bing-2aa63cd4.png
Reused Monica_Geller -> monica-geller-b4be7916.jpg
Reused Phoebe_Buffay -> phoebe-buffay-0248b1ba.jpg
Reused Ross_Geller -> ross-geller-70a22bca.jpg
Reused Penny_(The_Big_Bang_Theory) -> penny-the-big-bang-theory-76453989.jpg
Reused Ted_Mosby -> ted-mosby-68b46d7d.jpg
Reused Saitama_(One-Punch_Man) -> saitama-one-punch-man-57f29834.png
Reused Naruto_Uzumaki -> naruto-uzumaki-1522810d.png
Reused Light_Yagami -> light-yagami-39470e13.jpg
Reused Eren_Yeager -> eren-yeager-66c810f2.png
Reused Levi_Ackerman -> levi-ackerman-95134406.png
Reused Tanjiro_Kamado -> tanjiro-kamado-bb7db887.png
Reused Vegeta_(Dragon_Ball) -> vegeta-dragon-ball-16e15e39.jpg
Reused Yuji_Itadori -> yuji-itadori-410c26c6.png
Reused All_Might -> all-might-d0046737.jpg
Reused Monkey_D._Luffy -> monkey-d-luffy-9f9354e3.png
Reused Ichigo_Kurosaki -> ichigo-kurosaki-13b3ec6b.jpg
Reused Killua_Zoldyck -> killua-zoldyck-b87e03f1.png
Reused Gon_Freecss -> gon-freecss-171c9b52.png
Reused Roronoa_Zoro -> roronoa-zoro-fb09bcff.jpg
Reused Nami_(One_Piece) -> nami-one-piece-1324622b.jpg
Reused Meruem -> meruem-2a3e9f55.png
Reused Nagato_(Naruto) -> nagato-naruto-acdecc17.png
Reused Beerus -> beerus-56868aa7.png
Reused Gohan -> gohan-6fb4393d.jpg
Reused Kyojuro_Rengoku -> kyojuro-rengoku-71696bce.png
Reused Satoru_Gojo -> satoru-gojo-135bdc6e.png
Reused Kenshin_Himura -> kenshin-himura-3ea89ee4.jpg
Reused Ryomen_Sukuna -> ryomen-sukuna-5a6095ff.webp
Reused Lelouch_vi_Britannia -> lelouch-vi-britannia-b2d22d6b.png
Reused Cell_(Dragon_Ball) -> cell-dragon-ball-f7f5db3f.png
Reused Jonathan_Joestar -> jonathan-joestar-3860e855.png
Reused Edward_Elric -> edward-elric-d610520a.jpg
Reused Kakashi_Hatake -> kakashi-hatake-2b21675d.jpg
Reused Jotaro_Kujo -> jotaro-kujo-ad6ec0b9.png
Reused Power_(Chainsaw_Man) -> power-chainsaw-man-7aea666d.png
Reused Erwin_Smith -> erwin-smith-20317a61.jpg
Reused Reiner_Braun -> reiner-braun-ef5f6ed8.jpg
Reused Dio_Brando -> dio-brando-20d4a033.jpg
Reused Akame_(character) -> akame-character-bc36bcb7.jpg
Reused Natsu_Dragneel -> natsu-dragneel-9ac35068.jpg
Reused Lucy_Heartfilia -> lucy-heartfilia-7294b5aa.jpg
Reused Roy_Mustang -> roy-mustang-25c8c31c.jpg
Reused Sanosuke_Sagara -> sanosuke-sagara-301f2972.jpg
Reused Arceus -> arceus-6697c17e.png
Reused Madara_Uchiha -> madara-uchiha-8859a6ca.jpg
Reused Sosuke_Aizen -> sosuke-aizen-4e8f002e.jpg
Reused Griffith_(Berserk) -> griffith-berserk-66aa741c.png
Reused Guts_(Berserk) -> guts-berserk-998875c3.png
Reused Denji_(Chainsaw_Man) -> denji-chainsaw-man-ec1a0b1a.png
Reused Mikasa_Ackerman -> mikasa-ackerman-887c7133.png
Reused L_(Death_Note) -> l-death-note-17b0dd2c.png
Reused Sasuke_Uchiha -> sasuke-uchiha-a0b292a3.jpg
Reused Iron_Man_(Marvel_Cinematic_Universe) -> iron-man-marvel-cinematic-universe-b1c7fa37.jpg
Reused Luke_Skywalker -> luke-skywalker-2d1d4d4b.jpg
Reused Ariel_(The_Little_Mermaid) -> ariel-the-little-mermaid-0f3fd129.png
Reused Simba -> simba-ce999b85.png
Reused Mary_Poppins_(character) -> mary-poppins-character-45e45bea.jpg
Reused Shrek_(character) -> shrek-character-538409f9.png
Reused Moana_(Disney) -> moana-disney-a6cd63fc.png
Reused WALL-E_(character) -> wall-e-character-f0e029b4.png
Reused Thanos -> thanos-07a26269.png
Reused Neo_(The_Matrix) -> neo-the-matrix-3edcfdad.jpg
Reused Elsa_(Frozen) -> elsa-frozen-d16c8f7c.png
Reused Mufasa -> mufasa-f23154be.webp
Reused Darth_Vader -> darth-vader-e064b5bd.jpg
Reused Spider-Man_(Marvel_Cinematic_Universe) -> spider-man-marvel-cinematic-universe-5aecfc64.jpg
Reused Harry_Potter_(character) -> harry-potter-character-0d32fdc7.jpg
Reused Terminator_(character) -> terminator-character-07090414.jpg
Reused John_Wick_(character) -> john-wick-character-755fd66c.jpeg
Reused Colonel_Kurtz -> colonel-kurtz-26087f46.jpg
Reused Hannibal_Lecter -> hannibal-lecter-a2432c17.jpg
Reused Annie_Wilkes -> annie-wilkes-6f09c4e7.jpg
Reused Magneto_(film_series_character) -> magneto-film-series-character-ec6706c9.webp
Reused Anton_Chigurh -> anton-chigurh-e62eadaa.jpg
Reused John_Hammond_(Jurassic_Park) -> john-hammond-jurassic-park-b45b167e.webp
Reused Joker_(2019_film) -> joker-2019-film-7e27b124.jpg
Reused Indiana_Jones_(character) -> indiana-jones-character-e5f7cff2.jpg
Reused Ethan_Hunt -> ethan-hunt-cb7f36bd.jpg
Reused Rocky_Balboa -> rocky-balboa-0b2525d8.jpeg
Reused Katniss_Everdeen -> katniss-everdeen-c099c289.jpg
Reused Morpheus_(The_Matrix) -> morpheus-the-matrix-980001f4.jpg
Reused Voldemort -> voldemort-f591a2fb.jpg
Reused Jack_Sparrow -> jack-sparrow-9f29a835.jpg
Reused William_Wallace_(Braveheart) -> william-wallace-braveheart-0163eaba.jpg
Reused Willy_Wonka -> willy-wonka-5ed73904.jpg
Reused T-1000 -> t-1000-bb202164.jpg
Reused Donnie_Darko_(character) -> donnie-darko-character-1199bb46.jpg
Reused The_Bride_(Kill_Bill) -> the-bride-kill-bill-e08ac370.jpg
Reused L%C3%A9on_Montana -> leon-montana-87d691bc.jpg
Reused Star-Lord -> star-lord-8ff1707b.png
Reused Vito_Corleone -> vito-corleone-4a24cc2c.png
Reused Marty_McFly -> marty-mcfly-fb3f0586.jpg
Reused Sarah_Connor_(Terminator) -> sarah-connor-terminator-fb6fb28b.jpg
Reused Ripley_(Alien) -> ripley-alien-3401f107.jpg
Reused Clarice_Starling -> clarice-starling-2f7acaa3.jpg
Reused Han_Solo -> han-solo-2b971bca.jpg
Reused Thor_(Marvel_Cinematic_Universe) -> thor-marvel-cinematic-universe-0487ad25.jpg
Reused Pennywise_(character) -> pennywise-character-9940f579.png
Reused Charles_Foster_Kane -> charles-foster-kane-309a38f2.jpg
Reused John_McClane -> john-mcclane-d5915a8b.jpg
Reused Big_Ben -> big-ben-2a8438ae.jpg
Reused Eiffel_Tower -> eiffel-tower-aeccf977.jpg
Reused Colosseum -> colosseum-a56c63f0.jpg
Reused Statue_of_Liberty -> statue-of-liberty-fa71a4c5.jpg
Reused Giza_pyramid_complex -> giza-pyramid-complex-d3990ac4.jpg
Reused Great_Wall_of_China -> great-wall-of-china-dd7c71bc.jpg
Reused Taj_Mahal -> taj-mahal-9ef95e81.jpeg
Reused Sydney_Opera_House -> sydney-opera-house-f976a22e.jpg
Reused Brandenburg_Gate -> brandenburg-gate-cce655c0.jpg
Reused Christ_the_Redeemer_(statue) -> christ-the-redeemer-statue-f8b9b2b2.jpg
Reused Machu_Picchu -> machu-picchu-1b5cba6c.jpg
Reused Mount_Fuji -> mount-fuji-c6097232.jpg
Reused Chichen_Itza -> chichen-itza-6eb16180.jpg
Reused Burj_Khalifa -> burj-khalifa-7dc3b1a0.jpg
Reused Saint_Basil%27s_Cathedral -> saint-basil-s-cathedral-076d8124.jpg
Reused Petra -> petra-25d429c4.jpg
Reused Hagia_Sophia -> hagia-sophia-14fb60cc.jpeg
Reused Angkor_Wat -> angkor-wat-3f9fde2f.jpg
Reused Mount_Everest -> mount-everest-b080bac0.jpg
Reused Mount_Kilimanjaro -> mount-kilimanjaro-5ab466e0.jpg
Reused Sagrada_Fam%C3%ADlia -> sagrada-familia-5d02b064.jpg
Reused Parthenon -> parthenon-c24d98bd.jpg
Reused Table_Mountain -> table-mountain-393c419b.jpg
Reused Niagara_Falls -> niagara-falls-79e0457a.jpg
Reused H%E1%BA%A1_Long_Bay -> ha-long-bay-bd93ffd3.jpg
Reused Neuschwanstein_Castle -> neuschwanstein-castle-abee2961.jpg
Reused Borobudur -> borobudur-9869ab34.jpg
Reused Blue_Lagoon_(geothermal_spa) -> blue-lagoon-geothermal-spa-a3fe54ed.jpg
Reused Petronas_Towers -> petronas-towers-0306fe01.png
Reused Marina_Bay_Sands -> marina-bay-sands-096f91a2.jpg
Reused Wat_Arun -> wat-arun-070ee1e6.jpg
Reused Iguazu_Falls -> iguazu-falls-6425b701.jpg
Reused Atomium -> atomium-88dd7481.jpg
Reused Plitvice_Lakes_National_Park -> plitvice-lakes-national-park-580a56eb.jpg
Reused Lake_Bled -> lake-bled-482402cf.jpg
Reused Cappadocia -> cappadocia-4a1b98b9.jpg
Reused Milford_Sound -> milford-sound-f19a0068.jpg
Reused Preikestolen -> preikestolen-92492ac4.jpg
Reused Matterhorn -> matterhorn-bc536f25.jpg
Reused Sch%C3%B6nbrunn_Palace -> schonbrunn-palace-df960619.jpg
Reused Bran_Castle -> bran-castle-f6a6fff3.jpg
Reused Charles_Bridge -> charles-bridge-35527c51.jpg
Reused Dome_of_the_Rock -> dome-of-the-rock-4f7450b2.jpg
Reused Easter_Island -> easter-island-199b3901.jpg
Reused Hungarian_Parliament_Building -> hungarian-parliament-building-aafe6b70.jpg
Reused Bel%C3%A9m_Tower -> belem-tower-958b7178.jpg
Reused Rijksmuseum -> rijksmuseum-8ff2758c.jpg
Reused Cliffs_of_Moher -> cliffs-of-moher-a3ccbb39.jpg
Reused Victoria_Falls -> victoria-falls-5738e405.jpg
Reused Skellig_Michael -> skellig-michael-459efa2b.jpg
Reused Pamukkale -> pamukkale-485e9709.jpg
Reused Havana -> havana-f99c1caf.jpg
Reused Perito_Moreno_Glacier -> perito-moreno-glacier-ffa914db.jpg
Reused Persepolis -> persepolis-d31ef221.jpg
Reused Palmyra -> palmyra-1afeecfe.jpg
Reused Baalbek -> baalbek-bdc91c74.jpg
Reused A%C3%AFt_Benhaddou -> ait-benhaddou-fce36df8.jpg
Reused Lalibela -> lalibela-63ea704b.jpg
Reused Great_Zimbabwe -> great-zimbabwe-a8f6de5c.jpg
Reused Great_Mosque_of_Djenn%C3%A9 -> great-mosque-of-djenne-88759849.jpg
Reused Socotra -> socotra-db8fc6ee.jpg
Reused Salar_de_Uyuni -> salar-de-uyuni-3775f3cb.jpg
Reused Bagan -> bagan-fb54cab2.jpg
Reused Paro_Taktsang -> paro-taktsang-6d4ecb4b.jpg
Reused Sigiriya -> sigiriya-79e4cbde.jpeg
Reused Tikal -> tikal-9aa5f1a3.jpg
Reused Gobi_Desert -> gobi-desert-674aec42.jpg
Reused Chocolate_Hills -> chocolate-hills-a48e266a.jpg
Reused Registan -> registan-6ccbafdb.jpg
Reused Flame_Towers -> flame-towers-1a893c52.jpg
Reused Bayterek -> bayterek-288b93ee.jpg
Reused Narikala -> narikala-9e004b04.jpg
Reused Tatev_Monastery -> tatev-monastery-ec29ec17.jpg
Reused Avenue_of_the_Baobabs -> avenue-of-the-baobabs-37ee6797.jpg
Reused Maasai_Mara -> maasai-mara-8209528a.jpg
Reused Sossusvlei -> sossusvlei-9b2c4196.jpg
Reused Carthage -> carthage-c0d5ad3f.png
Reused Pha_That_Luang -> pha-that-luang-28b94238.jpg
Reused Fiat_Tagliero_Building -> fiat-tagliero-building-b9441540.jpg
Reused Nubian_pyramids -> nubian-pyramids-0a140d5a.jpg
Reused Burana_Tower -> burana-tower-bef783db.jpg
Reused Iskanderkul -> iskanderkul-ead2cdc0.jpg
Reused Chinguetti -> chinguetti-33f00107.jpg
Reused Jebel_Shams -> jebel-shams-315caeff.jpg
Reused Tree_of_Life_(Bahrain) -> tree-of-life-bahrain-146329d0.jpg
Reused Tyrannosaurus -> tyrannosaurus-45619200.png
Reused Velociraptor -> velociraptor-9d99a2a4.jpg
Reused Triceratops -> triceratops-04495b41.png
Reused Stegosaurus -> stegosaurus-b5900acd.png
Reused Brachiosaurus -> brachiosaurus-72a4aa46.png
Reused Pterodactylus -> pterodactylus-1e0ef6e5.jpg
Reused Spinosaurus -> spinosaurus-f70a1944.webp
Reused Ankylosaurus -> ankylosaurus-0a830544.png
Reused Diplodocus -> diplodocus-21e01747.png
Reused Pachycephalosaurus -> pachycephalosaurus-871c26a2.png
Reused Parasaurolophus -> parasaurolophus-85fe718f.png
Reused Allosaurus -> allosaurus-23d0b2b8.png
Reused Gallimimus -> gallimimus-ea30c98e.png
Reused Apatosaurus -> apatosaurus-3f1594ed.png
Reused Iguanodon -> iguanodon-3cc7e451.png
Reused Plesiosaurus -> plesiosaurus-edd71a8d.png
Reused Mosasaurus -> mosasaurus-6e6c897a.png
Reused Pteranodon -> pteranodon-fa594f9a.png
Reused Compsognathus -> compsognathus-9616d6b8.jpg
Reused Dilophosaurus -> dilophosaurus-b07428e9.webp
Reused Carnotaurus -> carnotaurus-7a4c8a36.png
Reused Giganotosaurus -> giganotosaurus-3ae00490.png
Reused Deinonychus -> deinonychus-97e3c65a.png
Reused Oviraptor -> oviraptor-08a8faa1.png
Reused Therizinosaurus -> therizinosaurus-f48e7a6c.png
Reused Argentinosaurus -> argentinosaurus-076389fb.png
Reused Utahraptor -> utahraptor-cdd198ce.png
Reused Ceratosaurus -> ceratosaurus-3df7fb17.png
Reused Styracosaurus -> styracosaurus-7646b18e.png
Reused Troodon -> troodon-a11fff5a.png
Reused Baryonyx -> baryonyx-5f89a758.png
Reused Megalosaurus -> megalosaurus-ea7c6474.png
Reused Corythosaurus -> corythosaurus-b9658c77.png
Reused Protoceratops -> protoceratops-f2fb77d4.png
Reused Maiasaura -> maiasaura-29eb2dfb.png
Reused Edmontosaurus -> edmontosaurus-2c2d3a97.png
Reused Dimetrodon -> dimetrodon-97b459b7.png
Reused Kentrosaurus -> kentrosaurus-0ee76fd1.png
Reused Coelophysis -> coelophysis-16eaa47a.png
Reused Hadrosaurus -> hadrosaurus-07c28ac4.png
Reused Euoplocephalus -> euoplocephalus-d796768b.png
Reused Stygimoloch -> stygimoloch-ad01b343.png
Reused Majungasaurus -> majungasaurus-f2c55a08.png
Reused Saurolophus -> saurolophus-d78fb943.png
Reused Suchomimus -> suchomimus-b666b708.png
Reused Yutyrannus -> yutyrannus-1f1a6c76.png
Reused Pentaceratops -> pentaceratops-095ecebd.png
Reused Torosaurus -> torosaurus-8ef16068.png
Reused Lambeosaurus -> lambeosaurus-415aa38f.png
Reused Camarasaurus -> camarasaurus-360fdd6a.png
Reused Acrocanthosaurus -> acrocanthosaurus-3312f8d0.png
Reused Mapusaurus -> mapusaurus-74c9b295.jpg
Reused Tarbosaurus -> tarbosaurus-5709e4d0.png
Reused Albertosaurus -> albertosaurus-65f11cfa.png
Reused Daspletosaurus -> daspletosaurus-3d8351fa.png
Reused Gorgosaurus -> gorgosaurus-ff9d6948.png
Reused Einiosaurus -> einiosaurus-079511e1.png
Reused Chasmosaurus -> chasmosaurus-0ea10137.png
Reused Centrosaurus -> centrosaurus-110c60d4.png
Reused Ouranosaurus -> ouranosaurus-d84d10cd.png
Reused Qianzhousaurus -> qianzhousaurus-9cba8829.jpg
Reused Amargasaurus -> amargasaurus-6e388a2d.png
Reused Huayangosaurus -> huayangosaurus-16cfc16f.png
Reused Nodosaurus -> nodosaurus-1fee9f59.png
Reused Borealopelta -> borealopelta-0b8013f5.png
Reused Microraptor -> microraptor-5166c958.webp
Reused Sinosauropteryx -> sinosauropteryx-a0b85ed6.png
Reused Caudipteryx -> caudipteryx-b83f8619.png
Reused Archaeopteryx -> archaeopteryx-a35a6b4a.png
Reused Psittacosaurus -> psittacosaurus-40a665e4.png
Reused Leaellynasaura -> leaellynasaura-c6400b60.png
Reused Muttaburrasaurus -> muttaburrasaurus-3526694c.png
Reused Scutellosaurus -> scutellosaurus-902091ab.png
Reused Dracorex -> dracorex-0c00a2c4.png
Reused Dreadnoughtus -> dreadnoughtus-7dc2218c.png
Reused Patagotitan -> patagotitan-e9067c00.webp
Reused Mamenchisaurus -> mamenchisaurus-5a77d02e.png
Reused Shunosaurus -> shunosaurus-6d6116eb.png
Reused Rebbachisaurus -> rebbachisaurus-3142b56e.jpg
Reused Concavenator -> concavenator-150718ae.jpg
Reused Shantungosaurus -> shantungosaurus-5de344f3.png
Reused Segnosaurus -> segnosaurus-27d4ae3f.webp
Reused Alxasaurus -> alxasaurus-bbd45dc6.jpg
Reused Jeholornis -> jeholornis-8edf518e.jpg
Reused Yi_qi -> yi-qi-12610187.jpg
Reused Anzu_(dinosaur) -> anzu-dinosaur-b9ca9c78.png
Reused Kosmoceratops -> kosmoceratops-9378a61b.png
Reused Sinoceratops -> sinoceratops-3b579ff9.png
Reused Nasutoceratops -> nasutoceratops-65e81696.jpg
Reused Yinlong -> yinlong-243ca3a4.jpg
Reused MrBeast -> mrbeast-48715913.jpg
Reused PewDiePie -> pewdiepie-63c9865e.jpg
Reused KSI -> ksi-cb8b40bd.png
Reused Logan_Paul -> logan-paul-abd383a7.jpg
Reused Jake_Paul -> jake-paul-df9478d4.jpg
Reused Markiplier -> markiplier-9c17c356.png
Reused Ninja_(streamer) -> ninja-streamer-7c5f6d4d.jpg
Reused Jacksepticeye -> jacksepticeye-77f01fef.jpg
Reused Ryan_Reynolds -> ryan-reynolds-7261383f.jpg
Reused Kim_Kardashian -> kim-kardashian-6382f8be.jpg
Reused Kylie_Jenner -> kylie-jenner-6a0c692b.png
Reused Addison_Rae -> addison-rae-ff39fc1d.jpg
Reused Charli_D%27Amelio -> charli-d-amelio-88390e22.jpg
Reused Bella_Poarch -> bella-poarch-b39e093b.png
Reused Khaby_Lame -> khaby-lame-2dab677a.jpg
Reused James_Charles_(Internet_personality) -> james-charles-internet-personality-8f342b14.png
Reused Jeffree_Star -> jeffree-star-8d2273b7.jpg
Reused Shane_Dawson -> shane-dawson-8ed3a621.png
Reused David_Dobrik -> david-dobrik-4fd94b3e.jpg
Reused Liza_Koshy -> liza-koshy-e786c085.png
Reused Emma_Chamberlain -> emma-chamberlain-37026e09.png
Reused Bretman_Rock -> bretman-rock-55e7025c.jpg
Reused Lilly_Singh -> lilly-singh-b6c68a05.jpg
Reused Zach_King -> zach-king-03c5e4f1.jpg
Reused Dude_Perfect -> dude-perfect-2c09e0d3.png
Reused Casey_Neistat -> casey-neistat-c4376143.jpg
Reused Shroud_(gamer) -> shroud-gamer-13d5382b.jpg
Reused XQc -> xqc-4e707a20.jpg
Reused Pokimane -> pokimane-b08bae19.png
Reused Valkyrae -> valkyrae-ad7516f5.png
Reused DanTDM -> dantdm-ecc5546d.jpg
Reused Dream_(YouTuber) -> dream-youtuber-52fcaee2.jpg
Reused Technoblade -> technoblade-350c2058.jpg
Reused Corpse_Husband -> corpse-husband-894ca8b4.jpg
Reused Sykkuno -> sykkuno-5cb88324.png
Reused Disguised_Toast -> disguised-toast-97b653e0.jpg
Reused Hasan_Piker -> hasan-piker-17039e19.png
Reused Amouranth -> amouranth-d8077b02.jpg
Reused Asmongold -> asmongold-9046f887.jpg
Reused Adin_Ross -> adin-ross-d0c5ce04.png
Reused Kai_Cenat -> kai-cenat-755a91ca.jpg
Reused IShowSpeed -> ishowspeed-cd8ba743.jpg
Reused Sommer_Ray -> sommer-ray-c11fa063.jpg
Reused Amanda_Cerny -> amanda-cerny-40fee539.jpg
Reused Lele_Pons -> lele-pons-c2c5b2c8.jpg
Reused Rosanna_Pansino -> rosanna-pansino-524adeff.jpg
Reused Zoella -> zoella-45a9a988.jpg
Reused Huda_Kattan -> huda-kattan-e1191686.jpg
Reused Michelle_Phan -> michelle-phan-acf9e393.jpg
Reused NikkieTutorials -> nikkietutorials-ea43fd09.jpg
Reused Jeffrey_Marsh -> jeffrey-marsh-d4ebde84.jpg
Reused Tana_Mongeau -> tana-mongeau-b1050f2d.png
Reused Trisha_Paytas -> trisha-paytas-126b2274.jpg
Reused Jenna_Marbles -> jenna-marbles-bc7c9449.jpg
Reused Rhett_and_Link -> rhett-and-link-114367b8.jpg
Reused Smosh -> smosh-d52109c6.jpg
Reused VanossGaming -> vanossgaming-49b1b7e3.jpg
Reused Ali-A -> ali-a-f51ab3b1.png
Reused Joey_Graceffa -> joey-graceffa-e42ea43a.jpg
Reused Vsauce -> vsauce-69497aa8.png
Reused CGP_Grey -> cgp-grey-44c71f5d.png
Reused Kurzgesagt -> kurzgesagt-22a3fc3a.png
Reused Veritasium -> veritasium-51cbbf5d.png
Reused MatPat -> matpat-f57b8d39.jpg
Reused Hank_Green -> hank-green-5b366c03.jpg
Reused John_Green -> john-green-d7d6e96e.png
Reused ContraPoints -> contrapoints-a338f1a5.jpg
Reused Philip_DeFranco -> philip-defranco-f309c53c.jpg
Reused Hannah_Hart -> hannah-hart-6fdd7e5b.jpg
Reused Grace_Helbig -> grace-helbig-baac639e.jpg
Reused Tyler_Oakley -> tyler-oakley-745ec960.jpg
Reused Michelle_Khare -> michelle-khare-009bb065.jpg
Reused Safiya_Nygaard -> safiya-nygaard-b6c60c05.png
Reused Gabbie_Hanna -> gabbie-hanna-8f26106c.png
Reused Colleen_Ballinger -> colleen-ballinger-c92363c5.jpg
Reused Bart_Baker -> bart-baker-6e0e397a.jpg
Reused Nigahiga -> nigahiga-9eac4913.jpg
Reused Gigi_Gorgeous -> gigi-gorgeous-9e477642.jpg
Reused Tati_Westbrook -> tati-westbrook-a1007e55.png
Reused Laura_Lee_(YouTuber) -> laura-lee-youtuber-14635533.png
Reused Manny_Gutierrez -> manny-gutierrez-317711ee.png
Reused Patrick_Starrr -> patrick-starrr-02d817b1.jpg
Reused Jackie_Aina -> jackie-aina-9cf8c0fc.png
Reused Grav3yardgirl -> grav3yardgirl-338b8067.png
Reused Rhett_McLaughlin -> rhett-mclaughlin-917f78dd.jpg
Reused Alfie_Deyes -> alfie-deyes-48b693d8.jpg
Reused Caspar_Lee -> caspar-lee-31565b73.jpg
Reused Jack_Maynard -> jack-maynard-a213314c.jpg
Reused Conor_Maynard -> conor-maynard-bad19826.jpg
Reused Jude_Bellingham -> jude-bellingham-da1c1b9d.jpg
Reused Bukayo_Saka -> bukayo-saka-9590c3fb.jpg
Reused Pedri -> pedri-042a3c28.jpg
Reused Roberto_Carlos -> roberto-carlos-43475ad1.jpg
Reused Paolo_Maldini -> paolo-maldini-4c17e5fd.jpg
Reused Andrea_Pirlo -> andrea-pirlo-82910b6f.jpg
Reused Ronaldinho -> ronaldinho-8f7791f6.jpg
Reused Lev_Yashin -> lev-yashin-df4b9559.jpg
Reused Franz_Beckenbauer -> franz-beckenbauer-d757d97f.jpg
Reused Lorelai_Gilmore -> lorelai-gilmore-a308d385.jpg
Reused Rory_Gilmore -> rory-gilmore-ea186468.jpg
Reused Marshall_Eriksen -> marshall-eriksen-360d1954.jpg
Reused Leonard_Hofstadter -> leonard-hofstadter-9b2b0685.jpg
Reused Eric_Cartman -> eric-cartman-405a1853.png
Reused Rick_Sanchez -> rick-sanchez-338e2ccb.png
Reused Stringer_Bell -> stringer-bell-ba798b79.jpg
Reused Buffy_Summers -> buffy-summers-34f1b2a1.png
Reused Ash_Ketchum -> ash-ketchum-5e3619b0.png
Reused Inuyasha_(character) -> inuyasha-character-ffc2fc23.jpg
Reused Sailor_Moon -> sailor-moon-cb9f5ad6.jpg
Reused Kenshiro -> kenshiro-bfcd03e1.jpg
Reused Alucard_(Hellsing) -> alucard-hellsing-c0362b7b.png
Reused Yusuke_Urameshi -> yusuke-urameshi-09f842a8.png
Reused Spike_Spiegel -> spike-spiegel-368ca675.jpg
Reused Asuka_Langley_Soryu -> asuka-langley-soryu-ddd03a3b.jpg
Reused Forrest_Gump -> forrest-gump-6deca703.jpg
Reused Hermione_Granger -> hermione-granger-f6f4b3e2.jpg
Reused Captain_Jack_Sparrow -> captain-jack-sparrow-b31de615.jpg
Reused Mia_Wallace -> mia-wallace-fa2936bd.jpeg
Reused Maximus_Decimus_Meridius -> maximus-decimus-meridius-9813fa20.png
Reused Jack_Torrance -> jack-torrance-d66d4196.jpg
Reused Princess_Leia -> princess-leia-272582ef.jpg
Reused Andres_Iniesta -> andres-iniesta-f4e629c5.jpg
Reused Sergio_Ramos -> sergio-ramos-91ba17f1.jpg
Reused Karim_Benzema -> karim-benzema-6cbab00c.jpg
Reused Wayne_Rooney -> wayne-rooney-7bf89946.jpg
Reused Eusebio -> eusebio-977d8ffc.jpg
Reused Bobby_Charlton -> bobby-charlton-1da491a0.jpg
Reused Roberto_Baggio -> roberto-baggio-345ffa2d.jpg
Reused Cafu -> cafu-723b2f53.jpg
Reused Ruud_Gullit -> ruud-gullit-8e0b0a20.jpg
Reused Dennis_Bergkamp -> dennis-bergkamp-ff621c2d.jpg
Reused Ruud_van_Nistelrooy -> ruud-van-nistelrooy-071fd1e6.jpg
Reused Xabi_Alonso -> xabi-alonso-7965b812.jpg
Reused Arjen_Robben -> arjen-robben-43c7c88e.jpg
Reused Sergio_Busquets -> sergio-busquets-2fd7912e.jpg
Reused Frasier_Crane -> frasier-crane-453db27d.png
Reused Don_Draper -> don-draper-669e3459.jpg
Reused Omar_Little -> omar-little-98ae2780.png
Reused Tommy_Shelby -> tommy-shelby-79820255.jpg
Reused Olivia_Benson -> olivia-benson-3f004c06.jpg
Reused Peggy_Olson -> peggy-olson-b8ae9452.jpg
Reused Blair_Waldorf -> blair-waldorf-f5915525.jpg
Reused Veronica_Mars -> veronica-mars-53d80140.jpg
Reused Moira_Rose -> moira-rose-22fdf569.png
Reused Adrian_Monk -> adrian-monk-cfedce17.jpg
Reused Vash_the_Stampede -> vash-the-stampede-c2e95de8.png
Reused Rei_Ayanami -> rei-ayanami-ec468618.jpg
Reused Motoko_Kusanagi -> motoko-kusanagi-37bd0da9.png
Reused Yugi_Muto -> yugi-muto-0dcacdef.png
Reused Seto_Kaiba -> seto-kaiba-7db2f6f1.png
Reused Bulma -> bulma-7a7ac941.png
Reused Sanji_(One_Piece) -> sanji-one-piece-205c8cb4.jpg
Reused Gintoki_Sakata -> gintoki-sakata-8f077793.jpg
Reused Rimuru_Tempest -> rimuru-tempest-38cf9eb0.jpg
Reused Sailor_Mars -> sailor-mars-00eaabd0.jpg
Reused Shinji_Ikari -> shinji-ikari-db052d31.jpg
Reused Sakura_Kinomoto -> sakura-kinomoto-ef53560c.jpg
Reused Ranma_Saotome -> ranma-saotome-5eeb9a51.jpg
Reused Saber_(Fate) -> saber-fate-04f7e7d8.png
Reused Tony_Montana -> tony-montana-0ccba088.jpg
Reused Travis_Bickle -> travis-bickle-f04d7e15.jpeg
Reused Dorothy_Gale -> dorothy-gale-0dbd4f6f.jpg
Reused Ferris_Bueller -> ferris-bueller-6847bf1f.jpg
Reused Patrick_Bateman -> patrick-bateman-2a72008f.jpg
Reused Amelie_Poulain -> amelie-poulain-1ea79af0.jpg
Reused Trinity_(The_Matrix) -> trinity-the-matrix-6b38cf13.jpg
Reused Scar_(The_Lion_King) -> scar-the-lion-king-3bd03190.png
Reused Tyler_Durden -> tyler-durden-c2f955f1.jpg
Reused Regina_George -> regina-george-644ba48b.jpg
Reused Princess_Fiona -> princess-fiona-812297b0.png
Reused Lisbeth_Salander -> lisbeth-salander-1674691e.jpg
Reused Randle_McMurphy -> randle-mcmurphy-1416acf8.jpg
Reused Vin%C3%ADcius_J%C3%BAnior -> vinicius-junior-7cf7f4a1.jpg
Reused Son_Heung-min -> son-heung-min-64f8f4e9.jpg
Reused Zico -> zico-7e666b7d.jpg
Reused Lothar_Matth%C3%A4us -> lothar-matthaus-8ff13854.jpg
Reused Wednesday_Addams -> wednesday-addams-26e19fa7.jpg
Reused Daryl_Dixon -> daryl-dixon-5128ef24.png
Reused Kim_Wexler -> kim-wexler-a02dd6d3.png
Reused Villanelle_(Killing_Eve) -> villanelle-killing-eve-84a205fb.jpg
Reused Rust_Cohle -> rust-cohle-f5d35f74.jpg
Reused Kendall_Roy -> kendall-roy-0a07e9a3.jpg
Reused Selina_Meyer -> selina-meyer-3ada815b.jpg
Reused Izuku_Midoriya -> izuku-midoriya-f8f2399f.png
Reused Anya_Forger -> anya-forger-8dfd47bc.png
Reused Zenitsu_Agatsuma -> zenitsu-agatsuma-c5df10be.png
Reused Yor_Forger -> yor-forger-b6d2ec05.png
Reused Shoto_Todoroki -> shoto-todoroki-18cc55ae.png
Reused Johan_Liebert -> johan-liebert-b017d146.webp
Reused Kamina -> kamina-660e2bd9.jpg
Reused Homura_Akemi -> homura-akemi-fae22add.png
Reused Buzz_Lightyear -> buzz-lightyear-bf42aa04.jpg
Reused Mulan_(Disney_character) -> mulan-disney-character-1e3187f7.png
Reused Max_Rockatansky -> max-rockatansky-ffa3957e.jpg
Reused Jack_Skellington -> jack-skellington-670d069c.png
Reused Rick_Deckard -> rick-deckard-cbfafaa8.jpg
Reused Daniel_Plainview -> daniel-plainview-61066451.jpg
Reused Andr%C3%A9s_Iniesta -> andres-iniesta-f37a2286.jpg
Reused Luis_Su%C3%A1rez -> luis-suarez-34c7a42e.jpg
Reused Robert_Lewandowski -> robert-lewandowski-db33a5aa.jpg
Reused Franck_Rib%C3%A9ry -> franck-ribery-3c9a9bce.jpg
Reused David_Villa -> david-villa-8aefcdc6.jpg
Reused Robin_van_Persie -> robin-van-persie-79545f95.jpg
Reused Mesut_%C3%96zil -> mesut-ozil-72e48279.jpg
Reused Javier_Mascherano -> javier-mascherano-cda693c8.jpg
Reused Carlos_T%C3%A9vez -> carlos-tevez-14fef804.jpg
Reused Edinson_Cavani -> edinson-cavani-bda4f655.jpg
Reused Gianluigi_Buffon -> gianluigi-buffon-e709d4a0.jpg
Reused Clarence_Seedorf -> clarence-seedorf-2d717ee7.jpg
Reused Javier_Zanetti -> javier-zanetti-31e264dc.jpg
Reused Gheorghe_Hagi -> gheorghe-hagi-384fde93.jpg
Reused Michael_Laudrup -> michael-laudrup-c9f6d9ca.jpg
Reused Hristo_Stoichkov -> hristo-stoichkov-545b37fb.jpg
Reused Pavel_Nedv%C4%9Bd -> pavel-nedved-9764a1d0.jpg
Reused Samuel_Eto%27o -> samuel-eto-o-abfca014.jpg
Reused Fabio_Cannavaro -> fabio-cannavaro-edaffc51.jpg
Reused Philipp_Lahm -> philipp-lahm-220af0b9.jpg
Reused Edgar_Davids -> edgar-davids-ce6a8a63.jpg
Reused Rom%C3%A1rio -> romario-7158fdc4.jpg
Reused Garrincha -> garrincha-d1923c51.jpg
Reused Juan_Rom%C3%A1n_Riquelme -> juan-roman-riquelme-b519e52b.jpg
Reused Dana_Scully -> dana-scully-72781c8a.png
Reused Villanelle_(character) -> villanelle-character-22db39ab.jpg
Reused Thomas_Shelby -> thomas-shelby-03ba1712.jpg
Reused Tony_Soprano -> tony-soprano-c0884ca6.jpg
Reused Saul_Berenson -> saul-berenson-7ca968fd.jpeg
Reused Bender_(Futurama) -> bender-futurama-a69273a7.png
Reused Hisoka -> hisoka-244d5dce.png
Reused Elle_Woods -> elle-woods-80b4b63d.jpg
Reused Ellen_Ripley -> ellen-ripley-1368aad2.jpg
Reused Beatrix_Kiddo -> beatrix-kiddo-ccb3811a.jpg
Reused Antoine_Griezmann -> antoine-griezmann-00f86dfd.jpg
Reused Riyad_Mahrez -> riyad-mahrez-276b32c3.jpg
Reused Casemiro -> casemiro-076896f3.jpg
Reused Thomas_M%C3%BCller -> thomas-muller-045ee22e.jpg
Reused Nemanja_Vidi%C4%87 -> nemanja-vidic-697ec59c.jpg
Reused Davor_%C5%A0uker -> davor-suker-a83cfa45.jpg
Reused Fernando_Redondo -> fernando-redondo-3bb2741e.png
Reused Michael_Ballack -> michael-ballack-92a0a832.jpg
Reused Henrik_Larsson -> henrik-larsson-57a46167.jpg
Reused Alessandro_Nesta -> alessandro-nesta-f9e5f91e.jpg
Reused Patrick_Vieira -> patrick-vieira-3f7255b2.jpg
Reused Rivaldo -> rivaldo-f3706a76.jpg
Reused David_Trezeguet -> david-trezeguet-7ed56981.jpg
Reused Miroslav_Klose -> miroslav-klose-d466dd0c.jpg
Reused Ted_Lasso -> ted-lasso-6e41a146.jpg
Reused Jack_Bauer -> jack-bauer-fd2cf0c9.jpg
Reused Carrie_Mathison -> carrie-mathison-04644e68.jpg
Reused Nandor_the_Relentless -> nandor-the-relentless-bff5adb8.jpg
Reused BoJack_Horseman -> bojack-horseman-cd89457e.png
Reused Malcolm_(Malcolm_in_the_Middle) -> malcolm-malcolm-in-the-middle-74b79a97.jpg
Reused Annalise_Keating -> annalise-keating-1e46453a.jpg
Reused Alicia_Florrick -> alicia-florrick-fe3c990e.jpg
Reused Rebecca_Pearson -> rebecca-pearson-deeb1ea0.jpg
Reused Jax_Teller -> jax-teller-bef334f7.jpg
Reused Goku -> goku-fd6be039.png
Reused Nezuko_Kamado -> nezuko-kamado-a9de44a1.png
Reused Inosuke_Hashibira -> inosuke-hashibira-0120e5e9.png
Reused Kurapika -> kurapika-fe2c963c.png
Reused Tony_Tony_Chopper -> tony-tony-chopper-512c69a0.jpg
Reused Trafalgar_D._Water_Law -> trafalgar-d-water-law-41df43ab.png
Reused Gaara -> gaara-8d1628bf.jpg
Reused Megumi_Fushiguro -> megumi-fushiguro-f9400f75.png
Reused Nobara_Kugisaki -> nobara-kugisaki-6eb2c8ac.png
Reused Ken_Kaneki -> ken-kaneki-d5ef70e4.jpg
Reused Thorfinn_(Vinland_Saga) -> thorfinn-vinland-saga-cf9521ec.jpg
Reused Revy_(Black_Lagoon) -> revy-black-lagoon-d44c7d13.png
Reused Baki_Hanma -> baki-hanma-d2037cbb.png
Reused Hiei -> hiei-7b73be1e.jpg
Reused Chrollo_Lucilfer -> chrollo-lucilfer-d0ad3e9f.png
Reused Yoko_Littner -> yoko-littner-050951bc.jpg
Reused Riza_Hawkeye -> riza-hawkeye-30d2f437.jpg
Reused Kaori_Miyazono -> kaori-miyazono-f07630f9.png
Reused Olivier_Mira_Armstrong -> olivier-mira-armstrong-1125bcb2.jpg
Reused Kallen_Stadtfeld -> kallen-stadtfeld-f2418777.jpg
Reused Kenpachi_Zaraki -> kenpachi-zaraki-01e0f77e.png
Reused Korosensei -> korosensei-eed8da05.png
Reused Maka_Albarn -> maka-albarn-5cf1f705.jpg
Reused Asta_(Black_Clover) -> asta-black-clover-1bec20a1.png
Reused Andy_Dufresne -> andy-dufresne-e7f10e1e.jpg
Reused L%C3%A9on_(character) -> leon-character-7fa55d18.png
Reused Marge_Gunderson -> marge-gunderson-ddc2f331.jpg
Reused Chihiro_Ogino -> chihiro-ogino-599c09ce.png
Reused Juno_MacGuff -> juno-macguff-ab768e99.png
Reused Mahatma_Gandhi -> mahatma-gandhi-f74dcf91.jpg
Reused Julius_Caesar -> julius-caesar-ee05d003.jpg
Reused Leonardo_da_Vinci -> leonardo-da-vinci-5a1130cd.png
Reused Albert_Einstein -> albert-einstein-21b664a3.jpg
Reused George_Washington -> george-washington-882bee26.jpg
Reused Winston_Churchill -> winston-churchill-ef6af4ff.jpg
Reused Napoleon -> napoleon-1785ed6c.jpg
Reused Martin_Luther_King_Jr. -> martin-luther-king-jr-d88da033.jpg
Reused Elizabeth_I -> elizabeth-i-14318c11.jpg
Reused Queen_Victoria -> queen-victoria-46b5c244.jpg
Reused Christopher_Columbus -> christopher-columbus-933934e9.jpg
Reused Abraham_Lincoln -> abraham-lincoln-5a8f1cea.jpg
Reused Thomas_Edison -> thomas-edison-a0261838.jpg
Reused Aristotle -> aristotle-38bfcf70.jpg
Reused Galileo_Galilei -> galileo-galilei-31000d74.jpg
Reused Mark_Zuckerberg -> mark-zuckerberg-08a03d8a.jpg
Reused Thomas_Jefferson -> thomas-jefferson-fabb7b4b.jpg
Reused Salvador_Dal%C3%AD -> salvador-dali-8f7c6d8c.jpg
Reused Frida_Kahlo -> frida-kahlo-f2d7b7fd.jpg
Reused Bill_Gates -> bill-gates-c2f1df0e.jpg
Reused Max_Planck -> max-planck-7ade7622.jpg
Reused Steve_Jobs -> steve-jobs-141bb10a.jpg
Reused 14th_Dalai_Lama -> 14th-dalai-lama-2908d444.jpg
Reused William_Shakespeare -> william-shakespeare-22daba3c.jpg
Reused Socrates -> socrates-c06731dd.jpg
Reused Vincent_van_Gogh -> vincent-van-gogh-2aa3d168.jpg
Reused Sigmund_Freud -> sigmund-freud-260c4721.jpg
Reused Anne_Frank -> anne-frank-a4c36dfb.jpg
Reused Helen_Keller -> helen-keller-3d807b7a.jpg
Reused Amelia_Earhart -> amelia-earhart-80ca3178.jpg
Reused Rosa_Parks -> rosa-parks-e190a3fb.jpg
Reused Karl_Marx -> karl-marx-6ee6885b.png
Reused Kublai_Khan -> kublai-khan-d12db720.jpg
Reused Alexander_the_Great -> alexander-the-great-45e8cc92.jpg
Reused Alexander_Fleming -> alexander-fleming-9df849dc.jpg
Reused Nicholas_II_of_Russia -> nicholas-ii-of-russia-ec5f9f1f.jpg
Reused Joseph_Stalin -> joseph-stalin-6391fe06.jpg
Reused Marie_Curie -> marie-curie-d7920771.jpg
Reused Isaac_Newton -> isaac-newton-5757969c.jpg
Reused Genghis_Khan -> genghis-khan-fc5d55f3.jpg
Reused Maximilien_Robespierre -> maximilien-robespierre-7df6038a.jpg
Reused Cleopatra -> cleopatra-33b39c53.jpg
Reused Gautama_Buddha -> gautama-buddha-0e292198.jpg
Reused Mao_Zedong -> mao-zedong-c57a203f.jpg
Reused Stephen_Hawking -> stephen-hawking-3a557b1d.jpg
Reused Louis_Armstrong -> louis-armstrong-2485a6e7.jpg
Reused Dmitri_Mendeleev -> dmitri-mendeleev-ab51113e.jpg
Reused Jawaharlal_Nehru -> jawaharlal-nehru-53d70ca5.jpg
Reused Marcus_Aurelius -> marcus-aurelius-c09f038d.jpg
Reused Leonard_Bernstein -> leonard-bernstein-9e1fc9ac.jpg
Reused Florence_Nightingale -> florence-nightingale-7a04ebb9.jpg
Reused John_F._Kennedy -> john-f-kennedy-e1cdf573.jpg
Reused Louis_Pasteur -> louis-pasteur-c8b37e1f.jpg
Reused Mikhail_Gorbachev -> mikhail-gorbachev-3d41a0dd.jpg
Reused J._Robert_Oppenheimer -> j-robert-oppenheimer-c2a04e31.jpg
Reused Elie_Wiesel -> elie-wiesel-3c915da7.jpg
Reused Shah_Jahan -> shah-jahan-9e7350e6.jpg
Reused Charles_Darwin -> charles-darwin-62b3a9a1.jpg
Reused Pablo_Picasso -> pablo-picasso-18b89a6c.jpg
Reused John_D._Rockefeller -> john-d-rockefeller-67fff155.jpg
Reused Margaret_Thatcher -> margaret-thatcher-1c82bf21.jpg
Reused Malcolm_X -> malcolm-x-edda2de4.jpg
Reused Che_Guevara -> che-guevara-b9277caf.jpg
Reused Muhammad_Ali -> muhammad-ali-04d1abd9.jpg
Reused Malala_Yousafzai -> malala-yousafzai-8473d037.jpg
Reused Hannibal -> hannibal-c0a1a134.jpg
Reused Xerxes_I -> xerxes-i-6e6aa778.jpg
Reused Niccol%C3%B2_Machiavelli -> niccolo-machiavelli-3f2f4cd4.jpg
Reused Hern%C3%A1n_Cort%C3%A9s -> hernan-cortes-1259caa6.jpg
Reused Martin_Luther -> martin-luther-a0beaac7.jpg
Reused Michael_Faraday -> michael-faraday-c0fc0f6c.jpg
Reused Yuri_Gagarin -> yuri-gagarin-4c65cf28.jpg
Reused Nicolaus_Copernicus -> nicolaus-copernicus-1f657dc9.jpg
Reused Augustus -> augustus-7c5ac2d9.jpg
Reused Amerigo_Vespucci -> amerigo-vespucci-3a7dd3cf.jpg
Reused Leo_Tolstoy -> leo-tolstoy-9e3ccf3c.jpg
Reused Edward_Teller -> edward-teller-5e0ae2cb.jpg
Reused Nikola_Tesla -> nikola-tesla-45f72186.jpeg
Reused Alan_Turing -> alan-turing-656cd5f5.jpg
Reused Fyodor_Dostoevsky -> fyodor-dostoevsky-841847f3.jpg
Reused Gustav_Mahler -> gustav-mahler-7332b3b9.jpg
Reused Victor_Hugo -> victor-hugo-3219ba8b.jpg
Reused Vladimir_Lenin -> vladimir-lenin-e5c85240.jpg
Reused Charles_Dickens -> charles-dickens-976d85aa.jpg
Reused Ludwig_van_Beethoven -> ludwig-van-beethoven-8d23a04e.jpg
Reused Wolfgang_Amadeus_Mozart -> wolfgang-amadeus-mozart-4a42fdee.jpg
Reused Mother_Teresa -> mother-teresa-da7659e0.jpg
Reused Nelson_Mandela -> nelson-mandela-b96e999b.jpg
Reused Jane_Austen -> jane-austen-ffc3df51.jpg
Reused Suleiman_the_Magnificent -> suleiman-the-magnificent-d6a62223.jpg
Reused Catherine_the_Great -> catherine-the-great-e96e1abe.jpg
Reused Frederick_the_Great -> frederick-the-great-ebf7b15e.jpg
Reused Lion -> lion-9f19d4dc.jpg
Reused African_bush_elephant -> african-bush-elephant-3b3d91fd.jpg
Reused Zebra -> zebra-b2d43dc8.jpg
Reused Giraffe -> giraffe-70dd942b.jpg
Reused Blue_whale -> blue-whale-49dfbe01.jpg
Reused Kangaroo -> kangaroo-609c214c.jpg
Reused Giant_panda -> giant-panda-5b5c6902.jpg
Reused Cheetah -> cheetah-4fd58c8f.jpg
Reused Common_ostrich -> common-ostrich-ba33d6ba.jpg
Reused Chameleon -> chameleon-3d0fe27b.jpg
Reused Polar_bear -> polar-bear-19bb6ede.jpg
Reused Frog -> frog-075e4feb.jpg
Reused Green_tree_python -> green-tree-python-ca2ee60a.jpg
Reused Dog -> dog-b866865b.jpg
Reused Cat -> cat-cebe54c7.jpg
Reused Donkey -> donkey-135439ff.jpg
Reused Pig -> pig-768107c0.jpg
Reused Chicken -> chicken-baaa1884.jpg
Reused Sailfish -> sailfish-55106035.jpeg
Reused Sea_lion -> sea-lion-90a32353.jpg
Reused Tortoise -> tortoise-d33562d5.jpg
Reused Western_honey_bee -> western-honey-bee-c6200b15.jpg
Reused Bald_eagle -> bald-eagle-fb8ab29b.jpg
Reused Orca -> orca-5683005e.jpg
Reused Koala -> koala-74ae7719.jpg
Reused Rabbit -> rabbit-29f71626.jpg
Reused Wolf -> wolf-5b7c6cb4.jpg
Reused Duck -> duck-e30bb6b0.jpg
Reused Cattle -> cattle-13d7dd54.jpg
Reused Sheep -> sheep-02df9167.jpg
Reused Owl -> owl-05198a3d.jpg
Reused Swan -> swan-e1b250a4.jpg
Reused Penguin -> penguin-e1df2eb6.jpg
Reused Tiger -> tiger-dd697aa8.jpg
Reused Orangutan -> orangutan-0a12953e.jpg
Reused Saltwater_crocodile -> saltwater-crocodile-88841805.jpg
Reused Emu -> emu-c3868088.jpg
Reused North_American_beaver -> north-american-beaver-85a49a3e.jpg
Reused Chimpanzee -> chimpanzee-57e8f04a.jpg
Reused Bat -> bat-acdf41b2.jpg
Reused Common_bottlenose_dolphin -> common-bottlenose-dolphin-5e0f0ce0.jpg
Reused Grizzly_bear -> grizzly-bear-ed013720.jpg
Reused Fennec_fox -> fennec-fox-a42c52a8.jpg
Reused Kiwi_(bird) -> kiwi-bird-c6c2c2bd.jpg
Reused Green_anaconda -> green-anaconda-224e205a.jpg
Reused White_rhinoceros -> white-rhinoceros-9c6d4504.jpg
Reused Gorilla -> gorilla-7fcea801.jpg
Reused Flamingo -> flamingo-649aa730.jpg
Reused Sea_turtle -> sea-turtle-263a564c.jpg
Reused Walrus -> walrus-9786a2ec.jpg
Reused Cougar -> cougar-c63d8691.jpg
Reused Greater_kudu -> greater-kudu-e2006dba.jpg
Reused Spotted_hyena -> spotted-hyena-0a753dd0.jpg
Reused Octopus -> octopus-c10a60e4.jpg
Reused Golden_eagle -> golden-eagle-c7be3e3c.jpg
Reused Sloth -> sloth-76431eaa.jpg
Reused Whale_shark -> whale-shark-0508c818.jpg
Reused Indian_cobra -> indian-cobra-558d6225.jpg
Reused Tasmanian_devil -> tasmanian-devil-7a97e98b.jpg
Reused Parrot -> parrot-0fcb11d8.jpg
Reused Komodo_dragon -> komodo-dragon-b3db6a22.jpg
Reused Crab -> crab-186a5f6d.jpg
Reused Seahorse -> seahorse-a4b5eddc.jpg
Reused Lobster -> lobster-a90ca754.jpg
Saved Hippopotamus -> hippopotamus-8cb575d6.jpg
Reused Okapi -> okapi-90fc1069.jpg
Reused Platypus -> platypus-89d42556.jpg
Reused Quokka -> quokka-a4516835.jpg
Reused Capybara -> capybara-d3eba3ca.jpg
Reused Vicu%C3%B1a -> vicuna-f07fe881.jpg
Reused Emperor_penguin -> emperor-penguin-616755d8.jpg
Reused Giant_squid -> giant-squid-e406a565.jpg
Reused Greater_rhea -> greater-rhea-c64dca9a.jpg
Reused Sugar_glider -> sugar-glider-0815468e.jpg
Reused Reindeer -> reindeer-26cbc8eb.jpg
Reused Chinese_giant_salamander -> chinese-giant-salamander-7ccc6d0b.jpg
Reused Fossa_(animal) -> fossa-animal-9a814ea0.jpg
Reused Gila_monster -> gila-monster-1278631d.jpg
Reused Ring-tailed_lemur -> ring-tailed-lemur-93988900.jpg
Reused Shrimp -> shrimp-b905693c.jpg
Reused Manatee -> manatee-15da73c8.jpg
Reused Hedgehog -> hedgehog-9398c2df.jpg
Reused American_paddlefish -> american-paddlefish-f36534df.jpg
Reused Narwhal -> narwhal-c4f6301d.jpg
Reused Meerkat -> meerkat-66b5bf36.jpg
Reused Anglerfish -> anglerfish-a4726d0d.png
Reused Cassowary -> cassowary-0094726b.jpg
Reused Mudskipper -> mudskipper-56b16b98.jpg
Reused Japanese_spider_crab -> japanese-spider-crab-f404f011.jpg
Reused Coati -> coati-55405100.png
Reused Gaur -> gaur-7f9819d6.jpg
Reused Krill -> krill-5e8bcc80.jpg
Reused Pangolin -> pangolin-1ddf68c2.png
Reused Tapir -> tapir-2e73cd10.png
Reused Sumatran_orangutan -> sumatran-orangutan-0dc8acf9.jpg
Saved Dugong -> dugong-701401a7.jpg
Saved Roseate_spoonbill -> roseate-spoonbill-4f61686e.jpg
Saved Cone_snail -> cone-snail-6d2cfedf.jpg
Saved Markhor -> markhor-9b13a556.jpg
Reused The_Dark_Knight -> the-dark-knight-9372b09d.jpg
Reused Avatar:_The_Way_of_Water -> avatar-the-way-of-water-50f4db37.jpg
Reused Gladiator_II -> gladiator-ii-b8f42498.jpg
Reused Dune_(2021_film) -> dune-2021-film-64f0ba79.jpg
Reused Oppenheimer_(film) -> oppenheimer-film-cf94bf64.jpg
Reused Everything_Everywhere_All_at_Once -> everything-everywhere-all-at-once-8de6bc8f.jpg
Reused Top_Gun -> top-gun-f9cf1854.jpg
Reused The_Empire_Strikes_Back -> the-empire-strikes-back-b4c02ba6.jpg
Reused Star_Wars:_The_Force_Awakens -> star-wars-the-force-awakens-d08d3627.jpg
Reused Raiders_of_the_Lost_Ark -> raiders-of-the-lost-ark-efc7ebea.jpg
Reused E.T._the_Extra-Terrestrial -> e-t-the-extra-terrestrial-5f94b52a.jpg
Reused The_Hangover -> the-hangover-894023b0.jpg
Reused Superbad -> superbad-b0b9f54f.jpg
Reused Mean_Girls -> mean-girls-9015f856.jpg
Reused Legally_Blonde -> legally-blonde-b3362e6a.jpg
Reused The_Devil_Wears_Prada_(film) -> the-devil-wears-prada-film-e7c1926f.jpg
Reused The_Notebook_(film) -> the-notebook-film-b8afa51b.jpg
Reused Love_Actually -> love-actually-96d04ea9.jpg
Reused Pretty_Woman -> pretty-woman-3c01ce10.jpg
Reused Twilight_(2008_film) -> twilight-2008-film-5790519a.jpg
Reused The_Hunger_Games:_Catching_Fire -> the-hunger-games-catching-fire-3e1fc888.jpg
Reused Inside_Out_(2015_film) -> inside-out-2015-film-82099e5b.jpg
Reused Coco_(2017_film) -> coco-2017-film-05f52b6b.jpg
Reused Encanto_(film) -> encanto-film-7bd5acd6.jpg
Reused Soul_(2020_film) -> soul-2020-film-057d7dd3.jpg
Reused Tangled -> tangled-6bc26ec8.jpg
Reused Bohemian_Rhapsody_(film) -> bohemian-rhapsody-film-7e3fec03.jpg
Reused Rocketman_(film) -> rocketman-film-802df04d.jpg
Reused Braveheart -> braveheart-3b76a8f1.jpg
Reused The_Wolf_of_Wall_Street_(2013_film) -> the-wolf-of-wall-street-2013-film-a34d09f5.jpg
Reused Schindler%27s_List -> schindler-s-list-e3562f49.jpg
Reused Django_Unchained -> django-unchained-6ebbef7d.jpg
Reused Inglourious_Basterds -> inglourious-basterds-1bfe5d31.jpg
Reused Reservoir_Dogs -> reservoir-dogs-9220c9a2.jpg
Reused Kill_Bill:_Volume_1 -> kill-bill-volume-1-905475d3.jpg
Reused Once_Upon_a_Time_in_Hollywood -> once-upon-a-time-in-hollywood-5ec2e4ca.jpg
Reused Saving_Private_Ryan -> saving-private-ryan-d4706dca.jpg
Reused Enemy_at_the_Gates -> enemy-at-the-gates-1da65b05.jpg
Reused Black_Hawk_Down_(film) -> black-hawk-down-film-7ecf3c12.jpg
Reused The_Thin_Red_Line_(1998_film) -> the-thin-red-line-1998-film-4657d417.jpg
Reused The_King%27s_Speech -> the-king-s-speech-1068069c.jpg
Reused 12_Years_a_Slave_(film) -> 12-years-a-slave-film-ed89c834.jpg
Reused Slumdog_Millionaire -> slumdog-millionaire-66bb944b.jpg
Reused Spotlight_(film) -> spotlight-film-7ae8f0b5.jpg
Reused The_Imitation_Game -> the-imitation-game-b46c5945.jpg
Reused The_Theory_of_Everything_(2014_film) -> the-theory-of-everything-2014-film-ccf1342f.jpg
Reused Green_Book_(film) -> green-book-film-236ff9ce.jpg
Reused Life_of_Pi_(film) -> life-of-pi-film-dee351ff.jpg
Reused Birdman_(film) -> birdman-film-1b913861.jpg
Reused Moonlight_(2016_film) -> moonlight-2016-film-d34ebb77.jpg
Reused Halloween_(1978_film) -> halloween-1978-film-d322aed9.jpg
Reused Scream_(1996_film) -> scream-1996-film-03ae4081.jpg
Reused Saw_(2004_film) -> saw-2004-film-4009380e.jpg
Reused It_(2017_film) -> it-2017-film-eb5603d4.jpg
Reused The_Lighthouse_(2019_film) -> the-lighthouse-2019-film-f6158bd9.jpg
Reused The_Exorcist -> the-exorcist-3666e734.jpg
Reused Close_Encounters_of_the_Third_Kind -> close-encounters-of-the-third-kind-a86d8c7a.jpg
Reused A_Clockwork_Orange_(film) -> a-clockwork-orange-film-4b9eaf02.jpg
Reused Dr._Strangelove -> dr-strangelove-63823900.jpg
Reused Am%C3%A9lie -> amelie-730c6884.jpg
Reused Eraserhead -> eraserhead-6b434286.jpg
Reused Stalker_(1979_film) -> stalker-1979-film-47de4dc0.jpg
Reused Andrei_Rublev_(film) -> andrei-rublev-film-765c4a78.jpg
Reused Persona_(1966_film) -> persona-1966-film-ce6a2017.jpg
Reused The_Seventh_Seal -> the-seventh-seal-68a0d169.jpg
Reused Wild_Strawberries_(film) -> wild-strawberries-film-664fcb2d.jpg
Reused 8%C2%BD -> 81-2-cda2b4db.jpg
Reused Tokyo_Story -> tokyo-story-b143f608.jpg
Reused Seven_Samurai -> seven-samurai-f66b67ca.jpg
Reused Rashomon -> rashomon-dfed71de.jpg
Reused Ran_(film) -> ran-film-cade9674.jpg
Reused Sunset_Boulevard_(film) -> sunset-boulevard-film-49e3f1de.jpg
Reused Psycho_(1960_film) -> psycho-1960-film-3fc1e1e3.jpg
Reused Vertigo_(film) -> vertigo-film-2d8adb96.jpg
Reused Rear_Window -> rear-window-5dc89c37.jpg
Reused 12_Angry_Men -> 12-angry-men-ab6de761.jpg
Reused To_Kill_a_Mockingbird_(film) -> to-kill-a-mockingbird-film-e629159d.jpg
Reused Fanny_and_Alexander -> fanny-and-alexander-d3b8f909.jpg
Reused Pan%27s_Labyrinth -> pan-s-labyrinth-546dc7d9.jpg
Reused City_of_God_(2002_film) -> city-of-god-2002-film-6f4a4b27.jpg
Reused The_Intouchables -> the-intouchables-c9b55049.jpg
Reused The_Lives_of_Others -> the-lives-of-others-88b65bd9.jpg
Reused Belfast_(film) -> belfast-film-dfbf12d5.jpg
Reused Drive_My_Car_(film) -> drive-my-car-film-17d11be0.jpg
Reused Decision_to_Leave -> decision-to-leave-6d10268b.jpg
Reused The_Salesman_(2016_film) -> the-salesman-2016-film-de19792e.jpg
Reused Oldboy_(2003_film) -> oldboy-2003-film-8fd2e15d.jpg
Reused In_the_Mood_for_Love -> in-the-mood-for-love-39906afc.jpg
Reused There_Will_Be_Blood -> there-will-be-blood-49b98d1b.jpg
Reused Portrait_of_a_Lady_on_Fire -> portrait-of-a-lady-on-fire-5a1a787b.jpg
Reused Breaking_Bad -> breaking-bad-8a6538c3.jpg
Reused Game_of_Thrones -> game-of-thrones-a15e3c87.jpg
Reused Stranger_Things -> stranger-things-378721d2.jpg
Reused Friends -> friends-c11d5e1d.jpg
Reused The_Office_(American_TV_series) -> the-office-american-tv-series-13361582.jpg
Reused Seinfeld -> seinfeld-19ec80d0.jpg
Reused The_Simpsons -> the-simpsons-2ead918f.jpg
Reused SpongeBob_SquarePants -> spongebob-squarepants-3c3c12bd.jpg
Reused South_Park -> south-park-1412cddf.jpg
Reused The_Big_Bang_Theory -> the-big-bang-theory-fada9569.jpg
Reused How_I_Met_Your_Mother -> how-i-met-your-mother-7b828504.jpg
Reused The_Sopranos -> the-sopranos-d3dd1d1f.jpg
Reused Lost_(TV_series) -> lost-tv-series-85b73d0b.jpg
Reused Prison_Break -> prison-break-a84661ee.jpg
Reused Money_Heist -> money-heist-6f49fd9c.jpg
Reused Squid_Game -> squid-game-453f7367.jpg
Reused Peaky_Blinders_(TV_series) -> peaky-blinders-tv-series-48d4c128.jpg
Reused The_Walking_Dead_(TV_series) -> the-walking-dead-tv-series-3fea109a.jpg
Reused The_Bear_(TV_series) -> the-bear-tv-series-6bd6f1e0.jpg
Reused Narcos -> narcos-caabd092.jpg
Reused Dexter_(TV_series) -> dexter-tv-series-5bf90e2e.jpg
Reused Suits_(American_TV_series) -> suits-american-tv-series-bf47e852.jpg
Reused Wednesday_(TV_series) -> wednesday-tv-series-d8d5ad49.jpg
Reused Westworld_(TV_series) -> westworld-tv-series-b0c398f7.jpg
Reused Black_Mirror -> black-mirror-726c25ad.jpg
Reused The_Last_of_Us_(TV_series) -> the-last-of-us-tv-series-ca169b0a.jpg
Reused Yellowstone_(American_TV_series) -> yellowstone-american-tv-series-5ae69b10.jpg
Reused Only_Murders_in_the_Building -> only-murders-in-the-building-3de0d23c.jpg
Reused Euphoria_(American_TV_series) -> euphoria-american-tv-series-cd88bc4f.jpg
Reused The_Crown_(TV_series) -> the-crown-tv-series-acd7d11b.jpg
Reused The_Wire -> the-wire-79a7164e.jpg
Reused Deadwood_(TV_series) -> deadwood-tv-series-48b46c5f.jpg
Reused Six_Feet_Under_(TV_series) -> six-feet-under-tv-series-1136e562.jpg
Reused The_Shield -> the-shield-39ba7fbd.jpg
Reused Band_of_Brothers_(miniseries) -> band-of-brothers-miniseries-dcc1d04b.jpg
Reused Chernobyl_(miniseries) -> chernobyl-miniseries-e6981a3d.jpg
Reused Ozark_(TV_series) -> ozark-tv-series-d56b5cd7.jpg
Reused Fleabag -> fleabag-21a49e77.jpg
Reused Succession_(TV_series) -> succession-tv-series-c739c29c.jpg
Reused Shrinking_(TV_series) -> shrinking-tv-series-fde94dd4.jpg
Reused Reservation_Dogs -> reservation-dogs-264730ed.jpg
Reused Silicon_Valley_(TV_series) -> silicon-valley-tv-series-2bf0c52f.jpg
Reused Veep -> veep-a0dcf59e.jpg
Reused Curb_Your_Enthusiasm -> curb-your-enthusiasm-3ef58215.jpg
Reused 30_Rock -> 30-rock-87110968.jpg
Reused Arrested_Development -> arrested-development-cbfd0683.jpg
Reused Parks_and_Recreation -> parks-and-recreation-2106cf4a.jpg
Reused Community_(TV_series) -> community-tv-series-77bb19a9.jpg
Reused Boardwalk_Empire -> boardwalk-empire-82642956.jpg
Reused The_Americans -> the-americans-769e21ee.jpg
Reused Homeland_(American_TV_series) -> homeland-american-tv-series-b674ae59.jpg
Reused Sons_of_Anarchy -> sons-of-anarchy-6ab28777.jpg
Reused Grey%27s_Anatomy -> grey-s-anatomy-ea59aed7.jpg
Reused ER_(TV_series) -> er-tv-series-09c67f12.jpg
Reused The_West_Wing -> the-west-wing-f4891199.jpg
Reused Frasier -> frasier-d66bcec2.jpg
Reused Cheers -> cheers-e24e31e4.jpg
Reused Twin_Peaks -> twin-peaks-f9e58e35.jpg
Reused The_X-Files -> the-x-files-99eeccf6.jpg
Reused Mr._Robot -> mr-robot-be38de20.jpg
Reused Archer_(2009_TV_series) -> archer-2009-tv-series-22abd2d7.jpg
Reused Avatar:_The_Last_Airbender -> avatar-the-last-airbender-1bbe236a.jpg
Reused Samurai_Champloo -> samurai-champloo-375a6a8a.jpg
Reused Steins;Gate -> steins-gate-66f7d55c.jpg
Reused Fullmetal_Alchemist:_Brotherhood -> fullmetal-alchemist-brotherhood-73521629.jpg
Reused I_May_Destroy_You -> i-may-destroy-you-dc9c2e34.jpg
Reused The_Leftovers_(TV_series) -> the-leftovers-tv-series-9f662428.jpg
Reused Hannibal_(TV_series) -> hannibal-tv-series-106f4104.jpg
Reused The_Borgias -> the-borgias-bc702f09.jpg
Reused Utopia_(British_TV_series) -> utopia-british-tv-series-db95d48e.jpg
Reused Dark_(TV_series) -> dark-tv-series-f3bb0d48.jpg
Reused Babylon_Berlin -> babylon-berlin-400433d1.jpg
Reused Gomorrah_(TV_series) -> gomorrah-tv-series-488ea947.jpg
Reused My_Brilliant_Friend_(TV_series) -> my-brilliant-friend-tv-series-a7631ea9.jpg
Reused Broadchurch -> broadchurch-f76e9b23.jpg
Reused Top_of_the_Lake -> top-of-the-lake-4d67e571.jpg
Reused Mare_of_Easttown -> mare-of-easttown-88ccadff.jpg
Reused Pose_(TV_series) -> pose-tv-series-17b396fc.jpg
Reused Severance_(TV_series) -> severance-tv-series-56a23b33.jpg
Reused The_OA -> the-oa-94d06388.jpg
Reused Sense8 -> sense8-b5022af7.jpg
Reused Battlestar_Galactica_(2004_TV_series) -> battlestar-galactica-2004-tv-series-a2bafd8c.jpg
Reused Firefly_(TV_series) -> firefly-tv-series-2aff74f8.jpg
Reused The_Expanse_(TV_series) -> the-expanse-tv-series-301c4d37.jpg
Reused Russian_Doll_(TV_series) -> russian-doll-tv-series-193560fc.jpg
Reused Sharp_Objects_(miniseries) -> sharp-objects-miniseries-e3ac0eb0.jpg
Reused Arcane_(TV_series) -> arcane-tv-series-74802bae.jpg
Reused True_Detective -> true-detective-f817187e.jpg
Reused Fargo_(TV_series) -> fargo-tv-series-948f0b6b.jpg
Reused Mad_Men -> mad-men-a8fbce43.jpg
Reused Cologne_Cathedral -> cologne-cathedral-cec05dfb.jpg
Reused Moscow_Kremlin -> moscow-kremlin-37df30ef.jpg
Reused Mount_Rushmore -> mount-rushmore-662a7afe.jpg
Reused Palace_of_Versailles -> palace-of-versailles-1a526f39.jpg
Reused Piazza_San_Marco -> piazza-san-marco-acabf6c7.jpg
Reused Buckingham_Palace -> buckingham-palace-61e5fbd5.jpg
Reused Amsterdam -> amsterdam-2dce283e.png
Reused St._Stephen%27s_Cathedral,_Vienna -> st-stephen-s-cathedral-vienna-cf30a59f.jpg
Reused Tokyo_Tower -> tokyo-tower-b399aec0.jpg
Reused Gyeongbokgung -> gyeongbokgung-fd991c83.jpg
Reused Wat_Phra_Kaew -> wat-phra-kaew-a86e574f.jpg
Reused Gateway_of_India -> gateway-of-india-6e9d19d9.jpg
Reused Mykonos -> mykonos-a071db06.png
Reused Pena_Palace -> pena-palace-55c75e58.jpg
Reused Chain_Bridge,_Budapest -> chain-bridge-budapest-2dccb512.png
Reused Prague_Castle -> prague-castle-1e104189.jpg
Reused Wawel_Castle -> wawel-castle-6345b147.jpg
Reused Grand_Place,_Brussels -> grand-place-brussels-7d2c8abb.jpg
Reused Nyhavn -> nyhavn-bfb42cbd.jpg
Reused Gamla_stan -> gamla-stan-2e943c96.jpg
Reused Door_to_Hell -> door-to-hell-ad13322a.jpg
Reused Ziggurat_of_Ur -> ziggurat-of-ur-edbe8b02.jpg
Reused Cartagena,_Colombia -> cartagena-colombia-04b34266.jpg
Reused Panama_Canal -> panama-canal-49c6bced.png
Saved Angel_Falls -> angel-falls-fcfe11cc.jpg
Saved Gal%C3%A1pagos_Islands -> galapagos-islands-e17eba03.jpg
Saved Arenal_Volcano -> arenal-volcano-17511d6f.jpg
Saved Cop%C3%A1n -> copan-53302e38.jpg
Saved Le%C3%B3n_Cathedral,_Nicaragua -> leon-cathedral-nicaragua-748e636a.jpg
Saved Tallinn -> tallinn-eaaa98c2.jpg
Saved House_of_the_Blackheads,_Riga -> house-of-the-blackheads-riga-d8d527c0.png
Saved Trakai_Island_Castle -> trakai-island-castle-62cfac51.jpg
Saved Rila_Monastery -> rila-monastery-eb912e9f.jpg
Saved Kalemegdan -> kalemegdan-46b702a5.jpg
Saved Stari_Most -> stari-most-b1a972f2.jpg
Saved Bay_of_Kotor -> bay-of-kotor-833310f7.jpg
Saved Berat -> berat-0c87ecc6.jpg
Saved Mdina -> mdina-644f1bce.jpg
Saved Kyrenia_Castle -> kyrenia-castle-80b936b1.jpg
Saved Mada%27in_Saleh -> mada-in-saleh-08686014.png
Saved Museum_of_Islamic_Art,_Doha -> museum-of-islamic-art-doha-51a92a63.jpg
Saved Badshahi_Mosque -> badshahi-mosque-3dcc6d7c.jpg
Saved Minaret_of_Jam -> minaret-of-jam-2c4bffc2.jpg
Saved Leptis_Magna -> leptis-magna-12db15b5.jpg
Saved Timgad -> timgad-235d942b.jpg
Saved African_Renaissance_Monument -> african-renaissance-monument-878d65bd.jpg
Saved Kasubi_Tombs -> kasubi-tombs-c4f990f7.jpg
Saved Volcanoes_National_Park -> volcanoes-national-park-b5131db6.gif
Saved Okavango_Delta -> okavango-delta-a3871592.png
Saved Island_of_Mozambique -> island-of-mozambique-37f70f62.jpg
Saved Cape_Coast_Castle -> cape-coast-castle-96ec86e3.jpg
Saved Zuma_Rock -> zuma-rock-707c14a5.jpg
Saved Kokoda_Track -> kokoda-track-401db9c0.png
Saved Sri_Siva_Subramaniya_Temple -> sri-siva-subramaniya-temple-38da8c11.jpg
Saved Juche_Tower -> juche-tower-1f0f3392.jpg
Saved Nigersaurus -> nigersaurus-b4a1287c.jpg
Saved Abelisaurus -> abelisaurus-01168f32.jpg
Saved Amargatitanis -> amargatitanis-11df4b13.png
Saved Anchisaurus -> anchisaurus-e6f77bc3.png
Saved Aralosaurus -> aralosaurus-7d8aa1b3.png
Saved Austrocheirus -> austrocheirus-db5016c7.png
Saved Saurophaganax -> saurophaganax-4fa0fc1d.png
Saved Nothronychus -> nothronychus-4ccf72d2.jpg
Saved Cryolophosaurus -> cryolophosaurus-7caad8a1.jpg
Saved Dimorphodon -> dimorphodon-d2d5a0b3.png
Saved Rhamphorhynchus -> rhamphorhynchus-b14e4eab.jpg
Saved Quetzalcoatlus -> quetzalcoatlus-327ae265.jpg
Saved Elasmosaurus -> elasmosaurus-d868f28e.png
Saved Liopleurodon -> liopleurodon-abe61d80.jpg
Saved Tylosaurus -> tylosaurus-a8a71c2a.png
Saved Kronosaurus -> kronosaurus-25068c75.jpg
Saved Ichthyosaurus -> ichthyosaurus-10f8a2e8.jpg
Saved Mei_(dinosaur) -> mei-dinosaur-e5bfdfd5.jpg
Saved Supersaurus -> supersaurus-521e8e19.png
Saved Brontosaurus -> brontosaurus-eb0a3494.jpg
Saved Cetiosaurus -> cetiosaurus-07e2c1c3.jpg
Saved Plateosaurus -> plateosaurus-2adaaf3e.jpg
Saved Camarillasaurus -> camarillasaurus-f051df37.jpg
Saved Megaraptor -> megaraptor-7095a20b.jpg
Saved Austroraptor -> austroraptor-3c40a250.jpg
Saved Tsintaosaurus -> tsintaosaurus-0425dcdb.png
Saved Sauropelta -> sauropelta-2b28a548.jpg
Saved Saurornitholestes -> saurornitholestes-41e1f361.png
Saved Dakotaraptor -> dakotaraptor-0e757c02.jpg
Saved Eoraptor -> eoraptor-046d8e00.jpg
Saved Herrerasaurus -> herrerasaurus-afbc11ab.jpg
Saved Liaoningosaurus -> liaoningosaurus-f2ff0ccb.jpg
Saved Siats -> siats-08e9521c.jpg
Saved Torvosaurus -> torvosaurus-48c660c0.jpg
Saved Sauroposeidon -> sauroposeidon-1dd10287.png
Saved Isanosaurus -> isanosaurus-6c0cf84c.jpg
Saved Kaatedocus -> kaatedocus-ff78102b.jpg
Saved Amphicoelias -> amphicoelias-14207ca6.jpg
Saved Scelidosaurus -> scelidosaurus-0088ffb3.jpg
Saved Agujaceratops -> agujaceratops-f444b9c0.jpg
Saved Avaceratops -> avaceratops-099106cc.png
Saved Bambiraptor -> bambiraptor-b0739914.jpg
Saved Beipiaosaurus -> beipiaosaurus-f0be9a99.png
Saved Camptosaurus -> camptosaurus-c168b2a9.jpg
Saved Ceratopsipes -> ceratopsipes-6d98b71e.jpg
Saved Citipati -> citipati-09edcc22.jpg
Saved Coelurus -> coelurus-97ee132b.jpg
Saved Cryptoclidus -> cryptoclidus-33cd84b6.jpg
Saved Dacentrurus -> dacentrurus-94a6c226.jpg
Saved Diabloceratops -> diabloceratops-520cbdc3.jpg
Saved Dracopelta -> dracopelta-8e8bff7c.jpg
Saved Dryosaurus -> dryosaurus-b3e5fa03.jpg
Saved Elaphrosaurus -> elaphrosaurus-3239d1de.jpg
Saved Europasaurus -> europasaurus-d8191279.jpg
Saved Fukuiraptor -> fukuiraptor-f5eb20ce.jpg
Saved Gasparinisaura -> gasparinisaura-78d3d419.jpg
Saved Gigantoraptor -> gigantoraptor-54194c13.jpg
Saved Hypsilophodon -> hypsilophodon-4b84eab0.jpg
Saved Iguanacolossus -> iguanacolossus-5690a764.jpg
Saved Incisivosaurus -> incisivosaurus-7bf0fffe.jpg
Saved Kileskus -> kileskus-011fea9d.png
Saved Kulindadromeus -> kulindadromeus-d7215829.jpg
Saved Leptoceratops -> leptoceratops-f02a6afb.jpg
Saved Lesothosaurus -> lesothosaurus-1b8510e6.jpg
Saved Lythronax -> lythronax-cadf0b81.jpg
Saved Masiakasaurus -> masiakasaurus-5f57b087.jpg
Saved Megapnosaurus -> megapnosaurus-b182b359.png
Saved Mononykus -> mononykus-fa95b23d.jpg
Saved Nanotyrannus -> nanotyrannus-9f1cbe4a.jpg
Saved Neovenator -> neovenator-94f3d87a.jpg
Saved Ornithomimus -> ornithomimus-b1d79f3c.jpg
Saved Pisanosaurus -> pisanosaurus-153eb795.png
Saved Prenocephale -> prenocephale-45601edf.jpg
Saved Proceratosaurus -> proceratosaurus-739e3ee4.jpg
Saved Saltasaurus -> saltasaurus-7f5a3ad6.png
Saved Shuvuuia -> shuvuuia-fedeccbb.jpg
Saved Struthiomimus -> struthiomimus-a2abc80a.png
Saved Tenontosaurus -> tenontosaurus-805d0e7a.jpg
Saved Wuerhosaurus -> wuerhosaurus-0a140ea8.jpg
Saved Aerosteon -> aerosteon-9e3bb186.jpg
Saved Agilisaurus -> agilisaurus-b47ed1e8.jpg
Saved Alvarezsaurus -> alvarezsaurus-0a8e7d09.jpg
Saved Anchiornis -> anchiornis-cff6a4d9.jpg
Saved Antetonitrus -> antetonitrus-6670d0cf.jpg
Saved Apatoraptor -> apatoraptor-bb48df3a.jpg
Saved Aquilops -> aquilops-c44df081.png
Saved Atrociraptor -> atrociraptor-22d0bd58.jpg
Saved Aucasaurus -> aucasaurus-90034e36.jpg
Saved Avimimus -> avimimus-7d33406d.jpg
Saved Balaur_(dinosaur) -> balaur-dinosaur-7efc5250.jpg
Saved Buitreraptor -> buitreraptor-c05e893c.jpg
Saved Carcharodontosaurus -> carcharodontosaurus-745ad42d.jpg
Saved Cedarpelta -> cedarpelta-d85df3a6.jpg
Saved Changyuraptor -> changyuraptor-1e919642.png
Saved Deinocheirus -> deinocheirus-53380786.jpg
Saved Dilong_(dinosaur) -> dilong-dinosaur-fd73858b.jpg
Saved Epidexipteryx -> epidexipteryx-9f122d09.jpg
Saved Erlikosaurus -> erlikosaurus-48abfb23.jpg
Saved Eustreptospondylus -> eustreptospondylus-0bb1db02.jpg
Saved Falcarius -> falcarius-02d4d117.jpg
Saved Futalognkosaurus -> futalognkosaurus-1ea9680e.jpg
Saved Gasosaurus -> gasosaurus-34b6ed47.png
Saved Gryposaurus -> gryposaurus-55f68581.jpg
Saved Hagryphus -> hagryphus-cdc49431.jpg
Saved Harpymimus -> harpymimus-e1dee2da.jpg
Saved Hesperonychus -> hesperonychus-654d29b3.jpg
Saved Homalocephale -> homalocephale-2900255a.jpg
Saved Ichthyovenator -> ichthyovenator-77069ef7.jpg
Saved Irritator -> irritator-e5119c6f.jpg
Saved Khaan -> khaan-04179009.jpg
Saved Linhenykus -> linhenykus-2a3a8a65.jpg
Saved Magnapaulia -> magnapaulia-5996d7f6.jpg
Saved Minmi_paravertebra -> minmi-paravertebra-a6c55558.jpg
Saved Nanuqsaurus -> nanuqsaurus-32b6ade3.jpg
Saved Ornithocheirus -> ornithocheirus-9a8860ab.jpg
Saved Pawpawsaurus -> pawpawsaurus-309c7b7a.png
Saved Saichania -> saichania-a3a2b75c.jpg
Saved Talarurus -> talarurus-64d17c61.jpg
Saved Chris_Brown -> chris-brown-480f2059.jpg
Saved Jennifer_Lopez -> jennifer-lopez-524d6430.jpg
Saved Selena_Gomez -> selena-gomez-16ed95c4.jpg
Saved Dwayne_Johnson -> dwayne-johnson-a7ae6868.jpg
Saved Kendall_Jenner -> kendall-jenner-0ac9487a.jpg
Saved Khlo%C3%A9_Kardashian -> khloe-kardashian-604be282.png
Saved Kourtney_Kardashian -> kourtney-kardashian-c33f0c00.png
Saved Gigi_Hadid -> gigi-hadid-1f968d33.jpg
Saved Bella_Hadid -> bella-hadid-b979e1e7.jpg
Saved Cardi_B -> cardi-b-4987857c.png
Saved Ariana_Grande -> ariana-grande-b5176911.jpg
Saved Justin_Bieber -> justin-bieber-f19607db.jpg
Saved Billie_Eilish -> billie-eilish-c8a2beed.jpg
Saved Shakira -> shakira-461d189b.jpg
Saved Beyonc%C3%A9 -> beyonce-40d5ed43.jpg
Saved Rihanna -> rihanna-7129fa37.png
Saved Taylor_Swift -> taylor-swift-1585bd36.png
Saved Virat_Kohli -> virat-kohli-297c587f.jpg
Saved LeBron_James -> lebron-james-be11b24e.jpg
Saved Kevin_Hart -> kevin-hart-32db3eb6.jpg
Saved Will_Smith -> will-smith-600f065d.jpg
Saved Ellen_DeGeneres -> ellen-degeneres-8629a2f4.jpg
Saved Oprah_Winfrey -> oprah-winfrey-cd02fed3.jpg
Saved Gordon_Ramsay -> gordon-ramsay-3f4d00ad.jpg
Saved Paris_Hilton -> paris-hilton-4ffd2e63.jpg
Saved Zendaya -> zendaya-05ecde36.jpg
Saved Dua_Lipa -> dua-lipa-e571c659.jpg
Saved Drake_(musician) -> drake-musician-2fcd1bcf.jpg
Saved Snoop_Dogg -> snoop-dogg-412c51c4.jpg
Saved Ed_Sheeran -> ed-sheeran-6b03926f.jpg
Saved Kevin_Durant -> kevin-durant-b283e739.jpg
Saved Stephen_Curry -> stephen-curry-eed617fc.jpg
Saved Victoria_Beckham -> victoria-beckham-9054bb6c.jpg
Saved Miley_Cyrus -> miley-cyrus-eae15124.jpg
Saved Nicki_Minaj -> nicki-minaj-8dc9618e.jpg
Saved Vin_Diesel -> vin-diesel-a53c4055.jpg
Saved Andrew_Rea -> andrew-rea-77eada18.png
Saved Lindsey_Stirling -> lindsey-stirling-ae0034f7.jpg
Saved Chloe_Ting -> chloe-ting-3e62e511.png
Saved Pamela_Reif -> pamela-reif-9f9460c9.jpg
Saved Alex_Cooper -> alex-cooper-1e4f6133.jpg
Saved Andrew_Tate -> andrew-tate-07ff133b.png
Saved Joe_Rogan -> joe-rogan-7fa0f3ad.png
Saved Lex_Fridman -> lex-fridman-4e201176.png
Saved Theo_Von -> theo-von-f943defb.jpg
Saved Bobby_Lee -> bobby-lee-32174767.jpeg
Saved Andrew_Schulz -> andrew-schulz-dab42461.jpg
Saved Hannah_Stocking -> hannah-stocking-a53b4c68.png
Saved Rudy_Mancuso -> rudy-mancuso-336c4d32.png
Saved Anwar_Jibawi -> anwar-jibawi-858a0d49.png
Saved King_Bach -> king-bach-289504d1.jpg
Saved Brent_Rivera -> brent-rivera-689c0152.jpg
Saved Hailey_Bieber -> hailey-bieber-cb152e9b.jpg
Saved Madison_Beer -> madison-beer-1e8a1741.jpg
Saved Nessa_Barrett -> nessa-barrett-951872d8.jpg
Saved Kalen_Allen -> kalen-allen-885f23e0.jpg
Saved Peter_McKinnon -> peter-mckinnon-25fb4275.jpg
Saved Marques_Brownlee -> marques-brownlee-c6f557fb.jpg
Saved Linus_Sebastian -> linus-sebastian-08b1ba7c.jpg
Saved Unbox_Therapy -> unbox-therapy-5857cbd2.png
Saved Austin_Evans_(YouTuber) -> austin-evans-youtuber-8a6d96db.png
Saved SSSniperWolf -> sssniperwolf-a23944dc.jpg
Saved JoJo_Siwa -> jojo-siwa-be885d51.jpg
Saved Piper_Rockelle -> piper-rockelle-e3968194.png
Saved Dixie_D%27Amelio -> dixie-d-amelio-4a851474.jpg
Saved Avani_Gregg -> avani-gregg-d971bcc6.jpg
Saved Chase_Hudson -> chase-hudson-e9c9eb0d.jpg
Saved Noah_Beck -> noah-beck-aef9818a.png
Saved Larray -> larray-670a46db.png
Saved Josh_Richards -> josh-richards-c4fae2e3.jpg
Saved Griffin_Johnson -> griffin-johnson-10e823dd.png
Saved Bryce_Hall -> bryce-hall-4840ec01.jpg
Saved Quackity -> quackity-d8ea2079.jpg
Saved Ranboo -> ranboo-24a46d82.png
Saved Mia_Khalifa -> mia-khalifa-3d3242ea.png
Saved Rebecca_Zamolo -> rebecca-zamolo-6ca786b6.png
Saved TimTheTatman -> timthetatman-ea7cba0c.jpg
Saved Nick_Eh_30 -> nick-eh-30-e033db39.jpg
Saved TommyInnit -> tommyinnit-ed6eecd2.jpg
Saved Tubbo -> tubbo-343cf578.jpg
Saved Wilbur_Soot -> wilbur-soot-cf0b49d0.png
Saved GeorgeNotFound -> georgenotfound-36afd475.jpg
Saved Sapnap -> sapnap-6651b865.jpg
Saved Karl_Jacobs -> karl-jacobs-3650fc36.jpg
Saved Jacksfilms -> jacksfilms-9f81ef47.jpg
Saved H3H3Productions -> h3h3productions-d1012e97.png
Saved Ethan_Klein -> ethan-klein-007b0324.png
Saved Hila_Klein -> hila-klein-b6cd2b20.png
Saved The_Try_Guys -> the-try-guys-3401267f.jpg
Saved Eugene_Lee_Yang -> eugene-lee-yang-18abe10e.jpg
Saved Keith_Habersberger -> keith-habersberger-57834641.jpg
Saved Zack_Kornfeld -> zack-kornfeld-90aabfa6.jpg
Saved Matt_Stonie -> matt-stonie-15381d14.jpg
Saved Joey_Chestnut -> joey-chestnut-e7e3b909.jpg
Saved Nathan_Zed -> nathan-zed-7263a019.png
Saved Ninja_(gamer) -> ninja-gamer-9b7d32ab.jpg
Saved Philosophy_Tube -> philosophy-tube-b22a399c.jpg
Saved Lindsay_Ellis -> lindsay-ellis-8dd72c0e.jpg
Saved Hbomberguy -> hbomberguy-b9793030.png
Saved Dan_Olson_(filmmaker) -> dan-olson-filmmaker-1a8f26ff.jpg
Saved Rebecca_Watson -> rebecca-watson-f5476488.jpg
Saved Destiny_(streamer) -> destiny-streamer-1a60ba30.jpg
Saved Vaush -> vaush-15cbf6a2.jpg
Saved Onision -> onision-379909c4.jpg
Saved Leafy_(YouTuber) -> leafy-youtuber-c233fbcc.jpg
Saved IDubbbz -> idubbbz-308d814a.jpg
Saved Joji_(musician) -> joji-musician-6c40ad09.png
Saved Steven_Jay_Williford -> steven-jay-williford-fce214d6.jpg
Saved RiceGum -> ricegum-a643e2b5.png
FAILED Shoenice22: No image found for Shoenice22 (Shoenice22)
Saved Anthony_Padilla -> anthony-padilla-22227cb7.jpg
Saved Ryan_Kaji -> ryan-kaji-b4a1671a.jpg
Saved Captain_Disillusion -> captain-disillusion-b3e4fa2c.jpg
Saved Tom_Scott_(entertainer) -> tom-scott-entertainer-6bbf4a05.jpg
Saved Simone_Giertz -> simone-giertz-587a468e.jpg
Saved Pulp_Fiction -> pulp-fiction-fc6b9862.jpg
Saved Titanic_(1997_film) -> titanic-1997-film-9cd92ab6.png
Saved Jurassic_Park_(film) -> jurassic-park-film-9689d23a.jpg
Saved Avatar_(2009_film) -> avatar-2009-film-169aa883.jpg
Saved The_Godfather -> the-godfather-0c68182f.jpg
Saved The_Shawshank_Redemption -> the-shawshank-redemption-8f39b623.jpg
Saved The_Matrix -> the-matrix-96dcc802.png
Saved Inception -> inception-82d5c258.jpg
Saved Interstellar_(film) -> interstellar-film-3f2cc911.jpg
Saved Gladiator_(2000_film) -> gladiator-2000-film-34d92beb.png
Saved The_Lion_King -> the-lion-king-f920143b.jpg
Saved Finding_Nemo -> finding-nemo-8768d2b4.jpg
Saved Toy_Story -> toy-story-4d62987c.jpg
Saved Shrek -> shrek-75e664de.jpg
Saved Frozen_(2013_film) -> frozen-2013-film-7ede1bff.jpg
Saved Aladdin_(1992_Disney_film) -> aladdin-1992-disney-film-1303b9e7.jpg
Saved Beauty_and_the_Beast_(1991_film) -> beauty-and-the-beast-1991-film-c2f656fb.jpg
Saved The_Little_Mermaid_(1989_film) -> the-little-mermaid-1989-film-615ce703.png
Saved Home_Alone -> home-alone-bdd79e42.jpg
Saved Jaws_(film) -> jaws-film-407b762c.jpg
Saved Rocky -> rocky-a1cf264f.jpg
Saved The_Terminator -> the-terminator-330586cd.png
Saved Terminator_2:_Judgment_Day -> terminator-2-judgment-day-ba8a8ede.png
Saved Die_Hard -> die-hard-b7539a27.jpg
Saved Ghostbusters -> ghostbusters-d8394b4f.png
Saved Back_to_the_Future -> back-to-the-future-10dcdb27.jpg
Saved Star_Wars_(film) -> star-wars-film-49021869.jpg
Saved Return_of_the_Jedi -> return-of-the-jedi-a3d47a5c.jpg
Saved The_Lord_of_the_Rings:_The_Fellowship_of_the_Ring -> the-lord-of-the-rings-the-fellowship-of-the-ring-7805cf57.jpg
Saved The_Lord_of_the_Rings:_The_Two_Towers -> the-lord-of-the-rings-the-two-towers-c70800b8.jpg
Saved The_Lord_of_the_Rings:_The_Return_of_the_King -> the-lord-of-the-rings-the-return-of-the-king-7b5bf321.jpg
Saved Harry_Potter_and_the_Philosopher%27s_Stone_(film) -> harry-potter-and-the-philosopher-s-stone-film-51dfdb94.jpg
Saved The_Avengers_(2012_film) -> the-avengers-2012-film-ebc10caf.jpg
Saved Iron_Man_(2008_film) -> iron-man-2008-film-1329fd9a.jpg
Saved Spider-Man:_No_Way_Home -> spider-man-no-way-home-b1952644.jpg
Saved Black_Panther_(film) -> black-panther-film-840f69aa.jpg
Saved The_Dark_Knight_Rises -> the-dark-knight-rises-965ebe1c.jpg
Saved Guardians_of_the_Galaxy_(film) -> guardians-of-the-galaxy-film-fa60c166.jpg
Saved Whiplash_(2014_film) -> whiplash-2014-film-04f74f2d.jpg
Saved La_La_Land -> la-la-land-e45f0e99.png
Saved Nomadland -> nomadland-05d95d8d.jpeg
Saved CODA_(2021_film) -> coda-2021-film-92853453.jpeg
Saved Parasite_(2019_film) -> parasite-2019-film-cf0df783.png
Saved Room_(2015_film) -> room-2015-film-94cdc034.png
Saved Manchester_by_the_Sea_(film) -> manchester-by-the-sea-film-ec30d8ef.jpg
Saved Arrival_(film) -> arrival-film-afc959bf.jpg
Saved Hell_or_High_Water_(film) -> hell-or-high-water-film-7e02c011.png
Saved Lion_(2016_film) -> lion-2016-film-7f2db1d5.png
Saved Three_Billboards_Outside_Ebbing,_Missouri -> three-billboards-outside-ebbing-missouri-c30cf124.png
Saved The_Shape_of_Water -> the-shape-of-water-9a319d42.png
Saved Call_Me_by_Your_Name_(film) -> call-me-by-your-name-film-169a929a.png
Saved Lady_Bird_(film) -> lady-bird-film-8c55c5a5.jpeg
Saved The_Big_Short_(film) -> the-big-short-film-04ec087a.png
Saved The_Revenant_(2015_film) -> the-revenant-2015-film-e3e319a8.jpg
Saved Mad_Max:_Fury_Road -> mad-max-fury-road-d539768a.jpg
Saved Boyhood_(film) -> boyhood-film-a84971b6.png
Saved The_Grand_Budapest_Hotel -> the-grand-budapest-hotel-529b0fb2.png
Saved Gravity_(2013_film) -> gravity-2013-film-019a7cbd.jpg
Saved Argo_(2012_film) -> argo-2012-film-fd7b5888.jpg
Saved Zero_Dark_Thirty -> zero-dark-thirty-9416a2af.jpg
Saved The_Artist_(film) -> the-artist-film-608857c3.jpg
Saved The_Fighter -> the-fighter-7050499c.jpg
Saved Fruitvale_Station -> fruitvale-station-4bb8dc4d.jpg
Saved Prisoners_(2013_film) -> prisoners-2013-film-956c1bea.jpg
Saved Sicario_(2015_film) -> sicario-2015-film-2dca9e31.jpg
Saved Blade_Runner_2049 -> blade-runner-2049-025e5053.png
Saved Dunkirk_(2017_film) -> dunkirk-2017-film-88a7ca4e.jpg
Saved 1917_(2019_film) -> 1917-2019-film-297ac472.jpeg
Saved Ford_v_Ferrari -> ford-v-ferrari-89490cfc.png
Saved The_Social_Network -> the-social-network-62dfc2e8.png
Saved Black_Swan_(film) -> black-swan-film-b79548d5.jpg
Saved Foxcatcher -> foxcatcher-567aa987.jpg
Saved Brooklyn_(film) -> brooklyn-film-6be3c73a.jpg
Saved Carol_(film) -> carol-film-be3eb6b6.jpg
Saved Roma_(2018_film) -> roma-2018-film-754555c9.png
Saved A_Star_Is_Born_(2018_film) -> a-star-is-born-2018-film-105432d3.png
Saved Marriage_Story -> marriage-story-4970a847.png
Saved The_Master_(2012_film) -> the-master-2012-film-831e6391.jpg
Saved Memento_(film) -> memento-film-d033f3ef.jpg
Saved In_Bruges -> in-bruges-2c7a17b8.png
Saved The_Lobster -> the-lobster-4be2b002.jpg
Saved Ex_Machina_(film) -> ex-machina-film-8fb5c3ed.jpg
Saved Annihilation_(film) -> annihilation-film-3b536488.png
Saved Under_the_Skin_(2013_film) -> under-the-skin-2013-film-0de1bf3d.png
Saved Enemy_(2013_film) -> enemy-2013-film-7b8d4140.jpg
Saved Nightcrawler_(film) -> nightcrawler-film-9bfa83e8.jpg
Saved Uncut_Gems -> uncut-gems-81e854dc.jpg
Saved Good_Time -> good-time-311553e3.png
Saved The_Witch_(2015_film) -> the-witch-2015-film-ac62b8bb.png
Saved Hereditary_(film) -> hereditary-film-5a72bf3f.png
Saved Midsommar -> midsommar-33c89a74.png
Saved Get_Out -> get-out-923121ac.png
Saved Us_(2019_film) -> us-2019-film-9007c188.png
Saved The_Babadook -> the-babadook-aacc1f5d.jpg
Saved It_Follows -> it-follows-105bcc83.jpg
Saved A_Ghost_Story -> a-ghost-story-49628bb2.jpeg
Saved Moon_(2009_film) -> moon-2009-film-4a417f75.jpg
Saved Primer_(film) -> primer-film-417c5554.jpg
Saved Coherence_(film) -> coherence-film-41ffbc4b.jpg
Saved Donnie_Darko -> donnie-darko-b06f8b49.jpg
Saved Requiem_for_a_Dream -> requiem-for-a-dream-c5c06b9f.jpg
Saved Pi_(film) -> pi-film-f138c5d6.jpg
Saved Mulholland_Drive_(film) -> mulholland-drive-film-7d613460.png
Saved Blue_Velvet_(film) -> blue-velvet-film-e7b06d20.png
Saved Lost_Highway_(film) -> lost-highway-film-51eafb23.png
Saved Synecdoche,_New_York -> synecdoche-new-york-ec10f852.jpg
Saved Being_John_Malkovich -> being-john-malkovich-f12b10b8.jpg
Saved Adaptation_(film) -> adaptation-film-fe040770.jpg
Saved Eternal_Sunshine_of_the_Spotless_Mind -> eternal-sunshine-of-the-spotless-mind-47255522.png
Saved The_Florida_Project -> the-florida-project-291521a4.jpg
Saved American_Honey_(film) -> american-honey-film-77e61d2f.png
Saved Minari_(film) -> minari-film-6e7faf93.png
Saved Past_Lives_(film) -> past-lives-film-1bd76be1.png
Saved Aftersun -> aftersun-0ca4a740.jpg
Saved The_Worst_Person_in_the_World -> the-worst-person-in-the-world-f03117c5.jpg
Reused Burning_(2018_film) -> burning-2018-film-b5c00a58.jpg
Reused Shoplifters_(film) -> shoplifters-film-29dd7478.jpg
Reused A_Separation -> a-separation-c18323f5.png
Saved The_Mandalorian -> the-mandalorian-3c3ed0a8.png
Saved House_of_the_Dragon -> house-of-the-dragon-b8a0ec74.png
Saved The_Boys_(2019_TV_series) -> the-boys-2019-tv-series-e927bd88.png
Saved Cobra_Kai -> cobra-kai-e7e575a8.png
Saved Better_Call_Saul -> better-call-saul-f3f1acf7.png
Saved The_Handmaid%27s_Tale_(TV_series) -> the-handmaid-s-tale-tv-series-b9d0f682.png
Saved Vikings_(2013_TV_series) -> vikings-2013-tv-series-b9a2337d.png
Saved House_(TV_series) -> house-tv-series-91e46c67.png
Saved NCIS_(TV_series) -> ncis-tv-series-340ebe1f.png
Saved CSI:_Miami -> csi-miami-878c8386.png
Saved Two_and_a_Half_Men -> two-and-a-half-men-bb3151d3.png
Saved Family_Guy -> family-guy-766c2c8e.png
Saved American_Dad! -> american-dad-5d6072d0.png
Saved Rick_and_Morty -> rick-and-morty-e47d1b74.png
Saved The_Flash_(2014_TV_series) -> the-flash-2014-tv-series-716a4988.png
Saved Arrow_(TV_series) -> arrow-tv-series-e49fe45b.png
Saved Supernatural_(American_TV_series) -> supernatural-american-tv-series-cb3206e4.png
Saved Doctor_Who -> doctor-who-fa65a9a3.png
Saved Sherlock_(TV_series) -> sherlock-tv-series-7e0b791d.jpg
Saved Downton_Abbey -> downton-abbey-8cb89823.jpg
Saved Full_House -> full-house-e336185b.png
Saved Saved_by_the_Bell -> saved-by-the-bell-e549956f.png
Saved The_Fresh_Prince_of_Bel-Air -> the-fresh-prince-of-bel-air-ff4fee10.png
Saved Boy_Meets_World -> boy-meets-world-dfae5879.png
Saved That_%2770s_Show -> that-70s-show-cddfb975.png
Saved Scrubs_(TV_series) -> scrubs-tv-series-3e9f555b.png
Saved Gossip_Girl -> gossip-girl-5c50fbe1.png
Saved The_O.C. -> the-o-c-879cd95f.jpg
Saved One_Tree_Hill_(TV_series) -> one-tree-hill-tv-series-4a214894.jpg
Saved Gilmore_Girls -> gilmore-girls-c2c8185f.jpg
Saved Desperate_Housewives -> desperate-housewives-b66ce46b.png
Saved The_Good_Place -> the-good-place-350d6035.png
Saved Brooklyn_Nine-Nine -> brooklyn-nine-nine-811b1319.png
Saved Modern_Family -> modern-family-23d28ba4.png
Saved New_Girl -> new-girl-d4d4648d.jpg
Saved Schitt%27s_Creek -> schitt-s-creek-47afebe9.png
Saved Grace_and_Frankie -> grace-and-frankie-3dba7d2c.png
Saved 13_Reasons_Why -> 13-reasons-why-a7901ec2.png
Saved Halt_and_Catch_Fire_(TV_series) -> halt-and-catch-fire-tv-series-f6ea7aa6.jpg
Saved Hell_on_Wheels_(TV_series) -> hell-on-wheels-tv-series-81666fd4.jpg
Saved Justified_(TV_series) -> justified-tv-series-0e5089b2.png
Saved Rectify -> rectify-279b8ae4.png
Saved Rome_(TV_series) -> rome-tv-series-1aebda1f.jpg
Saved Spartacus_(TV_series) -> spartacus-tv-series-e7ad02ce.png
Saved The_Tudors -> the-tudors-0ed39540.jpg
Saved The_Knick -> the-knick-8866a948.jpg
Saved Better_Things_(TV_series) -> better-things-tv-series-cf3dea8e.png
Saved Atlanta_(TV_series) -> atlanta-tv-series-316412d9.png
Saved Insecure_(TV_series) -> insecure-tv-series-9cc60aa0.png
Saved Master_of_None -> master-of-none-ed1be719.png
Saved GLOW_(TV_series) -> glow-tv-series-62ea5ac2.png
Saved Barry_(TV_series) -> barry-tv-series-07e7b8ec.png
Saved The_Marvelous_Mrs._Maisel -> the-marvelous-mrs-maisel-5c5aac5f.png
Saved Bridgerton -> bridgerton-c12c834e.png
Saved The_Queen%27s_Gambit_(miniseries) -> the-queen-s-gambit-miniseries-454d722e.png
Saved Mindhunter -> mindhunter-6e818589.png
Saved Narcos:_Mexico -> narcos-mexico-6aeddcc3.png
Saved The_Killing_(American_TV_series) -> the-killing-american-tv-series-ded8be7e.png
Saved Happy_Valley_(TV_series) -> happy-valley-tv-series-53806db9.jpg
Saved Line_of_Duty -> line-of-duty-bafeb1cf.jpg
Saved Luther_(TV_series) -> luther-tv-series-6281a23c.png
Saved The_Fall_(TV_series) -> the-fall-tv-series-84ba939f.png
Saved The_Missing_(TV_series) -> the-missing-tv-series-29c0ed6b.png
Saved Bodyguard_(TV_series) -> bodyguard-tv-series-c9a5dcaf.jpg
Saved The_Night_Manager_(TV_series) -> the-night-manager-tv-series-61889369.jpg
Saved The_Night_Of -> the-night-of-ffbabafd.jpg
Saved The_Undoing_(TV_series) -> the-undoing-tv-series-4fb88b0a.png
Saved Big_Little_Lies_(TV_series) -> big-little-lies-tv-series-52c31d1e.png
Saved The_White_Lotus -> the-white-lotus-5850c949.png
Saved Hacks_(TV_series) -> hacks-tv-series-56e2ea14.png
Saved Yellowjackets_(TV_series) -> yellowjackets-tv-series-ef2e330f.png
Saved The_Righteous_Gemstones -> the-righteous-gemstones-0794f543.jpeg
Saved Ramy_(TV_series) -> ramy-tv-series-6bfb6274.jpg
Saved Pachinko_(TV_series) -> pachinko-tv-series-a44cb7b0.png
Saved Tokyo_Vice_(TV_series) -> tokyo-vice-tv-series-d7f90656.jpg
Saved Slow_Horses -> slow-horses-68e5eb77.png
Saved Slings_and_Arrows -> slings-and-arrows-464efa64.jpg
Saved Dead_to_Me_(TV_series) -> dead-to-me-tv-series-bbbd9672.png
Saved Oz_(TV_series) -> oz-tv-series-c3e192d2.png
Saved Carniv%C3%A0le -> carnivale-0ae35738.jpg
Saved Enlightened_(TV_series) -> enlightened-tv-series-a193fc73.png
Saved Terriers_(TV_series) -> terriers-tv-series-52d434cb.png
Saved Lodge_49 -> lodge-49-7c6d2785.jpg
Saved Patriot_(TV_series) -> patriot-tv-series-0628bc22.png
Saved Search_Party_(TV_series) -> search-party-tv-series-3623500e.png
Saved Review_(American_TV_series) -> review-american-tv-series-12e45c1a.jpg
Saved Nathan_for_You -> nathan-for-you-879ca68a.png
Saved The_Rehearsal_(TV_series) -> the-rehearsal-tv-series-13ff4c8b.png
Saved Documentary_Now! -> documentary-now-d6c3aca3.jpg
Saved I_Think_You_Should_Leave_with_Tim_Robinson -> i-think-you-should-leave-with-tim-robinson-ddf42034.png
Saved Detectorists -> detectorists-66752023.png
Saved Fresh_Meat_(TV_series) -> fresh-meat-tv-series-6835ead8.jpg
Saved Peep_Show_(British_TV_series) -> peep-show-british-tv-series-fb67e0b4.jpg
Saved The_Thick_of_It -> the-thick-of-it-bff7517a.jpg
Saved The_Inbetweeners -> the-inbetweeners-4315cae4.png
Saved This_Is_England_%2786 -> this-is-england-86-3d6e7d5f.jpg
Saved The_End_of_the_F***ing_World -> the-end-of-the-f-ing-world-970f2661.png
Saved Black_Books -> black-books-503261a3.jpg
Saved The_IT_Crowd -> the-it-crowd-d2e1da68.jpg
Saved Garth_Marenghi%27s_Darkplace -> garth-marenghi-s-darkplace-2b00c98e.jpg
Saved Spaced -> spaced-e2dd9707.jpg
Saved Rubicon_(American_TV_series) -> rubicon-american-tv-series-c23783e6.jpg
Saved Treme_(TV_series) -> treme-tv-series-32a8d9c6.jpg
Saved Generation_Kill -> generation-kill-78e374e1.jpg
Saved Show_Me_a_Hero -> show-me-a-hero-dab3d180.jpg
Saved Olive_Kitteridge_(miniseries) -> olive-kitteridge-miniseries-91dce1d7.jpg
Saved The_Pacific_(miniseries) -> the-pacific-miniseries-08373649.jpg
Saved John_Adams_(miniseries) -> john-adams-miniseries-892f6b0c.jpg
Saved Angels_in_America_(miniseries) -> angels-in-america-miniseries-3a83a052.jpg
Saved The_Comeback_(TV_series) -> the-comeback-tv-series-554ce109.png
Saved Party_Down -> party-down-44b6799b.png
Saved Flight_of_the_Conchords_(TV_series) -> flight-of-the-conchords-tv-series-32151c5a.png
Saved Getting_On_(American_TV_series) -> getting-on-american-tv-series-71a2e04e.png
Saved High_Maintenance_(TV_series) -> high-maintenance-tv-series-0926b194.png
Saved Looking_(TV_series) -> looking-tv-series-c3726bfc.png
Saved Justified:_City_Primeval -> justified-city-primeval-e07619e0.png
Saved Catastrophe_(British_TV_series) -> catastrophe-british-tv-series-f4075f76.jpg
Saved The_Crazy_Ones -> the-crazy-ones-13ca4b6f.png
Saved Toni_Kroos -> toni-kroos-9c4a56ce.jpg
Saved Philippe_Coutinho -> philippe-coutinho-11acde82.jpg
Saved Marcelo_(footballer,_born_1988) -> marcelo-footballer-born-1988-6ac00a2c.jpg
Saved Kak%C3%A1 -> kaka-3d98bc9f.jpg
Saved David_de_Gea -> david-de-gea-84b1eb94.jpg
Saved Alisson_Becker -> alisson-becker-d83e58d2.jpg
Saved Ederson_(footballer,_born_1993) -> ederson-footballer-born-1993-bc420d1d.png
Saved Trent_Alexander-Arnold -> trent-alexander-arnold-d205bcfe.jpg
Saved Andrew_Robertson_(footballer) -> andrew-robertson-footballer-3fb26bd8.jpg
Saved Declan_Rice -> declan-rice-b33a5224.jpg
Saved Phil_Foden -> phil-foden-20dc3759.jpg
Saved Marcus_Rashford -> marcus-rashford-6c67ffb0.jpg
Saved Jack_Grealish -> jack-grealish-acd72d45.jpg
Saved Raheem_Sterling -> raheem-sterling-0e149d30.jpg
Saved Harry_Maguire -> harry-maguire-5112337e.jpg
Saved Jordan_Henderson -> jordan-henderson-bbf2ffcd.jpg
Saved Steven_Gerrard -> steven-gerrard-e1acb7d9.jpg
Saved Frank_Lampard -> frank-lampard-5e881c89.jpg
Saved Rio_Ferdinand -> rio-ferdinand-48425480.jpg
Saved John_Terry -> john-terry-cc206b87.jpg
Saved Paul_Scholes -> paul-scholes-1972aa3b.jpg
Saved Ryan_Giggs -> ryan-giggs-91017d0f.jpg
Saved Eric_Cantona -> eric-cantona-e5ea3efa.jpg
Saved Peter_Schmeichel -> peter-schmeichel-0be80450.jpg
Saved Alan_Shearer -> alan-shearer-e0d51e53.jpg
Saved Michael_Owen -> michael-owen-f0e3127e.jpg
Saved Gary_Lineker -> gary-lineker-e1bd821c.jpg
Saved Paul_Gascoigne -> paul-gascoigne-39b1adbf.png
Saved Gerard_Piqu%C3%A9 -> gerard-pique-1f7a780a.jpg
Saved Jordi_Alba -> jordi-alba-a29faa1e.jpg
Saved Sergi_Roberto -> sergi-roberto-60bfd448.jpg
Saved Eden_Hazard -> eden-hazard-2a86d616.jpg
Saved Achraf_Hakimi -> achraf-hakimi-1e03d72a.jpg
Saved Roberto_Firmino -> roberto-firmino-062d2c21.jpg
Saved Thibaut_Courtois -> thibaut-courtois-ee2a41f8.jpg
Saved Jo%C3%ABl_Matip -> joel-matip-53fa9cb7.jpg
Saved Paul_Pogba -> paul-pogba-a9b483a1.jpg
Saved N%27Golo_Kant%C3%A9 -> n-golo-kante-a27ccfed.jpg
Saved Hugo_Lloris -> hugo-lloris-125e4256.jpg
Saved Olivier_Giroud -> olivier-giroud-71783b7c.png
Saved Kingsley_Coman -> kingsley-coman-41cde5b5.jpg
Saved Presnel_Kimpembe -> presnel-kimpembe-8d8483e3.jpg
Saved Ousmane_Demb%C3%A9l%C3%A9 -> ousmane-dembele-85ee1e9a.jpg
Saved Rodri -> rodri-545c429c.jpg
Saved Gavi_(footballer) -> gavi-footballer-7ab627d7.jpg
Saved Ferran_Torres -> ferran-torres-8488a02d.png
Saved %C3%81lvaro_Morata -> alvaro-morata-96cf8131.jpg
Saved Thiago_Alc%C3%A2ntara -> thiago-alcantara-a08dae32.jpg
Saved Koke_(footballer,_born_1992) -> koke-footballer-born-1992-7b3f8844.jpg
Saved Lautaro_Mart%C3%ADnez -> lautaro-martinez-185c72bd.jpg
Saved Emiliano_Mart%C3%ADnez -> emiliano-martinez-8cc5d935.jpg
Saved Rodrigo_De_Paul -> rodrigo-de-paul-12f27ada.jpg
Saved Paulo_Dybala -> paulo-dybala-b69bc822.jpg
Saved Vin%C3%ADcius_Tobias -> vinicius-tobias-86ac3f6a.jpg
Saved Rodrygo -> rodrygo-28b6e73d.jpg
Saved Fabinho_(footballer,_born_1993) -> fabinho-footballer-born-1993-38f37a6c.jpg
Saved Thiago_Silva -> thiago-silva-b6b1c84f.jpg
Saved David_Luiz -> david-luiz-5eff69fa.jpg
Saved Fernandinho_(footballer,_born_1985) -> fernandinho-footballer-born-1985-cfb890e8.jpg
Saved Joshua_Kimmich -> joshua-kimmich-70746abf.jpg
Saved Leon_Goretzka -> leon-goretzka-dcfd10da.jpg
Saved Leroy_San%C3%A9 -> leroy-sane-a9955514.jpg
Saved Serge_Gnabry -> serge-gnabry-5c388739.jpg
Saved Kai_Havertz -> kai-havertz-df875f78.jpg
Saved Timo_Werner -> timo-werner-7c2aa994.jpg
Saved Marco_Reus -> marco-reus-8212ad17.jpg
Saved Mario_G%C3%B6tze -> mario-gotze-e6cb77c2.jpg
Saved Bastian_Schweinsteiger -> bastian-schweinsteiger-4f898f14.jpg
Saved Matthias_Sammer -> matthias-sammer-d05ef06c.jpg
Saved Oliver_Kahn -> oliver-kahn-1b7492af.jpg
Saved Antonio_R%C3%BCdiger -> antonio-rudiger-4882ba37.jpg
Saved Aur%C3%A9lien_Tchouam%C3%A9ni -> aurelien-tchouameni-9ddaa059.jpg
Saved %C3%89der_Milit%C3%A3o -> eder-militao-066ccb0b.png
Saved J%C3%A9r%C3%B4me_Boateng -> jerome-boateng-a1116a6d.jpg
Saved Gabriel_Batistuta -> gabriel-batistuta-c61744d0.jpg
Saved Hern%C3%A1n_Crespo -> hernan-crespo-b469225d.jpg
Saved Juan_Sebasti%C3%A1n_Ver%C3%B3n -> juan-sebastian-veron-a988c6e1.jpg
Saved Walter_Samuel -> walter-samuel-875d9d90.jpg
Saved Javier_Saviola -> javier-saviola-7be3891b.jpg
Saved Mario_Kempes -> mario-kempes-f866948c.jpg
Saved Daniel_Passarella -> daniel-passarella-be300969.jpg
Saved Ossie_Ardiles -> ossie-ardiles-6e4da5d4.jpg
Saved Rivellino -> rivellino-a4b04df2.jpg
Saved S%C3%B3crates -> socrates-6bd1cbf2.jpg
Saved Falc%C3%A3o_(footballer,_born_1953) -> falcao-footballer-born-1953-0568d9b8.jpg
Saved Jairzinho -> jairzinho-9156b2d5.jpg
Saved Tost%C3%A3o -> tostao-741d9714.jpg
Saved G%C3%A9rson_(footballer,_born_1941) -> gerson-footballer-born-1941-0e7736dd.jpg
Saved Bebeto -> bebeto-9bb8950a.jpg
Saved Gianni_Rivera -> gianni-rivera-3020b48f.jpg
Saved Giuseppe_Meazza -> giuseppe-meazza-28166826.jpg
Saved Paolo_Rossi -> paolo-rossi-ff92c5f9.jpg
Saved Luigi_Riva -> luigi-riva-e9104d4d.jpg
Saved Sandro_Mazzola -> sandro-mazzola-3f3e4767.jpg
Saved Dino_Zoff -> dino-zoff-477d7840.jpg
Saved Gaetano_Scirea -> gaetano-scirea-4e963407.jpg
Saved Franco_Baresi -> franco-baresi-a6b7df4f.jpg
Saved Marco_Tardelli -> marco-tardelli-4a8db508.jpg
Saved Filippo_Inzaghi -> filippo-inzaghi-ceb7e6df.jpg
Saved Alessandro_Del_Piero -> alessandro-del-piero-153b1204.jpg
Saved Eus%C3%A9bio -> eusebio-b4b70950.jpg
Saved Lu%C3%ADs_Figo -> luis-figo-1aa1ad81.jpg
Saved Rui_Costa -> rui-costa-52990748.png
Saved Deco -> deco-cd4ecb10.jpg
Saved Pepe_(footballer,_born_1983) -> pepe-footballer-born-1983-fc196d11.jpg
Saved Ricardo_Carvalho -> ricardo-carvalho-60835860.jpg
Saved Nuno_Gomes -> nuno-gomes-33609ec0.jpg
Saved Fernando_Torres -> fernando-torres-a2b121a7.jpg
Saved David_Silva -> david-silva-9077b928.jpg
Saved Andr%C3%A9s_Guardado -> andres-guardado-d4a71798.jpg
Saved Rafael_M%C3%A1rquez -> rafael-marquez-fdca75b6.jpg
Saved Hugo_S%C3%A1nchez -> hugo-sanchez-7c136258.jpg
Saved Javier_Hern%C3%A1ndez -> javier-hernandez-776c54d7.jpg
Saved Carlos_Valderrama -> carlos-valderrama-89c95480.jpg
Saved Piccolo_(Dragon_Ball) -> piccolo-dragon-ball-a2b850da.png
Saved Trunks_(Dragon_Ball) -> trunks-dragon-ball-ceb36ad4.jpg
Saved Broly -> broly-8a8dc9fd.png
Saved Frieza -> frieza-d966bbb1.jpg
Saved Majin_Buu -> majin-buu-7167d539.png
Saved Krillin -> krillin-a100b970.png
Saved Master_Roshi -> master-roshi-3ead164a.jpg
Saved Hinata_Hyuga -> hinata-hyuga-385e8cd4.jpg
Saved Sakura_Haruno -> sakura-haruno-072265bc.jpg
Saved Itachi_Uchiha -> itachi-uchiha-d4e4fb52.jpg
Saved Jiraiya_(Naruto) -> jiraiya-naruto-be68bc42.jpg
Saved Tsunade -> tsunade-41b8fc2b.jpg
Saved Orochimaru_(Naruto) -> orochimaru-naruto-43e1a6c4.jpg
Saved Minato_Namikaze -> minato-namikaze-8adf3390.jpg
Saved Boruto_Uzumaki -> boruto-uzumaki-6ce8408c.jpeg
Saved Armin_Arlert -> armin-arlert-04fff617.jpg
Saved Historia_Reiss -> historia-reiss-313b0883.png
Saved Zeke_Yeager -> zeke-yeager-e61a07e5.png
Saved Rukia_Kuchiki -> rukia-kuchiki-60ffe69a.jpg
Saved Uryu_Ishida -> uryu-ishida-f28c8f20.jpg
Saved Byakuya_Kuchiki -> byakuya-kuchiki-beeb6d59.png
Saved Ulquiorra_Cifer -> ulquiorra-cifer-62f42ed7.jpg
Saved Shanks -> shanks-86a6b4c6.jpg
Saved Portgas_D._Ace -> portgas-d-ace-6f18860d.png
Saved Edward_Newgate -> edward-newgate-24a5b20d.png
Saved Nico_Robin -> nico-robin-000a25fc.png
Saved Usopp -> usopp-afddd81a.png
Saved Franky_(One_Piece) -> franky-one-piece-9b8643d9.jpg
Saved Brook_(One_Piece) -> brook-one-piece-e50aab19.png
Saved Boa_Hancock -> boa-hancock-21e1d755.png
Saved Ochaco_Uraraka -> ochaco-uraraka-e8e0b05c.png
Saved Tenya_Iida -> tenya-iida-e0a3ef37.png
Saved Katsuki_Bakugo -> katsuki-bakugo-c224ef14.png
Saved Misa_Amane -> misa-amane-6369e0c9.jpg
Saved Ryuk_(Death_Note) -> ryuk-death-note-68ed9a92.jpg
Saved Kirito -> kirito-e1f7a65e.png
Saved Asuna_(Sword_Art_Online) -> asuna-sword-art-online-1accff6c.png
Saved List_of_Re:Zero_%E2%88%92_Starting_Life_in_Another_World_characters -> list-of-re-zero-starting-life-in-another-world-characters-5251c553.png
Saved Subaru_Natsuki -> subaru-natsuki-ba1f1dda.png
Saved Gogeta -> gogeta-af8557c5.png
Saved Shinichi_Kudo -> shinichi-kudo-ea35c709.png
Saved Conan_Edogawa -> conan-edogawa-465109da.png
Saved Lupin_III -> lupin-iii-b29c9ec9.png
Saved Doraemon -> doraemon-f6505e0a.jpg
Saved Astro_Boy -> astro-boy-cc2880a6.jpg
Saved Speed_Racer -> speed-racer-f85a9b19.png
Saved Totoro -> totoro-6e9c7185.jpg
Saved Howl_(Howl%27s_Moving_Castle) -> howl-howl-s-moving-castle-09f8c988.png
Saved San_(Princess_Mononoke) -> san-princess-mononoke-4fa6cf7f.png
Saved Porco_Rosso -> porco-rosso-c46f38ba.jpg
Saved Ponyo -> ponyo-e7d1c883.png
Saved Kiki_(Kiki%27s_Delivery_Service) -> kiki-kiki-s-delivery-service-715f01b1.jpg
Saved Castle_in_the_Sky -> castle-in-the-sky-1bef1c80.png
Saved Faye_Valentine -> faye-valentine-7987ce81.jpg
Saved Jet_Black_(Cowboy_Bebop) -> jet-black-cowboy-bebop-b6368226.jpg
Saved Edward_Wong_Hau_Pepelu_Tivrusky_IV -> edward-wong-hau-pepelu-tivrusky-iv-7276842f.jpg
Saved Android_18 -> android-18-e2765d42.jpg
Saved Android_17 -> android-17-5b50537f.jpg
Saved Videl -> videl-a6583b22.jpg
Saved Chi-Chi_(Dragon_Ball) -> chi-chi-dragon-ball-2093bd14.jpg
Saved Kazuma_Kuwabara -> kazuma-kuwabara-91ae9c14.png
Saved Kurama_(Yu_Yu_Hakusho) -> kurama-yu-yu-hakusho-98587e7b.png
Saved Yoh_Asakura -> yoh-asakura-f1c6f9ad.png
Saved Hao_Asakura -> hao-asakura-be0d49f2.jpeg
Saved Nura:_Rise_of_the_Yokai_Clan -> nura-rise-of-the-yokai-clan-f4643239.png
Saved Allen_Walker -> allen-walker-60b2cf8b.png
Saved Alphonse_Elric -> alphonse-elric-c99cfeb6.jpg
Saved Winry_Rockbell -> winry-rockbell-ca2d6da4.jpg
Saved Scar_(Fullmetal_Alchemist) -> scar-fullmetal-alchemist-0f268ed0.jpg
Saved Van_Hohenheim -> van-hohenheim-197ae757.jpg
Saved Nicholas_D._Wolfwood -> nicholas-d-wolfwood-256028c2.jpg
Saved Rokuro_Okajima -> rokuro-okajima-a13708dc.png
Saved Seras_Victoria -> seras-victoria-cc5024c6.png
Saved Integra_Hellsing -> integra-hellsing-3fb5f90d.png
Saved Botan_(Yu_Yu_Hakusho) -> botan-yu-yu-hakusho-d6150a63.jpg
Saved Balalaika_(Black_Lagoon) -> balalaika-black-lagoon-71247466.png
Saved Batou -> batou-d3521e6d.png
Saved Accelerator_(A_Certain_Magical_Index) -> accelerator-a-certain-magical-index-927e1e27.jpg
Saved Toma_Kamijo -> toma-kamijo-d296a826.png
Saved Mikoto_Misaka -> mikoto-misaka-a5b3a15f.jpg
Saved Kyon_(character) -> kyon-character-249e5e62.jpg
Saved Haruhi_Suzumiya_(character) -> haruhi-suzumiya-character-4a921f47.jpg
Saved Yuki_Nagato -> yuki-nagato-1c8b4b1b.jpg
Saved List_of_Clannad_characters -> list-of-clannad-characters-79c7b9e2.jpg
Saved Toradora! -> toradora-7f0bd827.jpg
Saved FLCL -> flcl-114b071e.jpg
Saved Lain_Iwakura -> lain-iwakura-16ac70cd.jpg
Saved Tetsuo_Shima -> tetsuo-shima-4e1b39ea.jpg
Saved Shotaro_Kaneda_(Akira) -> shotaro-kaneda-akira-af67e708.png
Saved Char_Aznable -> char-aznable-15b4b725.png
Saved Amuro_Ray -> amuro-ray-cab38bb6.jpg
Saved Heero_Yuy -> heero-yuy-db957be9.jpg
Saved Setsuna_F._Seiei -> setsuna-f-seiei-24a5647c.jpg
Saved Kamille_Bidan -> kamille-bidan-5d34cb58.jpg
Saved Domon_Kasshu -> domon-kasshu-d2b8c756.jpg
Saved Simon_(Gurren_Lagann) -> simon-gurren-lagann-a14be413.jpg
Saved Nia_Teppelin -> nia-teppelin-e9d0e5d8.jpg
Saved Madoka_Kaname -> madoka-kaname-f2e0dde2.png
Saved Sayaka_Miki -> sayaka-miki-9e738108.png
Saved Kyubey -> kyubey-47474760.png
Saved Makoto_Shinkai -> makoto-shinkai-62a83d2d.jpg
Saved Your_Name -> your-name-f5bba821.png
Saved Weathering_with_You -> weathering-with-you-b83f1690.jpg
Saved Senku_Ishigami -> senku-ishigami-da955847.jpg
Saved Dr._Stone -> dr-stone-4d9e9d7e.jpg
Saved Fire_Force -> fire-force-8d0518df.jpg
Saved Tatsumaki -> tatsumaki-dfb9055c.png
Saved Genos -> genos-68393052.jpg
Saved Garou_(One-Punch_Man) -> garou-one-punch-man-7599412c.jpg
Saved Shigeo_Kageyama -> shigeo-kageyama-d74815e5.png
Saved Reigen_Arataka -> reigen-arataka-b061819e.jpg
Saved Kusuo_Saiki -> kusuo-saiki-20653802.png
Saved Eikichi_Onizuka -> eikichi-onizuka-5fb1445f.jpg
Generated 1760 Who Am I images.
