Reused Cristiano_Ronaldo -> cristiano-ronaldo-922d9da8.jpg
Reused Lionel_Messi -> lionel-messi-4579e864.jpg
Reused Kylian_Mbapp%C3%A9 -> kylian-mbappe-cc842006.jpg
Reused Erling_Haaland -> erling-haaland-bd686495.jpg
Reused Mohamed_Salah -> mohamed-salah-9905971b.jpg
Reused Kevin_De_Bruyne -> kevin-de-bruyne-2c60f5db.png
Reused Neymar -> neymar-e9cd910e.jpg
Reused Sadio_Man%C3%A9 -> sadio-mane-8d416f38.jpg
Reused Zinedine_Zidane -> zinedine-zidane-e50461b8.jpg
Reused Ronaldo_(Brazilian_footballer) -> ronaldo-brazilian-footballer-765da738.jpg
Reused Marco_van_Basten -> marco-van-basten-30a2aeef.jpg
Reused Manuel_Neuer -> manuel-neuer-7679a102.jpg
Reused Thierry_Henry -> thierry-henry-2c210a2a.jpg
Reused Gareth_Bale -> gareth-bale-8a2b2bb5.jpg
Reused George_Weah -> george-weah-a517f661.jpg
Reused Zlatan_Ibrahimovi%C4%87 -> zlatan-ibrahimovic-f6f9aa93.jpg
Reused Sergio_Ag%C3%BCero -> sergio-aguero-b4cdde03.jpg
Reused Bruno_Fernandes -> bruno-fernandes-81da8d90.jpg
Reused David_Beckham -> david-beckham-2f1d6af1.jpg
Reused Johan_Cruyff -> johan-cruyff-5413fde7.jpg
Reused Dani_Alves -> dani-alves-4e5615cf.jpg
Reused Francesco_Totti -> francesco-totti-a5d1ff22.jpg
Reused Gerd_M%C3%BCller -> gerd-muller-68efe120.jpg
Reused Iker_Casillas -> iker-casillas-0179b6fb.jpg
Reused Harry_Kane -> harry-kane-4bc8b241.jpg
Reused %C3%81ngel_Di_Mar%C3%ADa -> angel-di-maria-8edf18a9.jpg
Reused Rapha%C3%ABl_Varane -> raphael-varane-a26ebd83.jpg
Reused Ra%C3%BAl_(footballer) -> raul-footballer-66e067d9.jpg
Reused Luka_Modri%C4%87 -> luka-modric-dd78ede8.jpg
Reused Diego_Maradona -> diego-maradona-a63520f1.jpg
Reused Pel%C3%A9 -> pele-e4e5f4c0.jpg
Reused Ferenc_Pusk%C3%A1s -> ferenc-puskas-97a9eeba.jpg
Reused Virgil_van_Dijk -> virgil-van-dijk-9458ae18.jpg
Reused Didier_Drogba -> didier-drogba-8449c010.jpg
Reused Ali_Daei -> ali-daei-473ccc36.jpg
Reused Alfredo_Di_St%C3%A9fano -> alfredo-di-stefano-7032398c.jpg
Reused Xavi -> xavi-6a6241f6.jpg
Reused Walter_White_(Breaking_Bad) -> walter-white-breaking-bad-f9425159.png
Reused Michael_Scofield -> michael-scofield-cd88268f.jpeg
Reused Daenerys_Targaryen -> daenerys-targaryen-38a0ecf3.jpg
Reused Sheldon_Cooper -> sheldon-cooper-e10500a1.jpg
Reused Dexter_Morgan -> dexter-morgan-6bc67b63.webp
Reused Ragnar_Lothbrok -> ragnar-lothbrok-bbe3f500.jpg
Reused Barry_Allen_(Arrowverse) -> barry-allen-arrowverse-86ade936.jpg
Reused Rick_Grimes -> rick-grimes-87e8bed9.jpg
Reused Harvey_Specter -> harvey-specter-c7c60178.jpg
Reused Negan -> negan-21ee3547.png
Reused Eleven_(Stranger_Things) -> eleven-stranger-things-c843d7fa.png
Reused Jon_Snow_(character) -> jon-snow-character-b50803c7.png
Reused Michael_Scott_(The_Office) -> michael-scott-the-office-e7eb964a.png
Reused Dwight_Schrute -> dwight-schrute-81b8fcbe.jpg
Reused Saul_Goodman -> saul-goodman-04fd724c.png
Reused Fox_Mulder -> fox-mulder-478a37de.png
Reused Gregory_House -> gregory-house-5fae7d38.png
Reused Night_King -> night-king-6e95952f.jpg
Reused Rachel_Zane -> rachel-zane-79cf9424.jpg
Reused Alexander_Mahone -> alexander-mahone-6e53ec21.jpg
Reused Raj_Koothrappali -> raj-koothrappali-5daf5b78.jpg
Reused Vecna_(Stranger_Things) -> vecna-stranger-things-c66fb232.jpg
Reused Gus_Fring -> gus-fring-bd364b28.png
Reused Tyrion_Lannister -> tyrion-lannister-989ee81a.jpg
Reused Cersei_Lannister -> cersei-lannister-fb6e7372.jpg
Reused Sansa_Stark -> sansa-stark-382fb62b.jpg
Reused Billy_Butcher -> billy-butcher-88ef1818.jpg
Reused Steve_Harrington -> steve-harrington-fa0b4779.jpg
Reused Dustin_Henderson -> dustin-henderson-0ed03554.webp
Reused Jim_Halpert -> jim-halpert-eb06836e.jpg
Reused Jimmy_McGill -> jimmy-mcgill-08cc0126.png
Reused Norman_Bates -> norman-bates-a397801b.jpg
Reused Joffrey_Baratheon -> joffrey-baratheon-135c1867.jpg
Reused Jesse_Pinkman -> jesse-pinkman-edf11582.png
Reused Ron_Swanson -> ron-swanson-33de133c.jpg
Reused Thomas_Magnum -> thomas-magnum-37203d51.png
Reused Josh_Lyman -> josh-lyman-99313cff.jpg
Reused Nancy_Botwin -> nancy-botwin-9be31e3c.png
Reused James_T._Kirk -> james-t-kirk-2b634b98.jpg
Reused Robin_Scherbatsky -> robin-scherbatsky-b28c4a24.png
Reused Leslie_Knope -> leslie-knope-2ff7e77e.png
Reused Mike_Ehrmantraut -> mike-ehrmantraut-a697bc33.png
Reused Chandler_Bing -> chandler-bing-2aa63cd4.png
Reused Monica_Geller -> monica-geller-b4be7916.jpg
Reused Phoebe_Buffay -> phoebe-buffay-0248b1ba.jpg
Reused Ross_Geller -> ross-geller-70a22bca.jpg
Reused Penny_(The_Big_Bang_Theory) -> penny-the-big-bang-theory-76453989.jpg
Reused Ted_Mosby -> ted-mosby-68b46d7d.jpg
Reused Saitama_(One-Punch_Man) -> saitama-one-punch-man-57f29834.png
Reused Naruto_Uzumaki -> naruto-uzumaki-1522810d.png
Reused Light_Yagami -> light-yagami-39470e13.jpg
Reused Eren_Yeager -> eren-yeager-66c810f2.png
Reused Levi_Ackerman -> levi-ackerman-95134406.png
Reused Tanjiro_Kamado -> tanjiro-kamado-bb7db887.png
Reused Vegeta_(Dragon_Ball) -> vegeta-dragon-ball-16e15e39.jpg
Reused Yuji_Itadori -> yuji-itadori-410c26c6.png
Reused All_Might -> all-might-d0046737.jpg
Reused Monkey_D._Luffy -> monkey-d-luffy-9f9354e3.png
Reused Ichigo_Kurosaki -> ichigo-kurosaki-13b3ec6b.jpg
Reused Killua_Zoldyck -> killua-zoldyck-b87e03f1.png
Reused Gon_Freecss -> gon-freecss-171c9b52.png
Reused Roronoa_Zoro -> roronoa-zoro-fb09bcff.jpg
Reused Nami_(One_Piece) -> nami-one-piece-1324622b.jpg
Reused Meruem -> meruem-2a3e9f55.png
Reused Nagato_(Naruto) -> nagato-naruto-acdecc17.png
Reused Beerus -> beerus-56868aa7.png
Reused Gohan -> gohan-6fb4393d.jpg
Reused Kyojuro_Rengoku -> kyojuro-rengoku-71696bce.png
Reused Satoru_Gojo -> satoru-gojo-135bdc6e.png
Reused Kenshin_Himura -> kenshin-himura-3ea89ee4.jpg
Reused Ryomen_Sukuna -> ryomen-sukuna-5a6095ff.webp
Reused Lelouch_vi_Britannia -> lelouch-vi-britannia-b2d22d6b.png
Reused Cell_(Dragon_Ball) -> cell-dragon-ball-f7f5db3f.png
Reused Jonathan_Joestar -> jonathan-joestar-3860e855.png
Reused Edward_Elric -> edward-elric-d610520a.jpg
Reused Kakashi_Hatake -> kakashi-hatake-2b21675d.jpg
Reused Jotaro_Kujo -> jotaro-kujo-ad6ec0b9.png
Reused Power_(Chainsaw_Man) -> power-chainsaw-man-7aea666d.png
Reused Erwin_Smith -> erwin-smith-20317a61.jpg
Reused Reiner_Braun -> reiner-braun-ef5f6ed8.jpg
Reused Dio_Brando -> dio-brando-20d4a033.jpg
Reused Akame_(character) -> akame-character-bc36bcb7.jpg
Reused Natsu_Dragneel -> natsu-dragneel-9ac35068.jpg
Reused Lucy_Heartfilia -> lucy-heartfilia-7294b5aa.jpg
Reused Roy_Mustang -> roy-mustang-25c8c31c.jpg
Reused Sanosuke_Sagara -> sanosuke-sagara-301f2972.jpg
Reused Arceus -> arceus-6697c17e.png
Reused Madara_Uchiha -> madara-uchiha-8859a6ca.jpg
Reused Sosuke_Aizen -> sosuke-aizen-4e8f002e.jpg
Reused Griffith_(Berserk) -> griffith-berserk-66aa741c.png
Reused Guts_(Berserk) -> guts-berserk-998875c3.png
Reused Denji_(Chainsaw_Man) -> denji-chainsaw-man-ec1a0b1a.png
Reused Mikasa_Ackerman -> mikasa-ackerman-887c7133.png
Reused L_(Death_Note) -> l-death-note-17b0dd2c.png
Reused Sasuke_Uchiha -> sasuke-uchiha-a0b292a3.jpg
Reused Iron_Man_(Marvel_Cinematic_Universe) -> iron-man-marvel-cinematic-universe-b1c7fa37.jpg
Reused Luke_Skywalker -> luke-skywalker-2d1d4d4b.jpg
Reused Ariel_(The_Little_Mermaid) -> ariel-the-little-mermaid-0f3fd129.png
Reused Simba -> simba-ce999b85.png
Reused Mary_Poppins_(character) -> mary-poppins-character-45e45bea.jpg
Reused Shrek_(character) -> shrek-character-538409f9.png
Reused Moana_(Disney) -> moana-disney-a6cd63fc.png
Reused WALL-E_(character) -> wall-e-character-f0e029b4.png
Reused Thanos -> thanos-07a26269.png
Reused Neo_(The_Matrix) -> neo-the-matrix-3edcfdad.jpg
Reused Elsa_(Frozen) -> elsa-frozen-d16c8f7c.png
Reused Mufasa -> mufasa-f23154be.webp
Reused Darth_Vader -> darth-vader-e064b5bd.jpg
Reused Spider-Man_(Marvel_Cinematic_Universe) -> spider-man-marvel-cinematic-universe-5aecfc64.jpg
Reused Harry_Potter_(character) -> harry-potter-character-0d32fdc7.jpg
Reused Terminator_(character) -> terminator-character-07090414.jpg
Reused John_Wick_(character) -> john-wick-character-755fd66c.jpeg
Reused Colonel_Kurtz -> colonel-kurtz-26087f46.jpg
Reused Hannibal_Lecter -> hannibal-lecter-a2432c17.jpg
Reused Annie_Wilkes -> annie-wilkes-6f09c4e7.jpg
Reused Magneto_(film_series_character) -> magneto-film-series-character-ec6706c9.webp
Reused Anton_Chigurh -> anton-chigurh-e62eadaa.jpg
Reused John_Hammond_(Jurassic_Park) -> john-hammond-jurassic-park-b45b167e.webp
Reused Joker_(2019_film) -> joker-2019-film-7e27b124.jpg
Reused Indiana_Jones_(character) -> indiana-jones-character-e5f7cff2.jpg
Reused Ethan_Hunt -> ethan-hunt-cb7f36bd.jpg
Reused Rocky_Balboa -> rocky-balboa-0b2525d8.jpeg
Reused Katniss_Everdeen -> katniss-everdeen-c099c289.jpg
Reused Morpheus_(The_Matrix) -> morpheus-the-matrix-980001f4.jpg
Reused Voldemort -> voldemort-f591a2fb.jpg
Reused Jack_Sparrow -> jack-sparrow-9f29a835.jpg
Reused William_Wallace_(Braveheart) -> william-wallace-braveheart-0163eaba.jpg
Reused Willy_Wonka -> willy-wonka-5ed73904.jpg
Reused T-1000 -> t-1000-bb202164.jpg
Reused Donnie_Darko_(character) -> donnie-darko-character-1199bb46.jpg
Reused The_Bride_(Kill_Bill) -> the-bride-kill-bill-e08ac370.jpg
Reused L%C3%A9on_Montana -> leon-montana-87d691bc.jpg
Reused Star-Lord -> star-lord-8ff1707b.png
Reused Vito_Corleone -> vito-corleone-4a24cc2c.png
Reused Marty_McFly -> marty-mcfly-fb3f0586.jpg
Reused Sarah_Connor_(Terminator) -> sarah-connor-terminator-fb6fb28b.jpg
Reused Ripley_(Alien) -> ripley-alien-3401f107.jpg
Reused Clarice_Starling -> clarice-starling-2f7acaa3.jpg
Reused Han_Solo -> han-solo-2b971bca.jpg
Reused Thor_(Marvel_Cinematic_Universe) -> thor-marvel-cinematic-universe-0487ad25.jpg
Reused Pennywise_(character) -> pennywise-character-9940f579.png
Reused Charles_Foster_Kane -> charles-foster-kane-309a38f2.jpg
Reused John_McClane -> john-mcclane-d5915a8b.jpg
Saved John_Wick -> john-wick-a5d1b552.png
Saved Jules_Winnfield -> jules-winnfield-48095782.jpg
Saved Leonidas_I -> leonidas-i-8187981c.jpg
Reused Big_Ben -> big-ben-2a8438ae.jpg
Reused Eiffel_Tower -> eiffel-tower-aeccf977.jpg
Reused Colosseum -> colosseum-a56c63f0.jpg
Reused Statue_of_Liberty -> statue-of-liberty-fa71a4c5.jpg
Reused Giza_pyramid_complex -> giza-pyramid-complex-d3990ac4.jpg
Reused Great_Wall_of_China -> great-wall-of-china-dd7c71bc.jpg
Reused Taj_Mahal -> taj-mahal-9ef95e81.jpeg
Reused Sydney_Opera_House -> sydney-opera-house-f976a22e.jpg
Reused Brandenburg_Gate -> brandenburg-gate-cce655c0.jpg
Reused Christ_the_Redeemer_(statue) -> christ-the-redeemer-statue-f8b9b2b2.jpg
Reused Machu_Picchu -> machu-picchu-1b5cba6c.jpg
Reused Mount_Fuji -> mount-fuji-c6097232.jpg
Reused Chichen_Itza -> chichen-itza-6eb16180.jpg
Reused Burj_Khalifa -> burj-khalifa-7dc3b1a0.jpg
Reused Saint_Basil%27s_Cathedral -> saint-basil-s-cathedral-076d8124.jpg
Reused Petra -> petra-25d429c4.jpg
Reused Hagia_Sophia -> hagia-sophia-14fb60cc.jpeg
Reused Angkor_Wat -> angkor-wat-3f9fde2f.jpg
Reused Mount_Everest -> mount-everest-b080bac0.jpg
Reused Mount_Kilimanjaro -> mount-kilimanjaro-5ab466e0.jpg
Reused Sagrada_Fam%C3%ADlia -> sagrada-familia-5d02b064.jpg
Reused Parthenon -> parthenon-c24d98bd.jpg
Reused Table_Mountain -> table-mountain-393c419b.jpg
Reused Niagara_Falls -> niagara-falls-79e0457a.jpg
Reused H%E1%BA%A1_Long_Bay -> ha-long-bay-bd93ffd3.jpg
Reused Neuschwanstein_Castle -> neuschwanstein-castle-abee2961.jpg
Reused Borobudur -> borobudur-9869ab34.jpg
Reused Blue_Lagoon_(geothermal_spa) -> blue-lagoon-geothermal-spa-a3fe54ed.jpg
Reused Petronas_Towers -> petronas-towers-0306fe01.png
Reused Marina_Bay_Sands -> marina-bay-sands-096f91a2.jpg
Reused Wat_Arun -> wat-arun-070ee1e6.jpg
Reused Iguazu_Falls -> iguazu-falls-6425b701.jpg
Reused Atomium -> atomium-88dd7481.jpg
Reused Plitvice_Lakes_National_Park -> plitvice-lakes-national-park-580a56eb.jpg
Reused Lake_Bled -> lake-bled-482402cf.jpg
Reused Cappadocia -> cappadocia-4a1b98b9.jpg
Reused Milford_Sound -> milford-sound-f19a0068.jpg
Reused Preikestolen -> preikestolen-92492ac4.jpg
Reused Matterhorn -> matterhorn-bc536f25.jpg
Reused Sch%C3%B6nbrunn_Palace -> schonbrunn-palace-df960619.jpg
Reused Bran_Castle -> bran-castle-f6a6fff3.jpg
Reused Charles_Bridge -> charles-bridge-35527c51.jpg
Reused Dome_of_the_Rock -> dome-of-the-rock-4f7450b2.jpg
Reused Easter_Island -> easter-island-199b3901.jpg
Reused Hungarian_Parliament_Building -> hungarian-parliament-building-aafe6b70.jpg
Reused Bel%C3%A9m_Tower -> belem-tower-958b7178.jpg
Reused Rijksmuseum -> rijksmuseum-8ff2758c.jpg
Reused Cliffs_of_Moher -> cliffs-of-moher-a3ccbb39.jpg
Reused Victoria_Falls -> victoria-falls-5738e405.jpg
Reused Skellig_Michael -> skellig-michael-459efa2b.jpg
Reused Pamukkale -> pamukkale-485e9709.jpg
Reused Havana -> havana-f99c1caf.jpg
Reused Perito_Moreno_Glacier -> perito-moreno-glacier-ffa914db.jpg
Reused Persepolis -> persepolis-d31ef221.jpg
Reused Palmyra -> palmyra-1afeecfe.jpg
Reused Baalbek -> baalbek-bdc91c74.jpg
Reused A%C3%AFt_Benhaddou -> ait-benhaddou-fce36df8.jpg
Reused Lalibela -> lalibela-63ea704b.jpg
Reused Great_Zimbabwe -> great-zimbabwe-a8f6de5c.jpg
Reused Great_Mosque_of_Djenn%C3%A9 -> great-mosque-of-djenne-88759849.jpg
Reused Socotra -> socotra-db8fc6ee.jpg
Reused Salar_de_Uyuni -> salar-de-uyuni-3775f3cb.jpg
Reused Bagan -> bagan-fb54cab2.jpg
Reused Paro_Taktsang -> paro-taktsang-6d4ecb4b.jpg
Reused Sigiriya -> sigiriya-79e4cbde.jpeg
Reused Tikal -> tikal-9aa5f1a3.jpg
Reused Gobi_Desert -> gobi-desert-674aec42.jpg
Reused Chocolate_Hills -> chocolate-hills-a48e266a.jpg
Reused Registan -> registan-6ccbafdb.jpg
Reused Flame_Towers -> flame-towers-1a893c52.jpg
Reused Bayterek -> bayterek-288b93ee.jpg
Reused Narikala -> narikala-9e004b04.jpg
Reused Tatev_Monastery -> tatev-monastery-ec29ec17.jpg
Reused Avenue_of_the_Baobabs -> avenue-of-the-baobabs-37ee6797.jpg
Reused Maasai_Mara -> maasai-mara-8209528a.jpg
Reused Sossusvlei -> sossusvlei-9b2c4196.jpg
Reused Carthage -> carthage-c0d5ad3f.png
Reused Pha_That_Luang -> pha-that-luang-28b94238.jpg
Reused Fiat_Tagliero_Building -> fiat-tagliero-building-b9441540.jpg
Reused Nubian_pyramids -> nubian-pyramids-0a140d5a.jpg
Reused Burana_Tower -> burana-tower-bef783db.jpg
Reused Iskanderkul -> iskanderkul-ead2cdc0.jpg
Reused Chinguetti -> chinguetti-33f00107.jpg
Reused Jebel_Shams -> jebel-shams-315caeff.jpg
Reused Tree_of_Life_(Bahrain) -> tree-of-life-bahrain-146329d0.jpg
Reused MrBeast -> mrbeast-48715913.jpg
Reused PewDiePie -> pewdiepie-63c9865e.jpg
Reused KSI -> ksi-cb8b40bd.png
Reused Logan_Paul -> logan-paul-abd383a7.jpg
Reused Jake_Paul -> jake-paul-df9478d4.jpg
Reused Markiplier -> markiplier-9c17c356.png
Reused Ninja_(streamer) -> ninja-streamer-7c5f6d4d.jpg
Reused Jacksepticeye -> jacksepticeye-77f01fef.jpg
Reused Ryan_Reynolds -> ryan-reynolds-7261383f.jpg
Reused Kim_Kardashian -> kim-kardashian-6382f8be.jpg
Reused Kylie_Jenner -> kylie-jenner-6a0c692b.png
Reused Addison_Rae -> addison-rae-ff39fc1d.jpg
Reused Charli_D%27Amelio -> charli-d-amelio-88390e22.jpg
Reused Bella_Poarch -> bella-poarch-b39e093b.png
Reused Khaby_Lame -> khaby-lame-2dab677a.jpg
Reused James_Charles_(Internet_personality) -> james-charles-internet-personality-8f342b14.png
Reused Jeffree_Star -> jeffree-star-8d2273b7.jpg
Reused Shane_Dawson -> shane-dawson-8ed3a621.png
Reused David_Dobrik -> david-dobrik-4fd94b3e.jpg
Reused Liza_Koshy -> liza-koshy-e786c085.png
Reused Emma_Chamberlain -> emma-chamberlain-37026e09.png
Reused Bretman_Rock -> bretman-rock-55e7025c.jpg
Reused Lilly_Singh -> lilly-singh-b6c68a05.jpg
Reused Zach_King -> zach-king-03c5e4f1.jpg
Reused Dude_Perfect -> dude-perfect-2c09e0d3.png
Reused Casey_Neistat -> casey-neistat-c4376143.jpg
Reused Shroud_(gamer) -> shroud-gamer-13d5382b.jpg
Reused XQc -> xqc-4e707a20.jpg
Reused Pokimane -> pokimane-b08bae19.png
Reused Valkyrae -> valkyrae-ad7516f5.png
Reused DanTDM -> dantdm-ecc5546d.jpg
Reused Dream_(YouTuber) -> dream-youtuber-52fcaee2.jpg
Reused Technoblade -> technoblade-350c2058.jpg
Reused Corpse_Husband -> corpse-husband-894ca8b4.jpg
Reused Sykkuno -> sykkuno-5cb88324.png
Reused Disguised_Toast -> disguised-toast-97b653e0.jpg
Reused Hasan_Piker -> hasan-piker-17039e19.png
Reused Amouranth -> amouranth-d8077b02.jpg
Reused Asmongold -> asmongold-9046f887.jpg
Reused Adin_Ross -> adin-ross-d0c5ce04.png
Reused Kai_Cenat -> kai-cenat-755a91ca.jpg
Reused IShowSpeed -> ishowspeed-cd8ba743.jpg
Reused Sommer_Ray -> sommer-ray-c11fa063.jpg
Reused Amanda_Cerny -> amanda-cerny-40fee539.jpg
Reused Lele_Pons -> lele-pons-c2c5b2c8.jpg
Reused Rosanna_Pansino -> rosanna-pansino-524adeff.jpg
Reused Zoella -> zoella-45a9a988.jpg
Reused Huda_Kattan -> huda-kattan-e1191686.jpg
Reused Michelle_Phan -> michelle-phan-acf9e393.jpg
Reused NikkieTutorials -> nikkietutorials-ea43fd09.jpg
Reused Jeffrey_Marsh -> jeffrey-marsh-d4ebde84.jpg
Reused Tana_Mongeau -> tana-mongeau-b1050f2d.png
Reused Trisha_Paytas -> trisha-paytas-126b2274.jpg
Reused Jenna_Marbles -> jenna-marbles-bc7c9449.jpg
Reused Rhett_and_Link -> rhett-and-link-114367b8.jpg
Reused Smosh -> smosh-d52109c6.jpg
Reused VanossGaming -> vanossgaming-49b1b7e3.jpg
Reused Ali-A -> ali-a-f51ab3b1.png
Reused Joey_Graceffa -> joey-graceffa-e42ea43a.jpg
Reused Vsauce -> vsauce-69497aa8.png
Reused CGP_Grey -> cgp-grey-44c71f5d.png
Reused Kurzgesagt -> kurzgesagt-22a3fc3a.png
Reused Veritasium -> veritasium-51cbbf5d.png
Reused MatPat -> matpat-f57b8d39.jpg
Reused Hank_Green -> hank-green-5b366c03.jpg
Reused John_Green -> john-green-d7d6e96e.png
Reused ContraPoints -> contrapoints-a338f1a5.jpg
Reused Philip_DeFranco -> philip-defranco-f309c53c.jpg
Reused Hannah_Hart -> hannah-hart-6fdd7e5b.jpg
Reused Grace_Helbig -> grace-helbig-baac639e.jpg
Reused Tyler_Oakley -> tyler-oakley-745ec960.jpg
Reused Michelle_Khare -> michelle-khare-009bb065.jpg
Reused Safiya_Nygaard -> safiya-nygaard-b6c60c05.png
Reused Gabbie_Hanna -> gabbie-hanna-8f26106c.png
Reused Colleen_Ballinger -> colleen-ballinger-c92363c5.jpg
Reused Bart_Baker -> bart-baker-6e0e397a.jpg
Reused Nigahiga -> nigahiga-9eac4913.jpg
Reused Gigi_Gorgeous -> gigi-gorgeous-9e477642.jpg
Reused Tati_Westbrook -> tati-westbrook-a1007e55.png
Reused Laura_Lee_(YouTuber) -> laura-lee-youtuber-14635533.png
Reused Manny_Gutierrez -> manny-gutierrez-317711ee.png
Reused Patrick_Starrr -> patrick-starrr-02d817b1.jpg
Reused Jackie_Aina -> jackie-aina-9cf8c0fc.png
Reused Grav3yardgirl -> grav3yardgirl-338b8067.png
Reused Rhett_McLaughlin -> rhett-mclaughlin-917f78dd.jpg
Reused Alfie_Deyes -> alfie-deyes-48b693d8.jpg
Reused Caspar_Lee -> caspar-lee-31565b73.jpg
Reused Jack_Maynard -> jack-maynard-a213314c.jpg
Reused Conor_Maynard -> conor-maynard-bad19826.jpg
Reused Young_Michael_Jackson -> young-michael-jackson-86d1e82d.jpg
Reused Young_Elvis_Presley -> young-elvis-presley-74fb7a23.jpg
Reused Young_Shirley_Temple -> young-shirley-temple-13dac491.jpg
Reused Young_Queen_Elizabeth_II -> young-queen-elizabeth-ii-4e9adf79.jpg
Reused Young_Steve_Jobs -> young-steve-jobs-f60443a1.jpg
Reused Young_Barack_Obama -> young-barack-obama-a9c2eaca.jpg
Reused Young_Muhammad_Ali -> young-muhammad-ali-2d5cac21.jpg
Reused Young_Marilyn_Monroe -> young-marilyn-monroe-2a10c463.jpg
Reused Young_Elizabeth_Taylor -> young-elizabeth-taylor-fe4c9a13.jpg
Reused Young_Michael_Jordan -> young-michael-jordan-e2519a11.jpg
Saved Young_John_Travolta -> young-john-travolta-c00caed4.jpg
Saved Young_Arnold_Schwarzenegger -> young-arnold-schwarzenegger-0c94e5cc.jpg
Saved Young_Sylvester_Stallone -> young-sylvester-stallone-a311d4b1.jpg
Saved Young_Robert_De_Niro -> young-robert-de-niro-10dc6a8b.png
Saved Young_Al_Pacino -> young-al-pacino-0b5780e0.jpg
Saved Young_Jack_Nicholson -> young-jack-nicholson-5f55e684.jpg
Saved Young_Jane_Fonda -> young-jane-fonda-7941ccaa.jpg
Saved Young_Meryl_Streep -> young-meryl-streep-64b832c6.jpg
Saved Young_Harrison_Ford -> young-harrison-ford-948d3827.png
Saved Young_Clint_Eastwood -> young-clint-eastwood-a7102a27.jpg
Saved Young_Sean_Connery -> young-sean-connery-4d3c4c5e.jpg
Saved Young_Paul_Newman -> young-paul-newman-95abce8c.jpg
Saved Young_Robert_Redford -> young-robert-redford-f83eef6f.jpg
Saved Young_Steve_McQueen -> young-steve-mcqueen-62bf7a57.jpg
Saved Young_Sugar_Ray_Leonard -> young-sugar-ray-leonard-e1def03c.jpg
Saved Young_Mike_Tyson -> young-mike-tyson-c5ed486c.jpg
Saved Young_Ronald_Reagan -> young-ronald-reagan-3c546e53.jpg
Saved Young_JFK_Jr -> young-jfk-jr-459f21bb.jpg
Saved Young_Will_Smith -> young-will-smith-a2d00ee5.jpg
Saved Young_Morgan_Freeman -> young-morgan-freeman-4dc22957.jpg
Reused Young_Princess_Diana -> young-princess-diana-5e48492d.jpg
Reused Young_John_F_Kennedy -> young-john-f-kennedy-395b1d83.jpg
Reused Young_Britney_Spears -> young-britney-spears-c6b25c84.jpg
Reused Young_Taylor_Swift -> young-taylor-swift-e1440728.jpg
Reused Young_Miley_Cyrus -> young-miley-cyrus-cb5cc642.jpg
Reused Young_Emma_Watson -> young-emma-watson-6072bc05.jpg
Reused Young_Tom_Cruise -> young-tom-cruise-0de2a3c9.jpg
Reused Young_Paul_McCartney -> young-paul-mccartney-af5dbfdd.jpg
Reused Young_John_Lennon -> young-john-lennon-76e9e60e.jpg
Reused Young_Bob_Marley -> young-bob-marley-d0014e75.jpg
Reused Young_Mariah_Carey -> young-mariah-carey-89b00168.jpg
Reused Young_Beyonce -> young-beyonce-202d302c.jpeg
Reused Young_Jay_Z -> young-jay-z-952c208f.jpg
Reused Young_Eminem -> young-eminem-2ecf053d.jpg
Reused Young_Bill_Clinton -> young-bill-clinton-e3150565.jpg
Reused Young_Donald_Trump -> young-donald-trump-12d2e743.jpg
Reused Young_Oprah_Winfrey -> young-oprah-winfrey-9e99e15e.jpg
Reused Young_Bill_Gates -> young-bill-gates-42196b42.png
Reused Young_Mark_Zuckerberg -> young-mark-zuckerberg-6deb8f36.jpg
Reused Young_Lionel_Messi -> young-lionel-messi-3022fc82.jpg
Saved Young_Stephen_Hawking -> young-stephen-hawking-204f1d37.jpg
Saved Young_Nelson_Mandela -> young-nelson-mandela-d26527fd.jpg
Saved Young_Mahatma_Gandhi -> young-mahatma-gandhi-274f98b2.jpg
Saved Young_Abraham_Lincoln -> young-abraham-lincoln-38f8b239.jpg
Saved Young_Maya_Angelou -> young-maya-angelou-037e9a52.png
Saved Young_Rosa_Parks -> young-rosa-parks-2828e238.jpg
Saved Young_Angela_Davis -> young-angela-davis-3775edda.jpg
Saved Young_Malcolm_X -> young-malcolm-x-715cdbfe.jpg
Saved Young_Che_Guevara -> young-che-guevara-b6910785.jpg
Saved Young_Fidel_Castro -> young-fidel-castro-3954bd3e.jpg
Saved Young_Martin_Luther_King_Jr -> young-martin-luther-king-jr-db93d80b.jpg
Saved Young_Anne_Frank -> young-anne-frank-b5154696.jpg
Reused Young_Frank_Sinatra -> young-frank-sinatra-96569c2d.jpg
Reused Young_Audrey_Hepburn -> young-audrey-hepburn-b752a1ef.jpg
Reused Young_Mick_Jagger -> young-mick-jagger-30a622c4.jpg
Reused Young_Keith_Richards -> young-keith-richards-31730507.jpg
Reused Young_Freddie_Mercury -> young-freddie-mercury-767e27e4.jpg
Reused Young_David_Bowie -> young-david-bowie-0ac47890.jpg
Reused Young_Stevie_Wonder -> young-stevie-wonder-76a957f1.jpg
Reused Young_Aretha_Franklin -> young-aretha-franklin-2d30befe.jpg
Reused Young_Bob_Dylan -> young-bob-dylan-6fe9b353.jpg
Reused Young_Jimi_Hendrix -> young-jimi-hendrix-af280cbd.jpg
Reused Young_Janis_Joplin -> young-janis-joplin-194b840c.jpg
Reused Young_Kurt_Cobain -> young-kurt-cobain-c1014755.jpg
Reused Young_Amy_Winehouse -> young-amy-winehouse-b3b9ccf6.jpg
Reused Young_Prince -> young-prince-a0037f89.png
Reused Young_Rupert_Grint -> young-rupert-grint-0594f436.jpg
Reused Young_Ellen_DeGeneres -> young-ellen-degeneres-57f4657b.jpg
Saved Young_Charlie_Chaplin -> young-charlie-chaplin-3701d02e.jpg
Saved Young_Buster_Keaton -> young-buster-keaton-cab40fc8.jpg
Saved Young_Orson_Welles -> young-orson-welles-b6ab429b.jpg
Saved Young_Humphrey_Bogart -> young-humphrey-bogart-9fd65cc5.jpg
Saved Young_James_Dean -> young-james-dean-4fe892dc.jpg
Saved Young_Marlon_Brando -> young-marlon-brando-52432bb9.jpg
Saved Young_Laurence_Olivier -> young-laurence-olivier-7792fadc.jpg
Saved Young_Ingrid_Bergman -> young-ingrid-bergman-d4badcf8.jpg
Saved Young_Katharine_Hepburn -> young-katharine-hepburn-15ae9a97.jpg
Saved Young_Grace_Kelly -> young-grace-kelly-401b86d9.png
Saved Young_Vivien_Leigh -> young-vivien-leigh-29ff705f.jpg
Saved Young_Rita_Hayworth -> young-rita-hayworth-138fc57d.jpg
Saved Young_Lauren_Bacall -> young-lauren-bacall-76549900.jpg
Saved Young_Judy_Garland -> young-judy-garland-88699cd2.png
Saved Young_Greta_Garbo -> young-greta-garbo-e53d5d1d.jpg
Saved Young_Clark_Gable -> young-clark-gable-0722ace1.jpg
Reused Taylor_Swift -> taylor-swift-1585bd36.png
Reused Beyonc%C3%A9 -> beyonce-40d5ed43.jpg
Reused Rihanna -> rihanna-7129fa37.png
Reused Drake_(musician) -> drake-musician-2fcd1bcf.jpg
Reused Eminem -> eminem-4b5de81b.jpg
Reused Ed_Sheeran -> ed-sheeran-6b03926f.jpg
Reused Adele -> adele-7aed25b7.jpg
Reused Ariana_Grande -> ariana-grande-b5176911.jpg
Reused Bruno_Mars -> bruno-mars-4bf97d7d.jpg
Reused The_Weeknd -> the-weeknd-36b6294e.jpg
Reused Justin_Bieber -> justin-bieber-f19607db.jpg
Reused Madonna -> madonna-e4ddaa79.jpg
Reused Elvis_Presley -> elvis-presley-1bf48632.jpg
Reused Kanye_West -> kanye-west-bbf1583f.jpg
Reused Post_Malone -> post-malone-ed3600e7.jpg
Reused Dua_Lipa -> dua-lipa-e571c659.jpg
Reused Selena_Gomez -> selena-gomez-16ed95c4.jpg
Reused Lady_Gaga -> lady-gaga-310423c6.jpg
Reused Billie_Eilish -> billie-eilish-c8a2beed.jpg
Reused Harry_Styles -> harry-styles-a6187fc8.jpg
Reused Bad_Bunny -> bad-bunny-922fffe6.jpg
Reused Shakira -> shakira-461d189b.jpg
Reused Jennifer_Lopez -> jennifer-lopez-524d6430.jpg
Reused Katy_Perry -> katy-perry-76a441ce.jpg
Reused Michael_Jackson -> michael-jackson-d9b8eb3e.jpg
Reused Snoop_Dogg -> snoop-dogg-412c51c4.jpg
Reused Jay-Z -> jay-z-f753102c.jpg
Reused Miley_Cyrus -> miley-cyrus-eae15124.jpg
Reused Shawn_Mendes -> shawn-mendes-326271e6.png
Reused Camila_Cabello -> camila-cabello-3eec9c90.png
Reused Justin_Timberlake -> justin-timberlake-d05d9285.jpg
Reused Britney_Spears -> britney-spears-c6665006.jpg
Reused Christina_Aguilera -> christina-aguilera-fd4d2900.jpg
Reused Paul_McCartney -> paul-mccartney-3688ed09.jpg
Reused John_Lennon -> john-lennon-a9f498ac.jpg
Reused Mick_Jagger -> mick-jagger-b2333da9.jpg
Reused Bono -> bono-efffd162.jpg
Reused Keith_Richards -> keith-richards-f7de3b8c.jpg
Reused Sting_(musician) -> sting-musician-fc320f23.jpg
Reused Phil_Collins -> phil-collins-6813858c.jpg
Reused Dolly_Parton -> dolly-parton-f319657e.jpg
Reused Willie_Nelson -> willie-nelson-1755e19d.jpg
Reused Johnny_Cash -> johnny-cash-2cf979f7.jpg
Reused George_Michael -> george-michael-6715c0b2.jpg
Reused Michael_Bubl%C3%A9 -> michael-buble-7938fd26.jpg
Reused Lil_Durk -> lil-durk-85d08f96.png
Reused 50_Cent -> 50-cent-fccf6ff7.jpg
Reused LL_Cool_J -> ll-cool-j-149e5801.jpg
Reused Timbaland -> timbaland-73b331ad.jpg
Reused Missy_Elliott -> missy-elliott-7873a7bf.jpg
Reused Mary_J._Blige -> mary-j-blige-b0006e1d.png
Reused Akon -> akon-57dce965.jpg
Reused T-Pain -> t-pain-abb9057e.jpg
Reused Jason_Derulo -> jason-derulo-80933de6.jpg
Reused Wiz_Khalifa -> wiz-khalifa-b5b5bfcc.jpg
Reused Bebe_Rexha -> bebe-rexha-526db8cc.jpg
Reused Meghan_Trainor -> meghan-trainor-50da3abc.jpg
Reused Charlie_Puth -> charlie-puth-1af42b48.jpg
Reused Niall_Horan -> niall-horan-2ead9c1e.png
Reused Liam_Payne -> liam-payne-08bba6ad.jpg
Reused Zayn_Malik -> zayn-malik-ed59f3a8.jpg
Reused Normani -> normani-ed64cb19.png
Reused Demi_Lovato -> demi-lovato-be31b1f7.png
Reused Nick_Jonas -> nick-jonas-bd215ccb.jpg
Reused Joe_Jonas -> joe-jonas-e0332f2b.jpg
Reused Sam_Hunt -> sam-hunt-ea8f2ecf.png
Reused Keith_Urban -> keith-urban-3cd20fe0.jpg
Reused Kendrick_Lamar -> kendrick-lamar-9e50e19e.jpg
Reused Travis_Scott -> travis-scott-b4dcb948.jpg
Reused SZA_(singer) -> sza-singer-12869764.jpg
Reused Doja_Cat -> doja-cat-bebb8677.jpg
Reused Olivia_Rodrigo -> olivia-rodrigo-1ae26d2a.jpg
Reused Lil_Wayne -> lil-wayne-67461f2c.jpg
Reused Nicki_Minaj -> nicki-minaj-8dc9618e.jpg
Reused J._Cole -> j-cole-e0967e33.jpg
Reused Pharrell_Williams -> pharrell-williams-76be5690.jpg
Reused Lizzo -> lizzo-385141d1.png
Reused Halsey_(singer) -> halsey-singer-fc2cbbb7.jpg
Reused Khalid_(singer) -> khalid-singer-305a6432.jpg
Reused 21_Savage -> 21-savage-6a9e203a.jpg
Reused Cardi_B -> cardi-b-4987857c.png
Reused Megan_Thee_Stallion -> megan-thee-stallion-7517e9b4.jpg
Reused Lil_Nas_X -> lil-nas-x-a33591cd.jpg
Reused Chris_Brown -> chris-brown-480f2059.jpg
Reused Pitbull_(rapper) -> pitbull-rapper-cca35d19.jpg
Reused Usher_(musician) -> usher-musician-3e91f715.jpg
Reused Alicia_Keys -> alicia-keys-753386e0.jpg
Reused John_Legend -> john-legend-ecb6e579.jpg
Reused Adam_Levine -> adam-levine-e4a56678.jpg
Reused Pink_(singer) -> pink-singer-b185b21e.jpg
Reused Kelly_Clarkson -> kelly-clarkson-e55a268f.jpg
Reused Sam_Smith -> sam-smith-5e347bde.jpg
Reused J_Balvin -> j-balvin-67fad6e9.jpg
Reused Calvin_Harris -> calvin-harris-6ab91b82.jpg
Reused David_Guetta -> david-guetta-a7895eea.jpg
Reused Carrie_Underwood -> carrie-underwood-318328c1.png
Reused Luke_Bryan -> luke-bryan-f28f0fa9.jpg
Reused ASAP_Rocky -> asap-rocky-2d1925df.jpg
Reused Young_Thug -> young-thug-8b7476e1.png
Reused Playboi_Carti -> playboi-carti-41666ed7.jpg
Reused Future_(rapper) -> future-rapper-17bd1bd9.jpg
Reused Lil_Uzi_Vert -> lil-uzi-vert-5d435675.png
Reused Offset_(rapper) -> offset-rapper-6447b67c.png
Reused Quavo -> quavo-9895c025.jpg
Reused Takeoff_(rapper) -> takeoff-rapper-986edf53.jpg
Reused Trippie_Redd -> trippie-redd-d6b0f04d.jpg
Reused Jack_Harlow -> jack-harlow-f2ad19f8.jpg
Reused Lil_Baby -> lil-baby-bf658d2a.png
Reused Gunna_(rapper) -> gunna-rapper-bb8c34b1.png
Reused NLE_Choppa -> nle-choppa-e91b905d.png
Reused DaBaby -> dababy-c4c051cc.jpg
Reused Roddy_Ricch -> roddy-ricch-46bc5c56.png
Reused Polo_G -> polo-g-da6f8266.png
Reused Machine_Gun_Kelly_(musician) -> machine-gun-kelly-musician-0e8abcce.png
Reused Juice_Wrld -> juice-wrld-dfd84227.jpg
Reused XXXTentacion -> xxxtentacion-b62de73e.jpg
Reused Mac_Miller -> mac-miller-b4dc287f.jpg
Reused Logic_(rapper) -> logic-rapper-d217f93a.jpg
Reused Denzel_Curry -> denzel-curry-9d2c12e2.jpg
Reused Tyler,_the_Creator -> tyler-the-creator-412a9755.jpg
Reused Frank_Ocean -> frank-ocean-09ef8324.jpg
Reused Anderson_.Paak -> anderson-paak-c2f1815c.jpg
Reused H.E.R. -> h-e-r-f39a3314.jpg
Reused Bryson_Tiller -> bryson-tiller-739ec1ff.jpg
Reused Jhen%C3%A9_Aiko -> jhene-aiko-4fcc043d.jpg
Reused Solange_Knowles -> solange-knowles-d01e51eb.jpg
Reused Kehlani -> kehlani-ed9357c7.png
Reused Brandy_Norwood -> brandy-norwood-3a521278.jpg
Reused Monica_(singer) -> monica-singer-4f6e30a7.png
Reused Toni_Braxton -> toni-braxton-1548c034.png
Reused Anita_Baker -> anita-baker-24407923.jpg
Reused Erykah_Badu -> erykah-badu-cac13e76.jpg
Reused Lauryn_Hill -> lauryn-hill-6818d686.jpg
Reused David_Bowie -> david-bowie-1de5560e.jpg
Reused Prince_(musician) -> prince-musician-ba616295.png
Reused Freddie_Mercury -> freddie-mercury-3181a0c9.jpg
Reused Jimi_Hendrix -> jimi-hendrix-1230652f.jpg
Reused Bob_Dylan -> bob-dylan-dee6cfbe.jpg
Reused Janis_Joplin -> janis-joplin-035eda2e.jpg
Reused Amy_Winehouse -> amy-winehouse-3cb615c8.jpg
Reused Kurt_Cobain -> kurt-cobain-10273e74.jpg
Reused Tupac_Shakur -> tupac-shakur-92ad27e7.jpg
Reused The_Notorious_B.I.G. -> the-notorious-b-i-g-257b7a12.jpg
Reused Bob_Marley -> bob-marley-ba8fa98a.jpg
Reused Stevie_Wonder -> stevie-wonder-d66cd3ee.jpg
Reused Aretha_Franklin -> aretha-franklin-f0f75b40.jpg
Reused James_Brown -> james-brown-7abaf411.jpg
Reused Marvin_Gaye -> marvin-gaye-060a8869.jpg
Reused Whitney_Houston -> whitney-houston-d6d8cbc8.jpg
Reused Mariah_Carey -> mariah-carey-faa9bba3.png
Reused Celine_Dion -> celine-dion-608b4bd0.jpg
Reused Barbra_Streisand -> barbra-streisand-b5508ca5.jpg
Reused Nina_Simone -> nina-simone-70a0dd25.jpg
Reused Billie_Holiday -> billie-holiday-82b193a4.jpg
Reused Chuck_Berry -> chuck-berry-8ea40b5f.jpg
Reused Little_Richard -> little-richard-767d39bf.jpg
Reused Leonard_Cohen -> leonard-cohen-298126d5.jpg
Reused Joni_Mitchell -> joni-mitchell-7f4ce63e.jpg
Reused Diana_Ross -> diana-ross-9843f953.jpg
Reused Tina_Turner -> tina-turner-21e7c521.jpg
Reused Cher -> cher-61420559.jpg
Reused Gwen_Stefani -> gwen-stefani-28420b06.jpg
Reused Elton_John -> elton-john-dfccd434.jpg
Reused Etta_James -> etta-james-535ca82e.jpg
Reused Sam_Cooke -> sam-cooke-6f6c54e9.jpg
Reused Ray_Charles -> ray-charles-7859f258.jpg
Reused B.B._King -> b-b-king-69e1a404.jpg
Reused Otis_Redding -> otis-redding-7f02999e.jpg
Reused Isaac_Hayes -> isaac-hayes-7e5da1f8.jpg
Reused Curtis_Mayfield -> curtis-mayfield-d1c8e3f3.png
Reused Al_Green -> al-green-2eb6a147.jpg
Reused Smokey_Robinson -> smokey-robinson-0d76ee8b.jpg
Reused Gladys_Knight -> gladys-knight-e8775c3e.jpg
Reused Patti_LaBelle -> patti-labelle-7282f421.jpg
Reused Donna_Summer -> donna-summer-14c187af.jpg
Reused Grace_Jones -> grace-jones-2707dc9c.jpg
Reused Debbie_Harry -> debbie-harry-fa87526b.jpg
Reused Stevie_Nicks -> stevie-nicks-2c9f3f46.jpg
Reused Linda_Ronstadt -> linda-ronstadt-3671fc71.jpg
Reused Carole_King -> carole-king-c24bef23.jpg
Reused Carly_Simon -> carly-simon-87e27729.jpg
Reused James_Taylor -> james-taylor-5eb79263.jpg
Reused Neil_Young -> neil-young-a7c09819.jpg
Reused Van_Morrison -> van-morrison-83c6f6f7.jpg
Reused Roy_Orbison -> roy-orbison-12a014da.jpg
Reused Buddy_Holly -> buddy-holly-c0fee433.jpg
Reused Jerry_Lee_Lewis -> jerry-lee-lewis-d18c7afc.jpg
Reused Fats_Domino -> fats-domino-871abf51.jpg
Reused Frank_Zappa -> frank-zappa-8543cf89.jpg
Reused Iggy_Pop -> iggy-pop-e6dcd763.png
Reused Lou_Reed -> lou-reed-1243c2f5.jpg
Reused Patti_Smith -> patti-smith-87c827eb.jpg
Reused Chrissie_Hynde -> chrissie-hynde-12a4311d.jpg
Reused Joan_Jett -> joan-jett-32ae687a.jpg
Reused Pat_Benatar -> pat-benatar-5fd284bd.jpg
Reused Ozzy_Osbourne -> ozzy-osbourne-8e98a7e8.jpg
Reused Rob_Halford -> rob-halford-a38fafe7.jpg
Reused Robert_Plant -> robert-plant-56285555.jpg
Reused Jimmy_Page -> jimmy-page-4d42ef63.jpg
Reused Roger_Waters -> roger-waters-eba23eb3.jpg
Reused David_Gilmour -> david-gilmour-6d5c2211.jpg
Reused Pete_Townshend -> pete-townshend-e10d33e5.jpg
Reused Roger_Daltrey -> roger-daltrey-fd1440a9.jpg
Reused Rod_Stewart -> rod-stewart-659cd3c2.jpg
Reused Morrissey -> morrissey-c2020b72.jpg
Reused Kate_Bush -> kate-bush-799d9d68.jpg
Reused Peter_Gabriel -> peter-gabriel-ef622d8b.jpg
Reused Annie_Lennox -> annie-lennox-e4bf1345.jpg
Reused Jude_Bellingham -> jude-bellingham-da1c1b9d.jpg
Reused Bukayo_Saka -> bukayo-saka-9590c3fb.jpg
Reused Pedri -> pedri-042a3c28.jpg
Reused Roberto_Carlos -> roberto-carlos-43475ad1.jpg
Reused Paolo_Maldini -> paolo-maldini-4c17e5fd.jpg
Reused Andrea_Pirlo -> andrea-pirlo-82910b6f.jpg
Reused Ronaldinho -> ronaldinho-8f7791f6.jpg
Reused Lev_Yashin -> lev-yashin-df4b9559.jpg
Reused Franz_Beckenbauer -> franz-beckenbauer-d757d97f.jpg
Reused Lorelai_Gilmore -> lorelai-gilmore-a308d385.jpg
Reused Rory_Gilmore -> rory-gilmore-ea186468.jpg
Reused Marshall_Eriksen -> marshall-eriksen-360d1954.jpg
Reused Leonard_Hofstadter -> leonard-hofstadter-9b2b0685.jpg
Reused Eric_Cartman -> eric-cartman-405a1853.png
Reused Rick_Sanchez -> rick-sanchez-338e2ccb.png
Reused Stringer_Bell -> stringer-bell-ba798b79.jpg
Reused Buffy_Summers -> buffy-summers-34f1b2a1.png
Reused Ash_Ketchum -> ash-ketchum-5e3619b0.png
Reused Inuyasha_(character) -> inuyasha-character-ffc2fc23.jpg
Reused Sailor_Moon -> sailor-moon-cb9f5ad6.jpg
Reused Kenshiro -> kenshiro-bfcd03e1.jpg
Reused Alucard_(Hellsing) -> alucard-hellsing-c0362b7b.png
Reused Yusuke_Urameshi -> yusuke-urameshi-09f842a8.png
Reused Spike_Spiegel -> spike-spiegel-368ca675.jpg
Reused Asuka_Langley_Soryu -> asuka-langley-soryu-ddd03a3b.jpg
Reused Forrest_Gump -> forrest-gump-6deca703.jpg
Reused Hermione_Granger -> hermione-granger-f6f4b3e2.jpg
Reused Captain_Jack_Sparrow -> captain-jack-sparrow-b31de615.jpg
Reused Mia_Wallace -> mia-wallace-fa2936bd.jpeg
Reused Maximus_Decimus_Meridius -> maximus-decimus-meridius-9813fa20.png
Reused Jack_Torrance -> jack-torrance-d66d4196.jpg
Reused Princess_Leia -> princess-leia-272582ef.jpg
Reused Andres_Iniesta -> andres-iniesta-f4e629c5.jpg
Reused Sergio_Ramos -> sergio-ramos-91ba17f1.jpg
Reused Karim_Benzema -> karim-benzema-6cbab00c.jpg
Reused Wayne_Rooney -> wayne-rooney-7bf89946.jpg
Reused Eusebio -> eusebio-977d8ffc.jpg
Reused Bobby_Charlton -> bobby-charlton-1da491a0.jpg
Reused Roberto_Baggio -> roberto-baggio-345ffa2d.jpg
Reused Cafu -> cafu-723b2f53.jpg
Reused Ruud_Gullit -> ruud-gullit-8e0b0a20.jpg
Reused Dennis_Bergkamp -> dennis-bergkamp-ff621c2d.jpg
Reused Ruud_van_Nistelrooy -> ruud-van-nistelrooy-071fd1e6.jpg
Reused Xabi_Alonso -> xabi-alonso-7965b812.jpg
Reused Arjen_Robben -> arjen-robben-43c7c88e.jpg
Reused Sergio_Busquets -> sergio-busquets-2fd7912e.jpg
Reused Frasier_Crane -> frasier-crane-453db27d.png
Reused Don_Draper -> don-draper-669e3459.jpg
Reused Omar_Little -> omar-little-98ae2780.png
Reused Tommy_Shelby -> tommy-shelby-79820255.jpg
Reused Olivia_Benson -> olivia-benson-3f004c06.jpg
Reused Peggy_Olson -> peggy-olson-b8ae9452.jpg
Reused Blair_Waldorf -> blair-waldorf-f5915525.jpg
Reused Veronica_Mars -> veronica-mars-53d80140.jpg
Reused Moira_Rose -> moira-rose-22fdf569.png
Reused Adrian_Monk -> adrian-monk-cfedce17.jpg
Reused Vash_the_Stampede -> vash-the-stampede-c2e95de8.png
Reused Rei_Ayanami -> rei-ayanami-ec468618.jpg
Reused Motoko_Kusanagi -> motoko-kusanagi-37bd0da9.png
Reused Yugi_Muto -> yugi-muto-0dcacdef.png
Reused Seto_Kaiba -> seto-kaiba-7db2f6f1.png
Reused Bulma -> bulma-7a7ac941.png
Reused Sanji_(One_Piece) -> sanji-one-piece-205c8cb4.jpg
Reused Gintoki_Sakata -> gintoki-sakata-8f077793.jpg
Reused Rimuru_Tempest -> rimuru-tempest-38cf9eb0.jpg
Reused Sailor_Mars -> sailor-mars-00eaabd0.jpg
Reused Shinji_Ikari -> shinji-ikari-db052d31.jpg
Reused Sakura_Kinomoto -> sakura-kinomoto-ef53560c.jpg
Reused Ranma_Saotome -> ranma-saotome-5eeb9a51.jpg
Reused Saber_(Fate) -> saber-fate-04f7e7d8.png
Reused Tony_Montana -> tony-montana-0ccba088.jpg
Reused Travis_Bickle -> travis-bickle-f04d7e15.jpeg
Reused Dorothy_Gale -> dorothy-gale-0dbd4f6f.jpg
Reused Ferris_Bueller -> ferris-bueller-6847bf1f.jpg
Reused Patrick_Bateman -> patrick-bateman-2a72008f.jpg
Reused Amelie_Poulain -> amelie-poulain-1ea79af0.jpg
Reused Trinity_(The_Matrix) -> trinity-the-matrix-6b38cf13.jpg
Reused Scar_(The_Lion_King) -> scar-the-lion-king-3bd03190.png
Reused Tyler_Durden -> tyler-durden-c2f955f1.jpg
Reused Regina_George -> regina-george-644ba48b.jpg
Reused Princess_Fiona -> princess-fiona-812297b0.png
Reused Lisbeth_Salander -> lisbeth-salander-1674691e.jpg
Reused Randle_McMurphy -> randle-mcmurphy-1416acf8.jpg
Reused Vin%C3%ADcius_J%C3%BAnior -> vinicius-junior-7cf7f4a1.jpg
Reused Son_Heung-min -> son-heung-min-64f8f4e9.jpg
Reused Zico -> zico-7e666b7d.jpg
Reused Lothar_Matth%C3%A4us -> lothar-matthaus-8ff13854.jpg
Reused Wednesday_Addams -> wednesday-addams-26e19fa7.jpg
Reused Daryl_Dixon -> daryl-dixon-5128ef24.png
Reused Kim_Wexler -> kim-wexler-a02dd6d3.png
Reused Villanelle_(Killing_Eve) -> villanelle-killing-eve-84a205fb.jpg
Reused Rust_Cohle -> rust-cohle-f5d35f74.jpg
Reused Kendall_Roy -> kendall-roy-0a07e9a3.jpg
Reused Selina_Meyer -> selina-meyer-3ada815b.jpg
Reused Izuku_Midoriya -> izuku-midoriya-f8f2399f.png
Reused Anya_Forger -> anya-forger-8dfd47bc.png
Reused Zenitsu_Agatsuma -> zenitsu-agatsuma-c5df10be.png
Reused Yor_Forger -> yor-forger-b6d2ec05.png
Reused Shoto_Todoroki -> shoto-todoroki-18cc55ae.png
Reused Johan_Liebert -> johan-liebert-b017d146.webp
Reused Kamina -> kamina-660e2bd9.jpg
Reused Homura_Akemi -> homura-akemi-fae22add.png
Reused Buzz_Lightyear -> buzz-lightyear-bf42aa04.jpg
Reused Mulan_(Disney_character) -> mulan-disney-character-1e3187f7.png
Reused Max_Rockatansky -> max-rockatansky-ffa3957e.jpg
Reused Jack_Skellington -> jack-skellington-670d069c.png
Reused Rick_Deckard -> rick-deckard-cbfafaa8.jpg
Reused Daniel_Plainview -> daniel-plainview-61066451.jpg
Reused Andr%C3%A9s_Iniesta -> andres-iniesta-f37a2286.jpg
Reused Luis_Su%C3%A1rez -> luis-suarez-34c7a42e.jpg
Reused Robert_Lewandowski -> robert-lewandowski-db33a5aa.jpg
Reused Franck_Rib%C3%A9ry -> franck-ribery-3c9a9bce.jpg
Reused David_Villa -> david-villa-8aefcdc6.jpg
Reused Robin_van_Persie -> robin-van-persie-79545f95.jpg
Reused Mesut_%C3%96zil -> mesut-ozil-72e48279.jpg
Reused Javier_Mascherano -> javier-mascherano-cda693c8.jpg
Reused Carlos_T%C3%A9vez -> carlos-tevez-14fef804.jpg
Reused Edinson_Cavani -> edinson-cavani-bda4f655.jpg
Reused Gianluigi_Buffon -> gianluigi-buffon-e709d4a0.jpg
Reused Clarence_Seedorf -> clarence-seedorf-2d717ee7.jpg
Reused Javier_Zanetti -> javier-zanetti-31e264dc.jpg
Reused Gheorghe_Hagi -> gheorghe-hagi-384fde93.jpg
Reused Michael_Laudrup -> michael-laudrup-c9f6d9ca.jpg
Reused Hristo_Stoichkov -> hristo-stoichkov-545b37fb.jpg
Reused Pavel_Nedv%C4%9Bd -> pavel-nedved-9764a1d0.jpg
Reused Samuel_Eto%27o -> samuel-eto-o-abfca014.jpg
Reused Fabio_Cannavaro -> fabio-cannavaro-edaffc51.jpg
Reused Philipp_Lahm -> philipp-lahm-220af0b9.jpg
Reused Edgar_Davids -> edgar-davids-ce6a8a63.jpg
Reused Rom%C3%A1rio -> romario-7158fdc4.jpg
Reused Garrincha -> garrincha-d1923c51.jpg
Reused Juan_Rom%C3%A1n_Riquelme -> juan-roman-riquelme-b519e52b.jpg
Reused Dana_Scully -> dana-scully-72781c8a.png
Reused Villanelle_(character) -> villanelle-character-22db39ab.jpg
Reused Thomas_Shelby -> thomas-shelby-03ba1712.jpg
Reused Tony_Soprano -> tony-soprano-c0884ca6.jpg
Reused Saul_Berenson -> saul-berenson-7ca968fd.jpeg
Reused Bender_(Futurama) -> bender-futurama-a69273a7.png
Reused Hisoka -> hisoka-244d5dce.png
Reused Elle_Woods -> elle-woods-80b4b63d.jpg
Reused Ellen_Ripley -> ellen-ripley-1368aad2.jpg
Reused Beatrix_Kiddo -> beatrix-kiddo-ccb3811a.jpg
Reused Antoine_Griezmann -> antoine-griezmann-00f86dfd.jpg
Reused Riyad_Mahrez -> riyad-mahrez-276b32c3.jpg
Reused Casemiro -> casemiro-076896f3.jpg
Reused Thomas_M%C3%BCller -> thomas-muller-045ee22e.jpg
Reused Nemanja_Vidi%C4%87 -> nemanja-vidic-697ec59c.jpg
Reused Davor_%C5%A0uker -> davor-suker-a83cfa45.jpg
Reused Fernando_Redondo -> fernando-redondo-3bb2741e.png
Reused Michael_Ballack -> michael-ballack-92a0a832.jpg
Reused Henrik_Larsson -> henrik-larsson-57a46167.jpg
Reused Alessandro_Nesta -> alessandro-nesta-f9e5f91e.jpg
Reused Patrick_Vieira -> patrick-vieira-3f7255b2.jpg
Reused Rivaldo -> rivaldo-f3706a76.jpg
Reused David_Trezeguet -> david-trezeguet-7ed56981.jpg
Reused Miroslav_Klose -> miroslav-klose-d466dd0c.jpg
Reused Ted_Lasso -> ted-lasso-6e41a146.jpg
Reused Jack_Bauer -> jack-bauer-fd2cf0c9.jpg
Reused Carrie_Mathison -> carrie-mathison-04644e68.jpg
Reused Nandor_the_Relentless -> nandor-the-relentless-bff5adb8.jpg
Reused BoJack_Horseman -> bojack-horseman-cd89457e.png
Reused Malcolm_(Malcolm_in_the_Middle) -> malcolm-malcolm-in-the-middle-74b79a97.jpg
Reused Annalise_Keating -> annalise-keating-1e46453a.jpg
Reused Alicia_Florrick -> alicia-florrick-fe3c990e.jpg
Reused Rebecca_Pearson -> rebecca-pearson-deeb1ea0.jpg
Reused Jax_Teller -> jax-teller-bef334f7.jpg
Reused Goku -> goku-fd6be039.png
Reused Nezuko_Kamado -> nezuko-kamado-a9de44a1.png
Reused Inosuke_Hashibira -> inosuke-hashibira-0120e5e9.png
Reused Kurapika -> kurapika-fe2c963c.png
Reused Tony_Tony_Chopper -> tony-tony-chopper-512c69a0.jpg
Reused Trafalgar_D._Water_Law -> trafalgar-d-water-law-41df43ab.png
Reused Gaara -> gaara-8d1628bf.jpg
Reused Megumi_Fushiguro -> megumi-fushiguro-f9400f75.png
Reused Nobara_Kugisaki -> nobara-kugisaki-6eb2c8ac.png
Reused Ken_Kaneki -> ken-kaneki-d5ef70e4.jpg
Reused Thorfinn_(Vinland_Saga) -> thorfinn-vinland-saga-cf9521ec.jpg
Reused Revy_(Black_Lagoon) -> revy-black-lagoon-d44c7d13.png
Reused Baki_Hanma -> baki-hanma-d2037cbb.png
Reused Hiei -> hiei-7b73be1e.jpg
Reused Chrollo_Lucilfer -> chrollo-lucilfer-d0ad3e9f.png
Reused Yoko_Littner -> yoko-littner-050951bc.jpg
Reused Riza_Hawkeye -> riza-hawkeye-30d2f437.jpg
Reused Kaori_Miyazono -> kaori-miyazono-f07630f9.png
Reused Olivier_Mira_Armstrong -> olivier-mira-armstrong-1125bcb2.jpg
Reused Kallen_Stadtfeld -> kallen-stadtfeld-f2418777.jpg
Reused Kenpachi_Zaraki -> kenpachi-zaraki-01e0f77e.png
Reused Korosensei -> korosensei-eed8da05.png
Reused Maka_Albarn -> maka-albarn-5cf1f705.jpg
Reused Asta_(Black_Clover) -> asta-black-clover-1bec20a1.png
Reused Andy_Dufresne -> andy-dufresne-e7f10e1e.jpg
Reused L%C3%A9on_(character) -> leon-character-7fa55d18.png
Reused Marge_Gunderson -> marge-gunderson-ddc2f331.jpg
Reused Chihiro_Ogino -> chihiro-ogino-599c09ce.png
Reused Juno_MacGuff -> juno-macguff-ab768e99.png
Reused Mahatma_Gandhi -> mahatma-gandhi-f74dcf91.jpg
Reused Julius_Caesar -> julius-caesar-ee05d003.jpg
Reused Leonardo_da_Vinci -> leonardo-da-vinci-5a1130cd.png
Reused Albert_Einstein -> albert-einstein-21b664a3.jpg
Reused George_Washington -> george-washington-882bee26.jpg
Reused Winston_Churchill -> winston-churchill-ef6af4ff.jpg
Reused Napoleon -> napoleon-1785ed6c.jpg
Reused Martin_Luther_King_Jr. -> martin-luther-king-jr-d88da033.jpg
Reused Elizabeth_I -> elizabeth-i-14318c11.jpg
Reused Queen_Victoria -> queen-victoria-46b5c244.jpg
Reused Christopher_Columbus -> christopher-columbus-933934e9.jpg
Reused Abraham_Lincoln -> abraham-lincoln-5a8f1cea.jpg
Reused Thomas_Edison -> thomas-edison-a0261838.jpg
Reused Aristotle -> aristotle-38bfcf70.jpg
Reused Galileo_Galilei -> galileo-galilei-31000d74.jpg
Reused Mark_Zuckerberg -> mark-zuckerberg-08a03d8a.jpg
Reused Thomas_Jefferson -> thomas-jefferson-fabb7b4b.jpg
Reused Salvador_Dal%C3%AD -> salvador-dali-8f7c6d8c.jpg
Reused Frida_Kahlo -> frida-kahlo-f2d7b7fd.jpg
Reused Bill_Gates -> bill-gates-c2f1df0e.jpg
Reused Max_Planck -> max-planck-7ade7622.jpg
Reused Steve_Jobs -> steve-jobs-141bb10a.jpg
Reused 14th_Dalai_Lama -> 14th-dalai-lama-2908d444.jpg
Reused William_Shakespeare -> william-shakespeare-22daba3c.jpg
Reused Socrates -> socrates-c06731dd.jpg
Reused Vincent_van_Gogh -> vincent-van-gogh-2aa3d168.jpg
Reused Sigmund_Freud -> sigmund-freud-260c4721.jpg
Reused Anne_Frank -> anne-frank-a4c36dfb.jpg
Reused Helen_Keller -> helen-keller-3d807b7a.jpg
Reused Amelia_Earhart -> amelia-earhart-80ca3178.jpg
Reused Rosa_Parks -> rosa-parks-e190a3fb.jpg
Reused Karl_Marx -> karl-marx-6ee6885b.png
Reused Kublai_Khan -> kublai-khan-d12db720.jpg
Reused Alexander_the_Great -> alexander-the-great-45e8cc92.jpg
Reused Alexander_Fleming -> alexander-fleming-9df849dc.jpg
Reused Nicholas_II_of_Russia -> nicholas-ii-of-russia-ec5f9f1f.jpg
Reused Joseph_Stalin -> joseph-stalin-6391fe06.jpg
Reused Marie_Curie -> marie-curie-d7920771.jpg
Reused Isaac_Newton -> isaac-newton-5757969c.jpg
Reused Genghis_Khan -> genghis-khan-fc5d55f3.jpg
Reused Maximilien_Robespierre -> maximilien-robespierre-7df6038a.jpg
Reused Cleopatra -> cleopatra-33b39c53.jpg
Reused Gautama_Buddha -> gautama-buddha-0e292198.jpg
Reused Mao_Zedong -> mao-zedong-c57a203f.jpg
Reused Stephen_Hawking -> stephen-hawking-3a557b1d.jpg
Reused Louis_Armstrong -> louis-armstrong-2485a6e7.jpg
Reused Dmitri_Mendeleev -> dmitri-mendeleev-ab51113e.jpg
Reused Jawaharlal_Nehru -> jawaharlal-nehru-53d70ca5.jpg
Reused Marcus_Aurelius -> marcus-aurelius-c09f038d.jpg
Reused Leonard_Bernstein -> leonard-bernstein-9e1fc9ac.jpg
Reused Florence_Nightingale -> florence-nightingale-7a04ebb9.jpg
Reused John_F._Kennedy -> john-f-kennedy-e1cdf573.jpg
Reused Louis_Pasteur -> louis-pasteur-c8b37e1f.jpg
Reused Mikhail_Gorbachev -> mikhail-gorbachev-3d41a0dd.jpg
Reused J._Robert_Oppenheimer -> j-robert-oppenheimer-c2a04e31.jpg
Reused Elie_Wiesel -> elie-wiesel-3c915da7.jpg
Reused Shah_Jahan -> shah-jahan-9e7350e6.jpg
Reused Charles_Darwin -> charles-darwin-62b3a9a1.jpg
Reused Pablo_Picasso -> pablo-picasso-18b89a6c.jpg
Reused John_D._Rockefeller -> john-d-rockefeller-67fff155.jpg
Reused Margaret_Thatcher -> margaret-thatcher-1c82bf21.jpg
Reused Malcolm_X -> malcolm-x-edda2de4.jpg
Reused Che_Guevara -> che-guevara-b9277caf.jpg
Reused Muhammad_Ali -> muhammad-ali-04d1abd9.jpg
Reused Malala_Yousafzai -> malala-yousafzai-8473d037.jpg
Reused Hannibal -> hannibal-c0a1a134.jpg
Reused Xerxes_I -> xerxes-i-6e6aa778.jpg
Reused Niccol%C3%B2_Machiavelli -> niccolo-machiavelli-3f2f4cd4.jpg
Reused Hern%C3%A1n_Cort%C3%A9s -> hernan-cortes-1259caa6.jpg
Reused Martin_Luther -> martin-luther-a0beaac7.jpg
Reused Michael_Faraday -> michael-faraday-c0fc0f6c.jpg
Reused Yuri_Gagarin -> yuri-gagarin-4c65cf28.jpg
Reused Nicolaus_Copernicus -> nicolaus-copernicus-1f657dc9.jpg
Reused Augustus -> augustus-7c5ac2d9.jpg
Reused Amerigo_Vespucci -> amerigo-vespucci-3a7dd3cf.jpg
Reused Leo_Tolstoy -> leo-tolstoy-9e3ccf3c.jpg
Reused Edward_Teller -> edward-teller-5e0ae2cb.jpg
Reused Nikola_Tesla -> nikola-tesla-45f72186.jpeg
Reused Alan_Turing -> alan-turing-656cd5f5.jpg
Reused Fyodor_Dostoevsky -> fyodor-dostoevsky-841847f3.jpg
Reused Gustav_Mahler -> gustav-mahler-7332b3b9.jpg
Reused Victor_Hugo -> victor-hugo-3219ba8b.jpg
Reused Vladimir_Lenin -> vladimir-lenin-e5c85240.jpg
Reused Charles_Dickens -> charles-dickens-976d85aa.jpg
Reused Ludwig_van_Beethoven -> ludwig-van-beethoven-8d23a04e.jpg
Reused Wolfgang_Amadeus_Mozart -> wolfgang-amadeus-mozart-4a42fdee.jpg
Reused Mother_Teresa -> mother-teresa-da7659e0.jpg
Reused Nelson_Mandela -> nelson-mandela-b96e999b.jpg
Reused Jane_Austen -> jane-austen-ffc3df51.jpg
Reused Suleiman_the_Magnificent -> suleiman-the-magnificent-d6a62223.jpg
Reused Catherine_the_Great -> catherine-the-great-e96e1abe.jpg
Reused Frederick_the_Great -> frederick-the-great-ebf7b15e.jpg
Reused Lion -> lion-9f19d4dc.jpg
Reused African_bush_elephant -> african-bush-elephant-3b3d91fd.jpg
Reused Zebra -> zebra-b2d43dc8.jpg
Reused Giraffe -> giraffe-70dd942b.jpg
Reused Blue_whale -> blue-whale-49dfbe01.jpg
Reused Kangaroo -> kangaroo-609c214c.jpg
Reused Giant_panda -> giant-panda-5b5c6902.jpg
Reused Cheetah -> cheetah-4fd58c8f.jpg
Reused Common_ostrich -> common-ostrich-ba33d6ba.jpg
Reused Chameleon -> chameleon-3d0fe27b.jpg
Reused Polar_bear -> polar-bear-19bb6ede.jpg
Reused Frog -> frog-075e4feb.jpg
Reused Green_tree_python -> green-tree-python-ca2ee60a.jpg
Reused Dog -> dog-b866865b.jpg
Reused Cat -> cat-cebe54c7.jpg
Reused Donkey -> donkey-135439ff.jpg
Reused Pig -> pig-768107c0.jpg
Reused Chicken -> chicken-baaa1884.jpg
Reused Sailfish -> sailfish-55106035.jpeg
Reused Sea_lion -> sea-lion-90a32353.jpg
Reused Tortoise -> tortoise-d33562d5.jpg
Reused Western_honey_bee -> western-honey-bee-c6200b15.jpg
Reused Bald_eagle -> bald-eagle-fb8ab29b.jpg
Reused Orca -> orca-5683005e.jpg
Reused Koala -> koala-74ae7719.jpg
Reused Rabbit -> rabbit-29f71626.jpg
Reused Wolf -> wolf-5b7c6cb4.jpg
Reused Duck -> duck-e30bb6b0.jpg
Reused Cattle -> cattle-13d7dd54.jpg
Reused Sheep -> sheep-02df9167.jpg
Reused Owl -> owl-05198a3d.jpg
Reused Swan -> swan-e1b250a4.jpg
Reused Penguin -> penguin-e1df2eb6.jpg
Reused Tiger -> tiger-dd697aa8.jpg
Reused Orangutan -> orangutan-0a12953e.jpg
Reused Saltwater_crocodile -> saltwater-crocodile-88841805.jpg
Reused Emu -> emu-c3868088.jpg
Reused North_American_beaver -> north-american-beaver-85a49a3e.jpg
Reused Chimpanzee -> chimpanzee-57e8f04a.jpg
Reused Bat -> bat-acdf41b2.jpg
Reused Common_bottlenose_dolphin -> common-bottlenose-dolphin-5e0f0ce0.jpg
Reused Grizzly_bear -> grizzly-bear-ed013720.jpg
Reused Fennec_fox -> fennec-fox-a42c52a8.jpg
Reused Kiwi_(bird) -> kiwi-bird-c6c2c2bd.jpg
Reused Green_anaconda -> green-anaconda-224e205a.jpg
Reused White_rhinoceros -> white-rhinoceros-9c6d4504.jpg
Reused Gorilla -> gorilla-7fcea801.jpg
Reused Flamingo -> flamingo-649aa730.jpg
Reused Sea_turtle -> sea-turtle-263a564c.jpg
Reused Walrus -> walrus-9786a2ec.jpg
Reused Cougar -> cougar-c63d8691.jpg
Reused Greater_kudu -> greater-kudu-e2006dba.jpg
Reused Spotted_hyena -> spotted-hyena-0a753dd0.jpg
Reused Octopus -> octopus-c10a60e4.jpg
Reused Golden_eagle -> golden-eagle-c7be3e3c.jpg
Reused Sloth -> sloth-76431eaa.jpg
Reused Whale_shark -> whale-shark-0508c818.jpg
Reused Indian_cobra -> indian-cobra-558d6225.jpg
Reused Tasmanian_devil -> tasmanian-devil-7a97e98b.jpg
Reused Parrot -> parrot-0fcb11d8.jpg
Reused Komodo_dragon -> komodo-dragon-b3db6a22.jpg
Reused Crab -> crab-186a5f6d.jpg
Reused Seahorse -> seahorse-a4b5eddc.jpg
Reused Lobster -> lobster-a90ca754.jpg
Reused Hippopotamus -> hippopotamus-8cb575d6.jpg
Reused Okapi -> okapi-90fc1069.jpg
Reused Platypus -> platypus-89d42556.jpg
Reused Quokka -> quokka-a4516835.jpg
Reused Capybara -> capybara-d3eba3ca.jpg
Reused Vicu%C3%B1a -> vicuna-f07fe881.jpg
Reused Emperor_penguin -> emperor-penguin-616755d8.jpg
Reused Giant_squid -> giant-squid-e406a565.jpg
Reused Greater_rhea -> greater-rhea-c64dca9a.jpg
Reused Sugar_glider -> sugar-glider-0815468e.jpg
Reused Reindeer -> reindeer-26cbc8eb.jpg
Reused Chinese_giant_salamander -> chinese-giant-salamander-7ccc6d0b.jpg
Reused Fossa_(animal) -> fossa-animal-9a814ea0.jpg
Reused Gila_monster -> gila-monster-1278631d.jpg
Reused Ring-tailed_lemur -> ring-tailed-lemur-93988900.jpg
Reused Shrimp -> shrimp-b905693c.jpg
Reused Manatee -> manatee-15da73c8.jpg
Reused Hedgehog -> hedgehog-9398c2df.jpg
Reused American_paddlefish -> american-paddlefish-f36534df.jpg
Reused Narwhal -> narwhal-c4f6301d.jpg
Reused Meerkat -> meerkat-66b5bf36.jpg
Reused Anglerfish -> anglerfish-a4726d0d.png
Reused Cassowary -> cassowary-0094726b.jpg
Reused Mudskipper -> mudskipper-56b16b98.jpg
Reused Japanese_spider_crab -> japanese-spider-crab-f404f011.jpg
Reused Coati -> coati-55405100.png
Reused Gaur -> gaur-7f9819d6.jpg
Reused Krill -> krill-5e8bcc80.jpg
Reused Pangolin -> pangolin-1ddf68c2.png
Reused Tapir -> tapir-2e73cd10.png
Reused Sumatran_orangutan -> sumatran-orangutan-0dc8acf9.jpg
Reused Dugong -> dugong-701401a7.jpg
Reused Roseate_spoonbill -> roseate-spoonbill-4f61686e.jpg
Reused Cone_snail -> cone-snail-6d2cfedf.jpg
Reused Markhor -> markhor-9b13a556.jpg
Reused Cologne_Cathedral -> cologne-cathedral-cec05dfb.jpg
Reused Moscow_Kremlin -> moscow-kremlin-37df30ef.jpg
Reused Mount_Rushmore -> mount-rushmore-662a7afe.jpg
Reused Palace_of_Versailles -> palace-of-versailles-1a526f39.jpg
Reused Piazza_San_Marco -> piazza-san-marco-acabf6c7.jpg
Reused Buckingham_Palace -> buckingham-palace-61e5fbd5.jpg
Reused Amsterdam -> amsterdam-2dce283e.png
Reused St._Stephen%27s_Cathedral,_Vienna -> st-stephen-s-cathedral-vienna-cf30a59f.jpg
Reused Tokyo_Tower -> tokyo-tower-b399aec0.jpg
Reused Gyeongbokgung -> gyeongbokgung-fd991c83.jpg
Reused Wat_Phra_Kaew -> wat-phra-kaew-a86e574f.jpg
Reused Gateway_of_India -> gateway-of-india-6e9d19d9.jpg
Reused Mykonos -> mykonos-a071db06.png
Reused Pena_Palace -> pena-palace-55c75e58.jpg
Reused Chain_Bridge,_Budapest -> chain-bridge-budapest-2dccb512.png
Reused Prague_Castle -> prague-castle-1e104189.jpg
Reused Wawel_Castle -> wawel-castle-6345b147.jpg
Reused Grand_Place,_Brussels -> grand-place-brussels-7d2c8abb.jpg
Reused Nyhavn -> nyhavn-bfb42cbd.jpg
Reused Gamla_stan -> gamla-stan-2e943c96.jpg
Reused Door_to_Hell -> door-to-hell-ad13322a.jpg
Reused Ziggurat_of_Ur -> ziggurat-of-ur-edbe8b02.jpg
Reused Cartagena,_Colombia -> cartagena-colombia-04b34266.jpg
Reused Panama_Canal -> panama-canal-49c6bced.png
Reused Angel_Falls -> angel-falls-fcfe11cc.jpg
Reused Gal%C3%A1pagos_Islands -> galapagos-islands-e17eba03.jpg
Reused Arenal_Volcano -> arenal-volcano-17511d6f.jpg
Reused Cop%C3%A1n -> copan-53302e38.jpg
Reused Le%C3%B3n_Cathedral,_Nicaragua -> leon-cathedral-nicaragua-748e636a.jpg
Reused Tallinn -> tallinn-eaaa98c2.jpg
Reused Trakai_Island_Castle -> trakai-island-castle-62cfac51.jpg
Reused Rila_Monastery -> rila-monastery-eb912e9f.jpg
Reused Kalemegdan -> kalemegdan-46b702a5.jpg
Reused Stari_Most -> stari-most-b1a972f2.jpg
Reused Bay_of_Kotor -> bay-of-kotor-833310f7.jpg
Reused Berat -> berat-0c87ecc6.jpg
Reused Mdina -> mdina-644f1bce.jpg
Reused Kyrenia_Castle -> kyrenia-castle-80b936b1.jpg
Reused Mada%27in_Saleh -> mada-in-saleh-08686014.png
Reused Museum_of_Islamic_Art,_Doha -> museum-of-islamic-art-doha-51a92a63.jpg
Reused Badshahi_Mosque -> badshahi-mosque-3dcc6d7c.jpg
Reused Minaret_of_Jam -> minaret-of-jam-2c4bffc2.jpg
Reused Leptis_Magna -> leptis-magna-12db15b5.jpg
Reused Timgad -> timgad-235d942b.jpg
Reused African_Renaissance_Monument -> african-renaissance-monument-878d65bd.jpg
Reused Kasubi_Tombs -> kasubi-tombs-c4f990f7.jpg
Reused Volcanoes_National_Park -> volcanoes-national-park-b5131db6.gif
Reused Okavango_Delta -> okavango-delta-a3871592.png
Reused Island_of_Mozambique -> island-of-mozambique-37f70f62.jpg
Reused Cape_Coast_Castle -> cape-coast-castle-96ec86e3.jpg
Reused Zuma_Rock -> zuma-rock-707c14a5.jpg
Reused Kokoda_Track -> kokoda-track-401db9c0.png
Reused Sri_Siva_Subramaniya_Temple -> sri-siva-subramaniya-temple-38da8c11.jpg
Reused Juche_Tower -> juche-tower-1f0f3392.jpg
Reused Dwayne_Johnson -> dwayne-johnson-a7ae6868.jpg
Reused Kendall_Jenner -> kendall-jenner-0ac9487a.jpg
Reused Khlo%C3%A9_Kardashian -> khloe-kardashian-604be282.png
Reused Kourtney_Kardashian -> kourtney-kardashian-c33f0c00.png
Reused Gigi_Hadid -> gigi-hadid-1f968d33.jpg
Reused Bella_Hadid -> bella-hadid-b979e1e7.jpg
Reused Virat_Kohli -> virat-kohli-297c587f.jpg
Reused LeBron_James -> lebron-james-be11b24e.jpg
Reused Kevin_Hart -> kevin-hart-32db3eb6.jpg
Reused Will_Smith -> will-smith-600f065d.jpg
Reused Ellen_DeGeneres -> ellen-degeneres-8629a2f4.jpg
Reused Oprah_Winfrey -> oprah-winfrey-cd02fed3.jpg
Reused Gordon_Ramsay -> gordon-ramsay-3f4d00ad.jpg
Reused Paris_Hilton -> paris-hilton-4ffd2e63.jpg
Reused Zendaya -> zendaya-05ecde36.jpg
Reused Kevin_Durant -> kevin-durant-b283e739.jpg
Reused Stephen_Curry -> stephen-curry-eed617fc.jpg
Reused Victoria_Beckham -> victoria-beckham-9054bb6c.jpg
Reused Vin_Diesel -> vin-diesel-a53c4055.jpg
Reused Lindsey_Stirling -> lindsey-stirling-ae0034f7.jpg
Reused Chloe_Ting -> chloe-ting-3e62e511.png
Reused Pamela_Reif -> pamela-reif-9f9460c9.jpg
Reused Alex_Cooper -> alex-cooper-1e4f6133.jpg
Reused Andrew_Tate -> andrew-tate-07ff133b.png
Reused Joe_Rogan -> joe-rogan-7fa0f3ad.png
Reused Lex_Fridman -> lex-fridman-4e201176.png
Reused Theo_Von -> theo-von-f943defb.jpg
Reused Bobby_Lee -> bobby-lee-32174767.jpeg
Reused Andrew_Schulz -> andrew-schulz-dab42461.jpg
Reused Hannah_Stocking -> hannah-stocking-a53b4c68.png
Reused Rudy_Mancuso -> rudy-mancuso-336c4d32.png
Reused Anwar_Jibawi -> anwar-jibawi-858a0d49.png
Reused King_Bach -> king-bach-289504d1.jpg
Reused Brent_Rivera -> brent-rivera-689c0152.jpg
Reused Hailey_Bieber -> hailey-bieber-cb152e9b.jpg
Reused Madison_Beer -> madison-beer-1e8a1741.jpg
Reused Nessa_Barrett -> nessa-barrett-951872d8.jpg
Reused Kalen_Allen -> kalen-allen-885f23e0.jpg
Reused Marques_Brownlee -> marques-brownlee-c6f557fb.jpg
Reused Linus_Sebastian -> linus-sebastian-08b1ba7c.jpg
Reused Unbox_Therapy -> unbox-therapy-5857cbd2.png
Reused Austin_Evans_(YouTuber) -> austin-evans-youtuber-8a6d96db.png
Reused SSSniperWolf -> sssniperwolf-a23944dc.jpg
Reused JoJo_Siwa -> jojo-siwa-be885d51.jpg
Reused Piper_Rockelle -> piper-rockelle-e3968194.png
Reused Dixie_D%27Amelio -> dixie-d-amelio-4a851474.jpg
Reused Avani_Gregg -> avani-gregg-d971bcc6.jpg
Reused Noah_Beck -> noah-beck-aef9818a.png
Reused Larray -> larray-670a46db.png
Reused Josh_Richards -> josh-richards-c4fae2e3.jpg
Reused Bryce_Hall -> bryce-hall-4840ec01.jpg
Reused Quackity -> quackity-d8ea2079.jpg
Reused Mia_Khalifa -> mia-khalifa-3d3242ea.png
Reused Rebecca_Zamolo -> rebecca-zamolo-6ca786b6.png
Reused TimTheTatman -> timthetatman-ea7cba0c.jpg
Reused Nick_Eh_30 -> nick-eh-30-e033db39.jpg
Reused TommyInnit -> tommyinnit-ed6eecd2.jpg
Reused Tubbo -> tubbo-343cf578.jpg
Reused Wilbur_Soot -> wilbur-soot-cf0b49d0.png
Reused GeorgeNotFound -> georgenotfound-36afd475.jpg
Reused Sapnap -> sapnap-6651b865.jpg
Reused Karl_Jacobs -> karl-jacobs-3650fc36.jpg
Reused Jacksfilms -> jacksfilms-9f81ef47.jpg
Reused The_Try_Guys -> the-try-guys-3401267f.jpg
Reused Eugene_Lee_Yang -> eugene-lee-yang-18abe10e.jpg
Reused Matt_Stonie -> matt-stonie-15381d14.jpg
Reused Joey_Chestnut -> joey-chestnut-e7e3b909.jpg
Reused Lindsay_Ellis -> lindsay-ellis-8dd72c0e.jpg
Reused Hbomberguy -> hbomberguy-b9793030.png
Reused Rebecca_Watson -> rebecca-watson-f5476488.jpg
Reused Destiny_(streamer) -> destiny-streamer-1a60ba30.jpg
Reused Vaush -> vaush-15cbf6a2.jpg
Reused Onision -> onision-379909c4.jpg
Reused IDubbbz -> idubbbz-308d814a.jpg
Reused RiceGum -> ricegum-a643e2b5.png
Reused Anthony_Padilla -> anthony-padilla-22227cb7.jpg
Reused Ryan_Kaji -> ryan-kaji-b4a1671a.jpg
Reused Captain_Disillusion -> captain-disillusion-b3e4fa2c.jpg
Reused Tom_Scott_(entertainer) -> tom-scott-entertainer-6bbf4a05.jpg
Reused Simone_Giertz -> simone-giertz-587a468e.jpg
Reused Toni_Kroos -> toni-kroos-9c4a56ce.jpg
Reused Philippe_Coutinho -> philippe-coutinho-11acde82.jpg
Reused Marcelo_(footballer,_born_1988) -> marcelo-footballer-born-1988-6ac00a2c.jpg
Reused Kak%C3%A1 -> kaka-3d98bc9f.jpg
Reused David_de_Gea -> david-de-gea-84b1eb94.jpg
Reused Alisson_Becker -> alisson-becker-d83e58d2.jpg
Reused Ederson_(footballer,_born_1993) -> ederson-footballer-born-1993-bc420d1d.png
Reused Trent_Alexander-Arnold -> trent-alexander-arnold-d205bcfe.jpg
Reused Andrew_Robertson_(footballer) -> andrew-robertson-footballer-3fb26bd8.jpg
Reused Declan_Rice -> declan-rice-b33a5224.jpg
Reused Phil_Foden -> phil-foden-20dc3759.jpg
Reused Marcus_Rashford -> marcus-rashford-6c67ffb0.jpg
Reused Jack_Grealish -> jack-grealish-acd72d45.jpg
Reused Raheem_Sterling -> raheem-sterling-0e149d30.jpg
Reused Harry_Maguire -> harry-maguire-5112337e.jpg
Reused Jordan_Henderson -> jordan-henderson-bbf2ffcd.jpg
Reused Steven_Gerrard -> steven-gerrard-e1acb7d9.jpg
Reused Frank_Lampard -> frank-lampard-5e881c89.jpg
Reused Rio_Ferdinand -> rio-ferdinand-48425480.jpg
Reused John_Terry -> john-terry-cc206b87.jpg
Reused Paul_Scholes -> paul-scholes-1972aa3b.jpg
Reused Ryan_Giggs -> ryan-giggs-91017d0f.jpg
Reused Eric_Cantona -> eric-cantona-e5ea3efa.jpg
Reused Peter_Schmeichel -> peter-schmeichel-0be80450.jpg
Reused Alan_Shearer -> alan-shearer-e0d51e53.jpg
Reused Michael_Owen -> michael-owen-f0e3127e.jpg
Reused Gary_Lineker -> gary-lineker-e1bd821c.jpg
Reused Paul_Gascoigne -> paul-gascoigne-39b1adbf.png
Reused Gerard_Piqu%C3%A9 -> gerard-pique-1f7a780a.jpg
Reused Jordi_Alba -> jordi-alba-a29faa1e.jpg
Reused Sergi_Roberto -> sergi-roberto-60bfd448.jpg
Reused Eden_Hazard -> eden-hazard-2a86d616.jpg
Reused Achraf_Hakimi -> achraf-hakimi-1e03d72a.jpg
Reused Roberto_Firmino -> roberto-firmino-062d2c21.jpg
Reused Thibaut_Courtois -> thibaut-courtois-ee2a41f8.jpg
Reused Jo%C3%ABl_Matip -> joel-matip-53fa9cb7.jpg
Reused Paul_Pogba -> paul-pogba-a9b483a1.jpg
Reused N%27Golo_Kant%C3%A9 -> n-golo-kante-a27ccfed.jpg
Reused Hugo_Lloris -> hugo-lloris-125e4256.jpg
Reused Olivier_Giroud -> olivier-giroud-71783b7c.png
Reused Kingsley_Coman -> kingsley-coman-41cde5b5.jpg
Reused Presnel_Kimpembe -> presnel-kimpembe-8d8483e3.jpg
Reused Ousmane_Demb%C3%A9l%C3%A9 -> ousmane-dembele-85ee1e9a.jpg
Reused Rodri -> rodri-545c429c.jpg
Reused Gavi_(footballer) -> gavi-footballer-7ab627d7.jpg
Reused Ferran_Torres -> ferran-torres-8488a02d.png
Reused %C3%81lvaro_Morata -> alvaro-morata-96cf8131.jpg
Reused Thiago_Alc%C3%A2ntara -> thiago-alcantara-a08dae32.jpg
Reused Koke_(footballer,_born_1992) -> koke-footballer-born-1992-7b3f8844.jpg
Reused Lautaro_Mart%C3%ADnez -> lautaro-martinez-185c72bd.jpg
Reused Emiliano_Mart%C3%ADnez -> emiliano-martinez-8cc5d935.jpg
Reused Rodrigo_De_Paul -> rodrigo-de-paul-12f27ada.jpg
Reused Paulo_Dybala -> paulo-dybala-b69bc822.jpg
Reused Vin%C3%ADcius_Tobias -> vinicius-tobias-86ac3f6a.jpg
Reused Rodrygo -> rodrygo-28b6e73d.jpg
Reused Fabinho_(footballer,_born_1993) -> fabinho-footballer-born-1993-38f37a6c.jpg
Reused Thiago_Silva -> thiago-silva-b6b1c84f.jpg
Reused David_Luiz -> david-luiz-5eff69fa.jpg
Reused Fernandinho_(footballer,_born_1985) -> fernandinho-footballer-born-1985-cfb890e8.jpg
Reused Joshua_Kimmich -> joshua-kimmich-70746abf.jpg
Reused Leon_Goretzka -> leon-goretzka-dcfd10da.jpg
Reused Leroy_San%C3%A9 -> leroy-sane-a9955514.jpg
Reused Serge_Gnabry -> serge-gnabry-5c388739.jpg
Reused Kai_Havertz -> kai-havertz-df875f78.jpg
Reused Timo_Werner -> timo-werner-7c2aa994.jpg
Reused Marco_Reus -> marco-reus-8212ad17.jpg
Reused Mario_G%C3%B6tze -> mario-gotze-e6cb77c2.jpg
Reused Bastian_Schweinsteiger -> bastian-schweinsteiger-4f898f14.jpg
Reused Matthias_Sammer -> matthias-sammer-d05ef06c.jpg
Reused Oliver_Kahn -> oliver-kahn-1b7492af.jpg
Reused Antonio_R%C3%BCdiger -> antonio-rudiger-4882ba37.jpg
Reused Aur%C3%A9lien_Tchouam%C3%A9ni -> aurelien-tchouameni-9ddaa059.jpg
Reused %C3%89der_Milit%C3%A3o -> eder-militao-066ccb0b.png
Reused J%C3%A9r%C3%B4me_Boateng -> jerome-boateng-a1116a6d.jpg
Reused Gabriel_Batistuta -> gabriel-batistuta-c61744d0.jpg
Reused Hern%C3%A1n_Crespo -> hernan-crespo-b469225d.jpg
Reused Juan_Sebasti%C3%A1n_Ver%C3%B3n -> juan-sebastian-veron-a988c6e1.jpg
Reused Walter_Samuel -> walter-samuel-875d9d90.jpg
Reused Javier_Saviola -> javier-saviola-7be3891b.jpg
Reused Mario_Kempes -> mario-kempes-f866948c.jpg
Reused Daniel_Passarella -> daniel-passarella-be300969.jpg
Reused Ossie_Ardiles -> ossie-ardiles-6e4da5d4.jpg
Reused Rivellino -> rivellino-a4b04df2.jpg
Reused S%C3%B3crates -> socrates-6bd1cbf2.jpg
Reused Jairzinho -> jairzinho-9156b2d5.jpg
Reused Tost%C3%A3o -> tostao-741d9714.jpg
Reused Bebeto -> bebeto-9bb8950a.jpg
Reused Gianni_Rivera -> gianni-rivera-3020b48f.jpg
Reused Giuseppe_Meazza -> giuseppe-meazza-28166826.jpg
Reused Paolo_Rossi -> paolo-rossi-ff92c5f9.jpg
Reused Luigi_Riva -> luigi-riva-e9104d4d.jpg
Reused Sandro_Mazzola -> sandro-mazzola-3f3e4767.jpg
Reused Dino_Zoff -> dino-zoff-477d7840.jpg
Reused Gaetano_Scirea -> gaetano-scirea-4e963407.jpg
Reused Franco_Baresi -> franco-baresi-a6b7df4f.jpg
Reused Marco_Tardelli -> marco-tardelli-4a8db508.jpg
Reused Filippo_Inzaghi -> filippo-inzaghi-ceb7e6df.jpg
Reused Alessandro_Del_Piero -> alessandro-del-piero-153b1204.jpg
Reused Eus%C3%A9bio -> eusebio-b4b70950.jpg
Reused Lu%C3%ADs_Figo -> luis-figo-1aa1ad81.jpg
Reused Rui_Costa -> rui-costa-52990748.png
Reused Deco -> deco-cd4ecb10.jpg
Reused Pepe_(footballer,_born_1983) -> pepe-footballer-born-1983-fc196d11.jpg
Reused Ricardo_Carvalho -> ricardo-carvalho-60835860.jpg
Reused Nuno_Gomes -> nuno-gomes-33609ec0.jpg
Reused Fernando_Torres -> fernando-torres-a2b121a7.jpg
Reused David_Silva -> david-silva-9077b928.jpg
Reused Andr%C3%A9s_Guardado -> andres-guardado-d4a71798.jpg
Reused Rafael_M%C3%A1rquez -> rafael-marquez-fdca75b6.jpg
Reused Hugo_S%C3%A1nchez -> hugo-sanchez-7c136258.jpg
Reused Carlos_Valderrama -> carlos-valderrama-89c95480.jpg
Reused Piccolo_(Dragon_Ball) -> piccolo-dragon-ball-a2b850da.png
Reused Trunks_(Dragon_Ball) -> trunks-dragon-ball-ceb36ad4.jpg
Reused Broly -> broly-8a8dc9fd.png
Reused Frieza -> frieza-d966bbb1.jpg
Reused Majin_Buu -> majin-buu-7167d539.png
Reused Krillin -> krillin-a100b970.png
Reused Master_Roshi -> master-roshi-3ead164a.jpg
Reused Hinata_Hyuga -> hinata-hyuga-385e8cd4.jpg
Reused Sakura_Haruno -> sakura-haruno-072265bc.jpg
Reused Itachi_Uchiha -> itachi-uchiha-d4e4fb52.jpg
Reused Jiraiya_(Naruto) -> jiraiya-naruto-be68bc42.jpg
Reused Tsunade -> tsunade-41b8fc2b.jpg
Reused Orochimaru_(Naruto) -> orochimaru-naruto-43e1a6c4.jpg
Reused Boruto_Uzumaki -> boruto-uzumaki-6ce8408c.jpeg
Reused Rukia_Kuchiki -> rukia-kuchiki-60ffe69a.jpg
Reused Byakuya_Kuchiki -> byakuya-kuchiki-beeb6d59.png
Reused Shanks -> shanks-86a6b4c6.jpg
Reused Nico_Robin -> nico-robin-000a25fc.png
Reused Usopp -> usopp-afddd81a.png
Reused Franky_(One_Piece) -> franky-one-piece-9b8643d9.jpg
Reused Brook_(One_Piece) -> brook-one-piece-e50aab19.png
Reused Ochaco_Uraraka -> ochaco-uraraka-e8e0b05c.png
Reused Katsuki_Bakugo -> katsuki-bakugo-c224ef14.png
Reused Misa_Amane -> misa-amane-6369e0c9.jpg
Reused Ryuk_(Death_Note) -> ryuk-death-note-68ed9a92.jpg
Reused Kirito -> kirito-e1f7a65e.png
Reused Asuna_(Sword_Art_Online) -> asuna-sword-art-online-1accff6c.png
Reused Subaru_Natsuki -> subaru-natsuki-ba1f1dda.png
Reused Shinichi_Kudo -> shinichi-kudo-ea35c709.png
Reused Lupin_III -> lupin-iii-b29c9ec9.png
Reused Doraemon -> doraemon-f6505e0a.jpg
Reused Astro_Boy -> astro-boy-cc2880a6.jpg
Reused Speed_Racer -> speed-racer-f85a9b19.png
Reused Totoro -> totoro-6e9c7185.jpg
Reused Porco_Rosso -> porco-rosso-c46f38ba.jpg
Reused Ponyo -> ponyo-e7d1c883.png
Reused Kiki_(Kiki%27s_Delivery_Service) -> kiki-kiki-s-delivery-service-715f01b1.jpg
Reused Android_18 -> android-18-e2765d42.jpg
Reused Android_17 -> android-17-5b50537f.jpg
Reused Videl -> videl-a6583b22.jpg
Reused Chi-Chi_(Dragon_Ball) -> chi-chi-dragon-ball-2093bd14.jpg
Reused Kurama_(Yu_Yu_Hakusho) -> kurama-yu-yu-hakusho-98587e7b.png
Reused Yoh_Asakura -> yoh-asakura-f1c6f9ad.png
Reused Nura:_Rise_of_the_Yokai_Clan -> nura-rise-of-the-yokai-clan-f4643239.png
Reused Allen_Walker -> allen-walker-60b2cf8b.png
Reused Alphonse_Elric -> alphonse-elric-c99cfeb6.jpg
Reused Winry_Rockbell -> winry-rockbell-ca2d6da4.jpg
Reused Scar_(Fullmetal_Alchemist) -> scar-fullmetal-alchemist-0f268ed0.jpg
Reused Nicholas_D._Wolfwood -> nicholas-d-wolfwood-256028c2.jpg
Reused Integra_Hellsing -> integra-hellsing-3fb5f90d.png
Reused Batou -> batou-d3521e6d.png
Reused Mikoto_Misaka -> mikoto-misaka-a5b3a15f.jpg
Reused Haruhi_Suzumiya_(character) -> haruhi-suzumiya-character-4a921f47.jpg
Reused Toradora! -> toradora-7f0bd827.jpg
Reused FLCL -> flcl-114b071e.jpg
Reused Lain_Iwakura -> lain-iwakura-16ac70cd.jpg
Reused Shotaro_Kaneda_(Akira) -> shotaro-kaneda-akira-af67e708.png
Reused Char_Aznable -> char-aznable-15b4b725.png
Reused Amuro_Ray -> amuro-ray-cab38bb6.jpg
Reused Heero_Yuy -> heero-yuy-db957be9.jpg
Reused Setsuna_F._Seiei -> setsuna-f-seiei-24a5647c.jpg
Reused Madoka_Kaname -> madoka-kaname-f2e0dde2.png
Reused Sayaka_Miki -> sayaka-miki-9e738108.png
Reused Kyubey -> kyubey-47474760.png
Reused Makoto_Shinkai -> makoto-shinkai-62a83d2d.jpg
Reused Senku_Ishigami -> senku-ishigami-da955847.jpg
Reused Genos -> genos-68393052.jpg
Reused Kusuo_Saiki -> kusuo-saiki-20653802.png
Reused Eikichi_Onizuka -> eikichi-onizuka-5fb1445f.jpg
Generated 1359 Who Am I images.
