
> triviq@0.0.0 dev
> vite --host 127.0.0.1 --port 4173 --strictPort


  [32m[1mVITE[22m v5.4.21[39m  [2mready in [0m[1m203[22m[2m[0m ms[22m

  [32m➜[39m  [1mLocal[22m:   [36mhttp://127.0.0.1:[1m4173[22m/[39m
[2m1:29:46 AM[22m [36m[1m[vite][22m[39m [32mpage reload [39m[2msrc/App.jsx[22m
[2m1:29:50 AM[22m [36m[1m[vite][22m[39m [32mpage reload [39m[2msrc/App.jsx[22m
[2m1:30:05 AM[22m [36m[1m[vite][22m[39m [32mpage reload [39m[2msrc/App.jsx[22m
[2m1:37:23 AM[22m [36m[1m[vite][22m[39m [32mpage reload [39m[2msrc/App.jsx[22m
[2m1:37:42 AM[22m [36m[1m[vite][22m[39m [32mpage reload [39m[2msrc/App.jsx[22m
[2m1:37:49 AM[22m [36m[1m[vite][22m[39m [32mpage reload [39m[2msrc/App.jsx[22m
[2m1:45:19 AM[22m [36m[1m[vite][22m[39m [32mpage reload [39m[2msrc/App.jsx[22m
[2m1:46:45 AM[22m [36m[1m[vite][22m[39m [32mpage reload [39m[2msrc/App.jsx[22m
[2m1:46:55 AM[22m [36m[1m[vite][22m[39m [32mpage reload [39m[2msrc/App.jsx[22m
[2m1:48:18 AM[22m [36m[1m[vite][22m[39m [32mpage reload [39m[2msrc/App.jsx[22m
[2m1:48:25 AM[22m [36m[1m[vite][22m[39m [32mpage reload [39m[2msrc/App.jsx[22m
[2m1:50:59 AM[22m [36m[1m[vite][22m[39m [32mpage reload [39m[2msrc/App.jsx[22m
[2m1:51:11 AM[22m [36m[1m[vite][22m[39m [32mpage reload [39m[2msrc/App.jsx[22m
[2m1:53:41 AM[22m [36m[1m[vite][22m[39m [32mpage reload [39m[2msrc/App.jsx[22m
[2m2:01:41 AM[22m [36m[1m[vite][22m[39m [32mpage reload [39m[2msrc/App.jsx[22m
[2m3:27:38 AM[22m [36m[1m[vite][22m[39m [32mpage reload [39m[2msrc/App.jsx[22m
[2m3:30:52 AM[22m [36m[1m[vite][22m[39m [32mpage reload [39m[2msrc/App.jsx[22m
[2m3:31:07 AM[22m [36m[1m[vite][22m[39m [32mpage reload [39m[2msrc/App.jsx[22m
[2m3:31:12 AM[22m [36m[1m[vite][22m[39m [32mpage reload [39m[2msrc/App.jsx[22m
[2m3:31:21 AM[22m [36m[1m[vite][22m[39m [32mpage reload [39m[2msrc/App.jsx[22m
[2m3:35:42 AM[22m [36m[1m[vite][22m[39m [32mpage reload [39m[2msrc/App.jsx[22m
[2m3:36:34 AM[22m [36m[1m[vite][22m[39m [32mpage reload [39m[2msrc/App.jsx[22m
[2m3:36:39 AM[22m [36m[1m[vite][22m[39m [32mpage reload [39m[2msrc/App.jsx[22m
[2m3:37:01 AM[22m [36m[1m[vite][22m[39m [32mpage reload [39m[2msrc/App.jsx[22m
[2m3:37:09 AM[22m [36m[1m[vite][22m[39m [32mpage reload [39m[2msrc/App.jsx[22m
[2m3:38:33 AM[22m [36m[1m[vite][22m[39m [32mpage reload [39m[2msrc/App.jsx[22m
[2m3:38:49 AM[22m [36m[1m[vite][22m[39m [32mpage reload [39m[2msrc/App.jsx[22m
[2m3:52:50 AM[22m [36m[1m[vite][22m[39m [32mpage reload [39m[2msrc/App.jsx[22m
[2m3:53:37 AM[22m [36m[1m[vite][22m[39m [32mpage reload [39m[2msrc/App.jsx[22m
[2m3:54:38 AM[22m [36m[1m[vite][22m[39m [32mpage reload [39m[2msrc/App.jsx[22m
[2m3:55:31 AM[22m [36m[1m[vite][22m[39m [32mpage reload [39m[2mscripts/generate-whoami-images.mjs[22m
[2m3:55:48 AM[22m [36m[1m[vite][22m[39m [32mpage reload [39m[2mpublic/whoami/cristiano-ronaldo-922d9da8.jpg[22m
[2m3:55:49 AM[22m [36m[1m[vite][22m[39m [32mpage reload [39m[2mpublic/whoami/lionel-messi-4579e864.jpg[22m
[2m3:55:49 AM[22m [36m[1m[vite][22m[39m [32mpage reload [39m[2mpublic/whoami/kylian-mbappe-cc842006.jpg[22m
[2m3:55:49 AM[22m [36m[1m[vite][22m[39m [32mpage reload [39m[2mpublic/whoami/erling-haaland-bd686495.jpg[22m
[2m3:55:50 AM[22m [36m[1m[vite][22m[39m [32mpage reload [39m[2mpublic/whoami/mohamed-salah-9905971b.jpg[22m
[2m3:56:22 AM[22m [36m[1m[vite][22m[39m [32mpage reload [39m[2mpublic/whoami/cristiano-ronaldo-922d9da8.jpg[22m
[2m3:56:23 AM[22m [36m[1m[vite][22m[39m [32mpage reload [39m[2mpublic/whoami/lionel-messi-4579e864.jpg[22m
[2m3:56:23 AM[22m [36m[1m[vite][22m[39m [32mpage reload [39m[2mpublic/whoami/kylian-mbappe-cc842006.jpg[22m
[2m3:56:24 AM[22m [36m[1m[vite][22m[39m [32mpage reload [39m[2mpublic/whoami/erling-haaland-bd686495.jpg[22m
[2m3:56:27 AM[22m [36m[1m[vite][22m[39m [32mpage reload [39m[2mpublic/whoami/mohamed-salah-9905971b.jpg[22m
[2m3:56:29 AM[22m [36m[1m[vite][22m[39m [32mpage reload [39m[2mpublic/whoami/kevin-de-bruyne-2c60f5db.png[22m
[2m3:56:32 AM[22m [36m[1m[vite][22m[39m [32mpage reload [39m[2mpublic/whoami/neymar-e9cd910e.jpg[22m
[2m3:56:35 AM[22m [36m[1m[vite][22m[39m [32mpage reload [39m[2mpublic/whoami/sadio-mane-8d416f38.jpg[22m
[2m3:56:38 AM[22m [36m[1m[vite][22m[39m [32mpage reload [39m[2mpublic/whoami/zinedine-zidane-e50461b8.jpg[22m
[2m3:56:40 AM[22m [36m[1m[vite][22m[39m [32mpage reload [39m[2mpublic/whoami/ronaldo-brazilian-footballer-765da738.jpg[22m
[2m3:56:43 AM[22m [36m[1m[vite][22m[39m [32mpage reload [39m[2mpublic/whoami/marco-van-basten-30a2aeef.jpg[22m
[2m3:56:44 AM[22m [36m[1m[vite][22m[39m [32mpage reload [39m[2mpublic/whoami/manuel-neuer-7679a102.jpg[22m
[2m3:56:46 AM[22m [36m[1m[vite][22m[39m [32mpage reload [39m[2mpublic/whoami/thierry-henry-2c210a2a.jpg[22m
[2m3:56:49 AM[22m [36m[1m[vite][22m[39m [32mpage reload [39m[2mpublic/whoami/gareth-bale-8a2b2bb5.jpg[22m
[2m3:56:52 AM[22m [36m[1m[vite][22m[39m [32mpage reload [39m[2mpublic/whoami/george-weah-a517f661.jpg[22m
[2m3:56:54 AM[22m [36m[1m[vite][22m[39m [32mpage reload [39m[2mpublic/whoami/zlatan-ibrahimovic-f6f9aa93.jpg[22m
[2m3:56:57 AM[22m [36m[1m[vite][22m[39m [32mpage reload [39m[2mpublic/whoami/sergio-aguero-b4cdde03.jpg[22m
[2m3:57:00 AM[22m [36m[1m[vite][22m[39m [32mpage reload [39m[2mpublic/whoami/bruno-fernandes-81da8d90.jpg[22m
[2m3:57:03 AM[22m [36m[1m[vite][22m[39m [32mpage reload [39m[2mpublic/whoami/david-beckham-2f1d6af1.jpg[22m
[2m3:57:05 AM[22m [36m[1m[vite][22m[39m [32mpage reload [39m[2mpublic/whoami/johan-cruyff-5413fde7.jpg[22m
[2m3:57:08 AM[22m [36m[1m[vite][22m[39m [32mpage reload [39m[2mpublic/whoami/dani-alves-4e5615cf.jpg[22m
[2m3:57:11 AM[22m [36m[1m[vite][22m[39m [32mpage reload [39m[2mpublic/whoami/francesco-totti-a5d1ff22.jpg[22m
[2m3:57:14 AM[22m [36m[1m[vite][22m[39m [32mpage reload [39m[2mpublic/whoami/gerd-muller-68efe120.jpg[22m
[2m3:57:14 AM[22m [36m[1m[vite][22m[39m [32mpage reload [39m[2mpublic/whoami/iker-casillas-0179b6fb.jpg[22m
[2m3:57:17 AM[22m [36m[1m[vite][22m[39m [32mpage reload [39m[2mpublic/whoami/harry-kane-4bc8b241.jpg[22m
[2m3:57:20 AM[22m [36m[1m[vite][22m[39m [32mpage reload [39m[2mpublic/whoami/angel-di-maria-8edf18a9.jpg[22m
[2m3:57:22 AM[22m [36m[1m[vite][22m[39m [32mpage reload [39m[2mpublic/whoami/raphael-varane-a26ebd83.jpg[22m
[2m3:57:23 AM[22m [36m[1m[vite][22m[39m [32mpage reload [39m[2mpublic/whoami/raul-footballer-66e067d9.jpg[22m
[2m3:57:25 AM[22m [36m[1m[vite][22m[39m [32mpage reload [39m[2mpublic/whoami/luka-modric-dd78ede8.jpg[22m
[2m3:57:29 AM[22m [36m[1m[vite][22m[39m [32mpage reload [39m[2mpublic/whoami/diego-maradona-a63520f1.jpg[22m
[2m3:57:32 AM[22m [36m[1m[vite][22m[39m [32mpage reload [39m[2mpublic/whoami/pele-e4e5f4c0.jpg[22m
[2m3:57:34 AM[22m [36m[1m[vite][22m[39m [32mpage reload [39m[2mpublic/whoami/ferenc-puskas-97a9eeba.jpg[22m
[2m3:57:37 AM[22m [36m[1m[vite][22m[39m [32mpage reload [39m[2mpublic/whoami/virgil-van-dijk-9458ae18.jpg[22m
[2m3:57:40 AM[22m [36m[1m[vite][22m[39m [32mpage reload [39m[2mpublic/whoami/didier-drogba-8449c010.jpg[22m
[2m3:57:40 AM[22m [36m[1m[vite][22m[39m [32mpage reload [39m[2mpublic/whoami/ali-daei-473ccc36.jpg[22m
[2m3:57:41 AM[22m [36m[1m[vite][22m[39m [32mpage reload [39m[2mpublic/whoami/alfredo-di-stefano-7032398c.jpg[22m
[2m3:57:43 AM[22m [36m[1m[vite][22m[39m [32mpage reload [39m[2mpublic/whoami/xavi-6a6241f6.jpg[22m
[2m3:57:45 AM[22m [36m[1m[vite][22m[39m [32mpage reload [39m[2mpublic/whoami/walter-white-breaking-bad-f9425159.png[22m
[2m3:57:48 AM[22m [36m[1m[vite][22m[39m [32mpage reload [39m[2mpublic/whoami/michael-scofield-cd88268f.jpeg[22m
[2m3:57:51 AM[22m [36m[1m[vite][22m[39m [32mpage reload [39m[2mpublic/whoami/daenerys-targaryen-38a0ecf3.jpg[22m
[2m3:57:53 AM[22m [36m[1m[vite][22m[39m [32mpage reload [39m[2mpublic/whoami/sheldon-cooper-e10500a1.jpg[22m
[2m3:57:56 AM[22m [36m[1m[vite][22m[39m [32mpage reload [39m[2mpublic/whoami/jake-peralta-beaaba17.png[22m
[2m3:57:59 AM[22m [36m[1m[vite][22m[39m [32mpage reload [39m[2mpublic/whoami/dexter-morgan-6bc67b63.webp[22m
[2m3:58:01 AM[22m [36m[1m[vite][22m[39m [32mpage reload [39m[2mpublic/whoami/monkey-d-luffy-9f9354e3.png[22m
[2m3:58:02 AM[22m [36m[1m[vite][22m[39m [32mpage reload [39m[2mpublic/whoami/ragnar-lothbrok-bbe3f500.jpg[22m
[2m3:58:03 AM[22m [36m[1m[vite][22m[39m [32mpage reload [39m[2mpublic/whoami/mike-ross-86500ddb.jpg[22m
[2m3:58:04 AM[22m [36m[1m[vite][22m[39m [32mpage reload [39m[2mpublic/whoami/homelander-character-b8fa49bc.jpg[22m
[2m3:58:08 AM[22m [36m[1m[vite][22m[39m [32mpage reload [39m[2mpublic/whoami/barry-allen-the-cw-series-19768993.png[22m
[2m3:58:09 AM[22m [36m[1m[vite][22m[39m [32mpage reload [39m[2mpublic/whoami/rick-grimes-87e8bed9.jpg[22m
[2m3:58:11 AM[22m [36m[1m[vite][22m[39m [32mpage reload [39m[2mpublic/whoami/invincible-character-9e57c062.jpg[22m
[2m3:58:14 AM[22m [36m[1m[vite][22m[39m [32mpage reload [39m[2mpublic/whoami/raymond-holt-0367cc47.jpg[22m
[2m3:58:25 AM[22m [36m[1m[vite][22m[39m [32mpage reload [39m[2mpublic/whoami/harvey-specter-c7c60178.jpg[22m
[2m3:58:26 AM[22m [36m[1m[vite][22m[39m [32mpage reload [39m[2mpublic/whoami/negan-the-walking-dead-3413c5c7.jpg[22m
[2m3:58:27 AM[22m [36m[1m[vite][22m[39m [32mpage reload [39m[2mpublic/whoami/skyler-white-fa41a4e4.png[22m
[2m3:58:27 AM[22m [36m[1m[vite][22m[39m [32mpage reload [39m[2mpublic/whoami/night-king-6e95952f.jpg[22m
[2m3:58:38 AM[22m [36m[1m[vite][22m[39m [32mpage reload [39m[2mpublic/whoami/injustice-superman-9c305866.jpg[22m
[2m3:58:40 AM[22m [36m[1m[vite][22m[39m [32mpage reload [39m[2mpublic/whoami/hector-salamanca-763c1457.png[22m
[2m3:58:50 AM[22m [36m[1m[vite][22m[39m [32mpage reload [39m[2mpublic/whoami/eowyn-14f92327.jpg[22m
[2m3:58:51 AM[22m [36m[1m[vite][22m[39m [32mpage reload [39m[2mpublic/whoami/eleven-stranger-things-c843d7fa.png[22m
[2m3:59:02 AM[22m [36m[1m[vite][22m[39m [32mpage reload [39m[2mpublic/whoami/rachel-zane-79cf9424.jpg[22m
[2m3:59:14 AM[22m [36m[1m[vite][22m[39m [32mpage reload [39m[2mpublic/whoami/jaqen-h-ghar-cba51678.png[22m
[2m3:59:15 AM[22m [36m[1m[vite][22m[39m [32mpage reload [39m[2mpublic/whoami/sister-sage-character-9e4f291d.jpg[22m
[2m3:59:27 AM[22m [36m[1m[vite][22m[39m [32mpage reload [39m[2mpublic/whoami/soldier-boy-character-988436b5.jpg[22m
[2m3:59:27 AM[22m [36m[1m[vite][22m[39m [32mpage reload [39m[2mpublic/whoami/alexander-mahone-6e53ec21.jpg[22m
[2m3:59:28 AM[22m [36m[1m[vite][22m[39m [32mpage reload [39m[2mpublic/whoami/raj-koothrappali-5daf5b78.jpg[22m
[2m3:59:39 AM[22m [36m[1m[vite][22m[39m [32mpage reload [39m[2mpublic/whoami/toby-flenderson-e6f98b46.jpg[22m
[2m3:59:40 AM[22m [36m[1m[vite][22m[39m [32mpage reload [39m[2mpublic/whoami/vecna-stranger-things-c66fb232.jpg[22m
[2m3:59:41 AM[22m [36m[1m[vite][22m[39m [32mpage reload [39m[2mpublic/whoami/meruem-2a3e9f55.png[22m
[2m3:59:42 AM[22m [36m[1m[vite][22m[39m [32mpage reload [39m[2mpublic/whoami/im-one-piece-1e844b56.jpg[22m
[2m3:59:42 AM[22m [36m[1m[vite][22m[39m [32mpage reload [39m[2mpublic/whoami/maximino-arciniega-9bb5e6f5.png[22m
[2m3:59:45 AM[22m [36m[1m[vite][22m[39m [32mpage reload [39m[2mpublic/whoami/sung-jin-woo-32bab9fb.jpg[22m
[2m3:59:56 AM[22m [36m[1m[vite][22m[39m [32mpage reload [39m[2mpublic/whoami/cisco-ramon-5bbc14bd.png[22m
[2m4:00:08 AM[22m [36m[1m[vite][22m[39m [32mpage reload [39m[2mpublic/whoami/bill-compton-3fa68018.jpg[22m
[2m4:00:19 AM[22m [36m[1m[vite][22m[39m [32mpage reload [39m[2mpublic/whoami/mindhunter-tv-series-f4a80a52.png[22m
[2m4:00:20 AM[22m [36m[1m[vite][22m[39m [32mpage reload [39m[2mpublic/whoami/vegeta-dragon-ball-16e15e39.jpg[22m
[2m4:00:21 AM[22m [36m[1m[vite][22m[39m [32mpage reload [39m[2mpublic/whoami/jon-snow-character-b50803c7.png[22m
[2m4:00:22 AM[22m [36m[1m[vite][22m[39m [32mpage reload [39m[2mpublic/whoami/saitama-one-punch-man-57f29834.png[22m
[2m4:00:23 AM[22m [36m[1m[vite][22m[39m [32mpage reload [39m[2mpublic/whoami/naruto-uzumaki-1522810d.png[22m
[2m4:00:26 AM[22m [36m[1m[vite][22m[39m [32mpage reload [39m[2mpublic/whoami/light-yagami-39470e13.jpg[22m
[2m4:00:37 AM[22m [36m[1m[vite][22m[39m [32mpage reload [39m[2mpublic/whoami/eren-yeager-66c810f2.png[22m
[2m4:00:38 AM[22m [36m[1m[vite][22m[39m [32mpage reload [39m[2mpublic/whoami/levi-ackerman-95134406.png[22m
[2m4:00:39 AM[22m [36m[1m[vite][22m[39m [32mpage reload [39m[2mpublic/whoami/tanjiro-kamado-bb7db887.png[22m
[2m4:00:39 AM[22m [36m[1m[vite][22m[39m [32mpage reload [39m[2mpublic/whoami/yuji-itadori-410c26c6.png[22m
[2m4:00:40 AM[22m [36m[1m[vite][22m[39m [32mpage reload [39m[2mpublic/whoami/all-might-d0046737.jpg[22m
[2m4:00:43 AM[22m [36m[1m[vite][22m[39m [32mpage reload [39m[2mpublic/whoami/ichigo-kurosaki-13b3ec6b.jpg[22m
[2m4:00:46 AM[22m [36m[1m[vite][22m[39m [32mpage reload [39m[2mpublic/whoami/killua-zoldyck-b87e03f1.png[22m
[2m4:00:49 AM[22m [36m[1m[vite][22m[39m [32mpage reload [39m[2mpublic/whoami/gon-freecss-171c9b52.png[22m
[2m4:00:52 AM[22m [36m[1m[vite][22m[39m [32mpage reload [39m[2mpublic/whoami/roronoa-zoro-fb09bcff.jpg[22m
[2m4:01:29 AM[22m [36m[1m[vite][22m[39m [32mpage reload [39m[2mpublic/whoami/nami-one-piece-1324622b.jpg[22m
[2m4:01:30 AM[22m [36m[1m[vite][22m[39m [32mpage reload [39m[2mpublic/whoami/nagato-naruto-acdecc17.png[22m
[2m4:01:31 AM[22m [36m[1m[vite][22m[39m [32mpage reload [39m[2mpublic/whoami/beerus-56868aa7.png[22m
[2m4:01:31 AM[22m [36m[1m[vite][22m[39m [32mpage reload [39m[2mpublic/whoami/all-for-one-my-hero-academia-8fc2138c.png[22m
[2m4:01:32 AM[22m [36m[1m[vite][22m[39m [32mpage reload [39m[2mpublic/whoami/kyojuro-rengoku-71696bce.png[22m
[2m4:01:35 AM[22m [36m[1m[vite][22m[39m [32mpage reload [39m[2mpublic/whoami/thragg-invincible-81096a65.jpeg[22m
[2m4:01:38 AM[22m [36m[1m[vite][22m[39m [32mpage reload [39m[2mpublic/whoami/rurouni-kenshin-27f835c5.png[22m
[2m4:01:41 AM[22m [36m[1m[vite][22m[39m [32mpage reload [39m[2mpublic/whoami/tengen-toppa-gurren-lagann-48f1963f.jpg[22m
[2m4:01:44 AM[22m [36m[1m[vite][22m[39m [32mpage reload [39m[2mpublic/whoami/ryomen-sukuna-5a6095ff.webp[22m
[2m4:01:46 AM[22m [36m[1m[vite][22m[39m [32mpage reload [39m[2mpublic/whoami/lelouch-vi-britannia-b2d22d6b.png[22m
[2m4:01:49 AM[22m [36m[1m[vite][22m[39m [32mpage reload [39m[2mpublic/whoami/kurama-naruto-68960cda.jpg[22m
[2m4:01:52 AM[22m [36m[1m[vite][22m[39m [32mpage reload [39m[2mpublic/whoami/cell-dragon-ball-f7f5db3f.png[22m
[2m4:01:55 AM[22m [36m[1m[vite][22m[39m [32mpage reload [39m[2mpublic/whoami/marshall-d-teach-9af40b9e.png[22m
[2m4:01:57 AM[22m [36m[1m[vite][22m[39m [32mpage reload [39m[2mpublic/whoami/jonathan-joestar-3860e855.png[22m
[2m4:02:00 AM[22m [36m[1m[vite][22m[39m [32mpage reload [39m[2mpublic/whoami/arceus-6697c17e.png[22m
[2m4:02:03 AM[22m [36m[1m[vite][22m[39m [32mpage reload [39m[2mpublic/whoami/dio-jojo-s-bizarre-adventure-5bd1ff3b.jpg[22m
[2m4:02:05 AM[22m [36m[1m[vite][22m[39m [32mpage reload [39m[2mpublic/whoami/ashborn-solo-leveling-b10b269f.jpg[22m
[2m4:02:08 AM[22m [36m[1m[vite][22m[39m [32mpage reload [39m[2mpublic/whoami/jiren-cad9e4ff.png[22m
[2m4:02:09 AM[22m [36m[1m[vite][22m[39m [32mpage reload [39m[2mpublic/whoami/madara-uchiha-8859a6ca.jpg[22m
[2m4:02:11 AM[22m [36m[1m[vite][22m[39m [32mpage reload [39m[2mpublic/whoami/sosuke-aizen-4e8f002e.jpg[22m
[2m4:02:14 AM[22m [36m[1m[vite][22m[39m [32mpage reload [39m[2mpublic/whoami/griffith-berserk-66aa741c.png[22m
[2m4:02:17 AM[22m [36m[1m[vite][22m[39m [32mpage reload [39m[2mpublic/whoami/ymir-fritz-12bf79cb.jpg[22m
[2m4:02:19 AM[22m [36m[1m[vite][22m[39m [32mpage reload [39m[2mpublic/whoami/kaido-one-piece-fe7384fe.png[22m
[2m4:02:22 AM[22m [36m[1m[vite][22m[39m [32mpage reload [39m[2mpublic/whoami/grand-priest-dragon-ball-4babab09.png[22m
[2m4:02:25 AM[22m [36m[1m[vite][22m[39m [32mpage reload [39m[2mpublic/whoami/iron-man-marvel-cinematic-universe-b1c7fa37.jpg[22m
[2m4:02:28 AM[22m [36m[1m[vite][22m[39m [32mpage reload [39m[2mpublic/whoami/luke-skywalker-2d1d4d4b.jpg[22m
[2m4:02:30 AM[22m [36m[1m[vite][22m[39m [32mpage reload [39m[2mpublic/whoami/ariel-the-little-mermaid-0f3fd129.png[22m
[2m4:02:31 AM[22m [36m[1m[vite][22m[39m [32mpage reload [39m[2mpublic/whoami/frodo-baggins-961be45f.png[22m
[2m4:02:34 AM[22m [36m[1m[vite][22m[39m [32mpage reload [39m[2mpublic/whoami/simba-ce999b85.png[22m
[2m4:02:34 AM[22m [36m[1m[vite][22m[39m [32mpage reload [39m[2mpublic/whoami/legolas-ab0bd411.jpg[22m
[2m4:02:37 AM[22m [36m[1m[vite][22m[39m [32mpage reload [39m[2mpublic/whoami/mary-poppins-character-45e45bea.jpg[22m
[2m4:02:40 AM[22m [36m[1m[vite][22m[39m [32mpage reload [39m[2mpublic/whoami/shrek-character-538409f9.png[22m
[2m4:02:40 AM[22m [36m[1m[vite][22m[39m [32mpage reload [39m[2mpublic/whoami/loki-marvel-cinematic-universe-edf0e6f1.jpg[22m
[2m4:02:43 AM[22m [36m[1m[vite][22m[39m [32mpage reload [39m[2mpublic/whoami/james-bond-3edc7b87.jpg[22m
[2m4:02:45 AM[22m [36m[1m[vite][22m[39m [32mpage reload [39m[2mpublic/whoami/woody-toy-story-f844064a.jpg[22m
[2m4:02:48 AM[22m [36m[1m[vite][22m[39m [32mpage reload [39m[2mpublic/whoami/moana-disney-a6cd63fc.png[22m
[2m4:02:51 AM[22m [36m[1m[vite][22m[39m [32mpage reload [39m[2mpublic/whoami/wall-e-character-f0e029b4.png[22m
[2m4:02:54 AM[22m [36m[1m[vite][22m[39m [32mpage reload [39m[2mpublic/whoami/goku-fd6be039.png[22m
[2m4:02:56 AM[22m [36m[1m[vite][22m[39m [32mpage reload [39m[2mpublic/whoami/thanos-07a26269.png[22m
[2m4:02:59 AM[22m [36m[1m[vite][22m[39m [32mpage reload [39m[2mpublic/whoami/terminator-character-07090414.jpg[22m
[2m4:03:02 AM[22m [36m[1m[vite][22m[39m [32mpage reload [39m[2mpublic/whoami/inception-film-54a369fc.jpg[22m
[2m4:03:04 AM[22m [36m[1m[vite][22m[39m [32mpage reload [39m[2mpublic/whoami/john-wick-character-755fd66c.jpeg[22m
[2m4:03:07 AM[22m [36m[1m[vite][22m[39m [32mpage reload [39m[2mpublic/whoami/apocalypse-now-bc02d095.jpg[22m
[2m4:03:10 AM[22m [36m[1m[vite][22m[39m [32mpage reload [39m[2mpublic/whoami/obadiah-stane-2a0eeb29.png[22m
[2m4:03:12 AM[22m [36m[1m[vite][22m[39m [32mpage reload [39m[2mpublic/whoami/hannibal-lecter-a2432c17.jpg[22m
[2m4:03:15 AM[22m [36m[1m[vite][22m[39m [32mpage reload [39m[2mpublic/whoami/annie-wilkes-6f09c4e7.jpg[22m
[2m4:03:16 AM[22m [36m[1m[vite][22m[39m [32mpage reload [39m[2mpublic/whoami/achilles-85dae579.jpg[22m
[2m4:03:18 AM[22m [36m[1m[vite][22m[39m [32mpage reload [39m[2mpublic/whoami/magneto-marvel-comics-93d605db.jpg[22m
[2m4:03:21 AM[22m [36m[1m[vite][22m[39m [32mpage reload [39m[2mpublic/whoami/anton-chigurh-e62eadaa.jpg[22m
[2m4:03:22 AM[22m [36m[1m[vite][22m[39m [32mpage reload [39m[2mpublic/whoami/dracula-character-dd74f868.jpg[22m
[2m4:03:24 AM[22m [36m[1m[vite][22m[39m [32mpage reload [39m[2mpublic/whoami/terminator-2-judgment-day-ba8a8ede.png[22m
[2m4:03:25 AM[22m [36m[1m[vite][22m[39m [32mpage reload [39m[2mpublic/whoami/john-hammond-jurassic-park-b45b167e.webp[22m
[2m4:03:28 AM[22m [36m[1m[vite][22m[39m [32mpage reload [39m[2mpublic/whoami/joker-2019-film-7e27b124.jpg[22m
[2m4:03:30 AM[22m [36m[1m[vite][22m[39m [32mpage reload [39m[2mpublic/whoami/sauron-c7168cf4.jpg[22m
[2m4:03:33 AM[22m [36m[1m[vite][22m[39m [32mpage reload [39m[2mpublic/whoami/maximus-gladiator-1efeb095.png[22m
[2m4:03:36 AM[22m [36m[1m[vite][22m[39m [32mpage reload [39m[2mpublic/whoami/a-beautiful-mind-film-b200b214.jpg[22m
[2m4:03:39 AM[22m [36m[1m[vite][22m[39m [32mpage reload [39m[2mpublic/whoami/pennywise-character-9940f579.png[22m
[2m4:03:41 AM[22m [36m[1m[vite][22m[39m [32mpage reload [39m[2mpublic/whoami/citizen-kane-be6d69fa.jpg[22m
[2m4:03:42 AM[22m [36m[1m[vite][22m[39m [32mpage reload [39m[2mpublic/whoami/jack-sparrow-9f29a835.jpg[22m
[2m4:03:44 AM[22m [36m[1m[vite][22m[39m [32mpage reload [39m[2mpublic/whoami/lord-voldemort-c979841d.jpg[22m
[2m4:03:47 AM[22m [36m[1m[vite][22m[39m [32mpage reload [39m[2mpublic/whoami/captain-america-5ef97f50.png[22m
[2m4:03:48 AM[22m [36m[1m[vite][22m[39m [32mpage reload [39m[2mpublic/whoami/leonidas-i-8187981c.jpg[22m
[2m4:03:50 AM[22m [36m[1m[vite][22m[39m [32mpage reload [39m[2mpublic/whoami/han-solo-2b971bca.jpg[22m
[2m4:03:50 AM[22m [36m[1m[vite][22m[39m [32mpage reload [39m[2msrc/whoamiImageManifest.js[22m
[2m4:04:26 AM[22m [36m[1m[vite][22m[39m [32mpage reload [39m[2msrc/App.jsx[22m
[2m4:27:17 AM[22m [36m[1m[vite][22m[39m [32mpage reload [39m[2msrc/App.jsx[22m
[2m4:40:59 AM[22m [36m[1m[vite][22m[39m [32mpage reload [39m[2msrc/whoamiImageManifest.js[22m
[2m4:46:44 AM[22m [36m[1m[vite][22m[39m [32mpage reload [39m[2msrc/App.jsx[22m
[2m4:47:18 AM[22m [36m[1m[vite][22m[39m [32mpage reload [39m[2msrc/whoamiImageManifest.js[22m
[2m5:14:15 AM[22m [36m[1m[vite][22m[39m [32mpage reload [39m[2msrc/App.jsx[22m
[2m5:14:44 AM[22m [36m[1m[vite][22m[39m [32mpage reload [39m[2msrc/App.jsx[22m
[2m5:25:16 AM[22m [36m[1m[vite][22m[39m [32mpage reload [39m[2msrc/App.jsx[22m
[2m5:34:44 AM[22m [36m[1m[vite][22m[39m [32mpage reload [39m[2msrc/whoamiImageManifest.js[22m
[2m5:36:41 AM[22m [36m[1m[vite][22m[39m [32mpage reload [39m[2msrc/App.jsx[22m
[2m5:36:52 AM[22m [36m[1m[vite][22m[39m [32mpage reload [39m[2msrc/whoamiImageManifest.js[22m
[2m6:31:48 AM[22m [36m[1m[vite][22m[39m [32mpage reload [39m[2msrc/App.jsx[22m
[2m6:32:42 AM[22m [36m[1m[vite][22m[39m [32mpage reload [39m[2msrc/App.jsx[22m
[2m6:34:52 AM[22m [36m[1m[vite][22m[39m [32mpage reload [39m[2msrc/whoamiImageManifest.js[22m
[2m6:36:12 AM[22m [36m[1m[vite][22m[39m [32mpage reload [39m[2msrc/triviaExpansions.js[22m
[2m6:36:20 AM[22m [36m[1m[vite][22m[39m [32mpage reload [39m[2msrc/triviaExpansions.js[22m
[2m6:36:29 AM[22m [36m[1m[vite][22m[39m [32mpage reload [39m[2msrc/whoamiImageManifest.js[22m
[2m6:37:42 AM[22m [36m[1m[vite][22m[39m [32mpage reload [39m[2msrc/triviaExpansions.js[22m
[2m6:38:09 AM[22m [36m[1m[vite][22m[39m [32mpage reload [39m[2msrc/App.jsx[22m
